<html>
<head>
<title>TestNG:  Login with company email/pass account OnePlus 7T</title>
<link href="../testng.css" rel="stylesheet" type="text/css" />
<link href="../my-testng.css" rel="stylesheet" type="text/css" />

<style type="text/css">
.log { display: none;} 
.stack-trace { display: none;} 
</style>
<script type="text/javascript">
<!--
function flip(e) {
  current = e.style.display;
  if (current == 'block') {
    e.style.display = 'none';
    return 0;
  }
  else {
    e.style.display = 'block';
    return 1;
  }
}

function toggleBox(szDivId, elem, msg1, msg2)
{
  var res = -1;  if (document.getElementById) {
    res = flip(document.getElementById(szDivId));
  }
  else if (document.all) {
    // this is the way old msie versions work
    res = flip(document.all[szDivId]);
  }
  if(elem) {
    if(res == 0) elem.innerHTML = msg1; else elem.innerHTML = msg2;
  }

}

function toggleAllBoxes() {
  if (document.getElementsByTagName) {
    d = document.getElementsByTagName('div');
    for (i = 0; i < d.length; i++) {
      if (d[i].className == 'log') {
        flip(d[i]);
      }
    }
  }
}

// -->
</script>

</head>
<body>
<h2 align='center'>Login with company email/pass account OnePlus 7T</h2><table border='1' align="center">
<tr>
<td>Tests passed/Failed/Skipped:</td><td>1/2/0</td>
</tr><tr>
<td>Started on:</td><td>Sat Apr 25 01:57:14 EEST 2020</td>
</tr>
<tr><td>Total time:</td><td>69 seconds (69895 ms)</td>
</tr><tr>
<td>Included groups:</td><td></td>
</tr><tr>
<td>Excluded groups:</td><td></td>
</tr>
</table><p/>
<small><i>(Hover the method name to see the test class name)</i></small><p/>
<table width='100%' border='1' class='invocation-failed'>
<tr><td colspan='4' align='center'><b>FAILED TESTS</b></td></tr>
<tr><td><b>Test method</b></td>
<td width="30%"><b>Exception</b></td>
<td width="10%"><b>Time (seconds)</b></td>
<td><b>Instance</b></td>
</tr>
<tr>
<td title='testcases.login.android.LoginCompanyEmailPassAndroid.loginwithEmployerAccount()'><b>loginwithEmployerAccount</b><br>Test class: testcases.login.android.LoginCompanyEmailPassAndroid</td>
<td><div><pre>org.openqa.selenium.NoSuchElementException: An element could not be located on the page using the given search parameters. (WARNING: The server did not provide any stacktrace information)
Command duration or timeout: 0 milliseconds
For documentation on this error, please visit: https://www.seleniumhq.org/exceptions/no_such_element.html
Build info: version: &apos;3.141.59&apos;, revision: &apos;e82be7d358&apos;, time: &apos;2018-11-14T08:17:03&apos;
System info: host: &apos;DEJANB&apos;, ip: &apos;10.21.25.10&apos;, os.name: &apos;Windows 10&apos;, os.arch: &apos;amd64&apos;, os.version: &apos;10.0&apos;, java.version: &apos;13.0.2&apos;
Driver info: io.appium.java_client.android.AndroidDriver
Capabilities {64bit: false, acceptSslCert: false, acceptSslCerts: false, appActivity: crc64c7fff72d92944489.Forms..., appPackage: org.ak_tech.opentemp, appium_port: 38084, autoGrantPermissions: true, automationName: UiAutomator2, browserstack.appiumLogs: true, browserstack.appiumVersion: 1.15.0, browserstack.appium_version: 1.15.0, browserstack.debug: false, browserstack.deviceLogs: true, browserstack.ie.noFlash: false, browserstack.minOSVersion: 5.0, browserstack.tunnelIdentifier: , browserstack.video: true, browserstack.video.disableWaterMark: false, buildName: 5.4.6 QAOnePlus 7T, bundleID: org.ak_tech.opentemp, chromeOptions: {w3c: false}, customFullReset: true, databaseEnabled: false, detected_language: selenium/3.141.59 (java win..., device: oneplus 7t, deviceApiLevel: 29, deviceManufacturer: OnePlus, deviceModel: HD1903, deviceName: ef58ef46, deviceScreenDensity: 420, deviceScreenSize: 1080x2400, deviceUDID: ef58ef46, enablePerformanceLogging: false, javascriptEnabled: true, locationContextEnabled: false, mobile: {browser: mobile, version: OnePlus 7T-10.0}, nativeWebScreenshot: true, networkConnectionEnabled: true, newCommandTimeout: 100, new_bucketing: true, noReset: true, noSign: true, orientation: PORTRAIT, orig_os: android, os_version: 10.0, pixelRatio: 2.625, platform: ANDROID, platformName: Android, platformVersion: 10, projectName: OpenTemp Project, proxy_type: node, realMobile: true, sessionName: Login with Company email/pa..., setWebContentsDebuggingEnabled: true, statBarHeight: 80, systemPort: 8204, takesScreenshot: true, udid: ef58ef46, version: , viewportRect: {height: 2126, left: 0, top: 80, width: 1080}, warnings: {}, webStorageEnabled: false}
Session ID: 75627bb33dd4fd050d481d9b2e12a3baf1585cf3
*** Element info: {Using=xpath, value=//android.widget.TextView[@text=&apos;Dental&apos;]}
	at org.openqa.selenium.remote.ErrorHandler.createThrowable(ErrorHandler.java:214)
	at org.openqa.selenium.remote.ErrorHandler.throwIfResponseFailed(ErrorHandler.java:166)
	at org.openqa.selenium.remote.http.JsonHttpResponseCodec.reconstructValue(JsonHttpResponseCodec.java:40)
	at org.openqa.selenium.remote.http.AbstractHttpResponseCodec.decode(AbstractHttpResponseCodec.java:80)
	at org.openqa.selenium.remote.http.AbstractHttpResponseCodec.decode(AbstractHttpResponseCodec.java:44)
	at org.openqa.selenium.remote.HttpCommandExecutor.execute(HttpCommandExecutor.java:158)
	at io.appium.java_client.remote.AppiumCommandExecutor.execute(AppiumCommandExecutor.java:239)
	at org.openqa.selenium.remote.RemoteWebDriver.execute(RemoteWebDriver.java:552)
	at io.appium.java_client.DefaultGenericMobileDriver.execute(DefaultGenericMobileDriver.java:41)
	at io.appium.java_client.AppiumDriver.execute(AppiumDriver.java:1)
	at io.appium.java_client.android.AndroidDriver.execute(AndroidDriver.java:1)
	at org.openqa.selenium.remote.RemoteWebDriver.findElement(RemoteWebDriver.java:323)
	at io.appium.java_client.DefaultGenericMobileDriver.findElement(DefaultGenericMobileDriver.java:61)
	at io.appium.java_client.AppiumDriver.findElement(AppiumDriver.java:1)
	at io.appium.java_client.android.AndroidDriver.findElement(AndroidDriver.java:1)
	at org.openqa.selenium.remote.RemoteWebDriver.findElementByXPath(RemoteWebDriver.java:428)
	at io.appium.java_client.DefaultGenericMobileDriver.findElementByXPath(DefaultGenericMobileDriver.java:151)
	at io.appium.java_client.AppiumDriver.findElementByXPath(AppiumDriver.java:1)
	at io.appium.java_client.android.AndroidDriver.findElementByXPath(AndroidDriver.java:1)
	at org.openqa.selenium.By$ByXPath.findElement(By.java:353)
	at org.openqa.selenium.remote.RemoteWebDriver.findElement(RemoteWebDriver.java:315)
	at io.appium.java_client.DefaultGenericMobileDriver.findElement(DefaultGenericMobileDriver.java:57)
	at io.appium.java_client.AppiumDriver.findElement(AppiumDriver.java:1)
	at io.appium.java_client.android.AndroidDriver.findElement(AndroidDriver.java:1)
	at pageobjects.HomeScreenPO.chooseDental(HomeScreenPO.java:29)
	at pageobjects.HomeScreenPO.tapOnGetStartedButton(HomeScreenPO.java:25)
	at testcases.login.android.LoginCompanyEmailPassAndroid.loginwithEmployerAccount(LoginCompanyEmailPassAndroid.java:29)
	at java.base/java.util.ArrayList.forEach(ArrayList.java:1507)
	at com.intellij.rt.testng.IDEARemoteTestNG.run(IDEARemoteTestNG.java:66)
	at com.intellij.rt.testng.RemoteTestNGStarter.main(RemoteTestNGStarter.java:110)
... Removed 29 stack frames</pre></div><a href='#' onClick='toggleBox("stack-trace2021279001", this, "Click to show all stack frames", "Click to hide stack frames")'>Click to show all stack frames</a>
<div class='stack-trace' id='stack-trace2021279001'><pre>org.openqa.selenium.NoSuchElementException: An element could not be located on the page using the given search parameters. (WARNING: The server did not provide any stacktrace information)
Command duration or timeout: 0 milliseconds
For documentation on this error, please visit: https://www.seleniumhq.org/exceptions/no_such_element.html
Build info: version: &apos;3.141.59&apos;, revision: &apos;e82be7d358&apos;, time: &apos;2018-11-14T08:17:03&apos;
System info: host: &apos;DEJANB&apos;, ip: &apos;10.21.25.10&apos;, os.name: &apos;Windows 10&apos;, os.arch: &apos;amd64&apos;, os.version: &apos;10.0&apos;, java.version: &apos;13.0.2&apos;
Driver info: io.appium.java_client.android.AndroidDriver
Capabilities {64bit: false, acceptSslCert: false, acceptSslCerts: false, appActivity: crc64c7fff72d92944489.Forms..., appPackage: org.ak_tech.opentemp, appium_port: 38084, autoGrantPermissions: true, automationName: UiAutomator2, browserstack.appiumLogs: true, browserstack.appiumVersion: 1.15.0, browserstack.appium_version: 1.15.0, browserstack.debug: false, browserstack.deviceLogs: true, browserstack.ie.noFlash: false, browserstack.minOSVersion: 5.0, browserstack.tunnelIdentifier: , browserstack.video: true, browserstack.video.disableWaterMark: false, buildName: 5.4.6 QAOnePlus 7T, bundleID: org.ak_tech.opentemp, chromeOptions: {w3c: false}, customFullReset: true, databaseEnabled: false, detected_language: selenium/3.141.59 (java win..., device: oneplus 7t, deviceApiLevel: 29, deviceManufacturer: OnePlus, deviceModel: HD1903, deviceName: ef58ef46, deviceScreenDensity: 420, deviceScreenSize: 1080x2400, deviceUDID: ef58ef46, enablePerformanceLogging: false, javascriptEnabled: true, locationContextEnabled: false, mobile: {browser: mobile, version: OnePlus 7T-10.0}, nativeWebScreenshot: true, networkConnectionEnabled: true, newCommandTimeout: 100, new_bucketing: true, noReset: true, noSign: true, orientation: PORTRAIT, orig_os: android, os_version: 10.0, pixelRatio: 2.625, platform: ANDROID, platformName: Android, platformVersion: 10, projectName: OpenTemp Project, proxy_type: node, realMobile: true, sessionName: Login with Company email/pa..., setWebContentsDebuggingEnabled: true, statBarHeight: 80, systemPort: 8204, takesScreenshot: true, udid: ef58ef46, version: , viewportRect: {height: 2126, left: 0, top: 80, width: 1080}, warnings: {}, webStorageEnabled: false}
Session ID: 75627bb33dd4fd050d481d9b2e12a3baf1585cf3
*** Element info: {Using=xpath, value=//android.widget.TextView[@text=&apos;Dental&apos;]}
	at java.base/jdk.internal.reflect.NativeConstructorAccessorImpl.newInstance0(Native Method)
	at java.base/jdk.internal.reflect.NativeConstructorAccessorImpl.newInstance(NativeConstructorAccessorImpl.java:62)
	at java.base/jdk.internal.reflect.DelegatingConstructorAccessorImpl.newInstance(DelegatingConstructorAccessorImpl.java:45)
	at java.base/java.lang.reflect.Constructor.newInstanceWithCaller(Constructor.java:500)
	at java.base/java.lang.reflect.Constructor.newInstance(Constructor.java:481)
	at org.openqa.selenium.remote.ErrorHandler.createThrowable(ErrorHandler.java:214)
	at org.openqa.selenium.remote.ErrorHandler.throwIfResponseFailed(ErrorHandler.java:166)
	at org.openqa.selenium.remote.http.JsonHttpResponseCodec.reconstructValue(JsonHttpResponseCodec.java:40)
	at org.openqa.selenium.remote.http.AbstractHttpResponseCodec.decode(AbstractHttpResponseCodec.java:80)
	at org.openqa.selenium.remote.http.AbstractHttpResponseCodec.decode(AbstractHttpResponseCodec.java:44)
	at org.openqa.selenium.remote.HttpCommandExecutor.execute(HttpCommandExecutor.java:158)
	at io.appium.java_client.remote.AppiumCommandExecutor.execute(AppiumCommandExecutor.java:239)
	at org.openqa.selenium.remote.RemoteWebDriver.execute(RemoteWebDriver.java:552)
	at io.appium.java_client.DefaultGenericMobileDriver.execute(DefaultGenericMobileDriver.java:41)
	at io.appium.java_client.AppiumDriver.execute(AppiumDriver.java:1)
	at io.appium.java_client.android.AndroidDriver.execute(AndroidDriver.java:1)
	at org.openqa.selenium.remote.RemoteWebDriver.findElement(RemoteWebDriver.java:323)
	at io.appium.java_client.DefaultGenericMobileDriver.findElement(DefaultGenericMobileDriver.java:61)
	at io.appium.java_client.AppiumDriver.findElement(AppiumDriver.java:1)
	at io.appium.java_client.android.AndroidDriver.findElement(AndroidDriver.java:1)
	at org.openqa.selenium.remote.RemoteWebDriver.findElementByXPath(RemoteWebDriver.java:428)
	at io.appium.java_client.DefaultGenericMobileDriver.findElementByXPath(DefaultGenericMobileDriver.java:151)
	at io.appium.java_client.AppiumDriver.findElementByXPath(AppiumDriver.java:1)
	at io.appium.java_client.android.AndroidDriver.findElementByXPath(AndroidDriver.java:1)
	at org.openqa.selenium.By$ByXPath.findElement(By.java:353)
	at org.openqa.selenium.remote.RemoteWebDriver.findElement(RemoteWebDriver.java:315)
	at io.appium.java_client.DefaultGenericMobileDriver.findElement(DefaultGenericMobileDriver.java:57)
	at io.appium.java_client.AppiumDriver.findElement(AppiumDriver.java:1)
	at io.appium.java_client.android.AndroidDriver.findElement(AndroidDriver.java:1)
	at pageobjects.HomeScreenPO.chooseDental(HomeScreenPO.java:29)
	at pageobjects.HomeScreenPO.tapOnGetStartedButton(HomeScreenPO.java:25)
	at testcases.login.android.LoginCompanyEmailPassAndroid.loginwithEmployerAccount(LoginCompanyEmailPassAndroid.java:29)
	at java.base/jdk.internal.reflect.NativeMethodAccessorImpl.invoke0(Native Method)
	at java.base/jdk.internal.reflect.NativeMethodAccessorImpl.invoke(NativeMethodAccessorImpl.java:62)
	at java.base/jdk.internal.reflect.DelegatingMethodAccessorImpl.invoke(DelegatingMethodAccessorImpl.java:43)
	at java.base/java.lang.reflect.Method.invoke(Method.java:567)
	at org.testng.internal.MethodInvocationHelper.invokeMethod(MethodInvocationHelper.java:134)
	at org.testng.internal.TestInvoker.invokeMethod(TestInvoker.java:597)
	at org.testng.internal.TestInvoker.invokeTestMethod(TestInvoker.java:173)
	at org.testng.internal.MethodRunner.runInSequence(MethodRunner.java:46)
	at org.testng.internal.TestInvoker$MethodInvocationAgent.invoke(TestInvoker.java:816)
	at org.testng.internal.TestInvoker.invokeTestMethods(TestInvoker.java:146)
	at org.testng.internal.TestMethodWorker.invokeTestMethods(TestMethodWorker.java:146)
	at org.testng.internal.TestMethodWorker.run(TestMethodWorker.java:128)
	at java.base/java.util.ArrayList.forEach(ArrayList.java:1507)
	at org.testng.TestRunner.privateRun(TestRunner.java:766)
	at org.testng.TestRunner.run(TestRunner.java:587)
	at org.testng.SuiteRunner.runTest(SuiteRunner.java:384)
	at org.testng.SuiteRunner.runSequentially(SuiteRunner.java:378)
	at org.testng.SuiteRunner.privateRun(SuiteRunner.java:337)
	at org.testng.SuiteRunner.run(SuiteRunner.java:286)
	at org.testng.SuiteRunnerWorker.runSuite(SuiteRunnerWorker.java:53)
	at org.testng.SuiteRunnerWorker.run(SuiteRunnerWorker.java:96)
	at org.testng.TestNG.runSuitesSequentially(TestNG.java:1187)
	at org.testng.TestNG.runSuitesLocally(TestNG.java:1109)
	at org.testng.TestNG.runSuites(TestNG.java:1039)
	at org.testng.TestNG.run(TestNG.java:1007)
	at com.intellij.rt.testng.IDEARemoteTestNG.run(IDEARemoteTestNG.java:66)
	at com.intellij.rt.testng.RemoteTestNGStarter.main(RemoteTestNGStarter.java:110)
</pre></div></td>
<td>31</td>
<td>testcases.login.android.LoginCompanyEmailPassAndroid@193f604a</td></tr>
<tr>
<td title='testcases.login.android.LoginWithGoogleAccountAndroid.loginwithGoogleAccount()'><b>loginwithGoogleAccount</b><br>Test class: testcases.login.android.LoginWithGoogleAccountAndroid</td>
<td><div><pre>io.appium.java_client.NoSuchContextException: Appium error: An unknown server-side error occurred while processing the command. Original error: An unknown server-side error occurred while processing the command. Original error: unknown error: Failed to get sockets matching: @weblayer_devtools_remote_.*17363
  (make sure the app has its WebView/WebLayer configured for debugging)
  (Driver info: chromedriver=80.0.3987.106 (f68069574609230cf9b635cd784cfb1bf81bb53a-refs/branch-heads/3987@{#882}),platform=Linux 3.19.8-100.fc20.x86_64 x86_64) (WARNING: The server did not provide any stacktrace information)
Command duration or timeout: 0 milliseconds
Build info: version: &apos;3.141.59&apos;, revision: &apos;e82be7d358&apos;, time: &apos;2018-11-14T08:17:03&apos;
System info: host: &apos;DEJANB&apos;, ip: &apos;10.21.25.10&apos;, os.name: &apos;Windows 10&apos;, os.arch: &apos;amd64&apos;, os.version: &apos;10.0&apos;, java.version: &apos;13.0.2&apos;
Driver info: io.appium.java_client.android.AndroidDriver
Capabilities {64bit: false, acceptSslCert: false, acceptSslCerts: false, appActivity: crc64c7fff72d92944489.Forms..., appPackage: org.ak_tech.opentemp, appium_port: 38085, autoGrantPermissions: true, automationName: UiAutomator2, browserstack.appiumLogs: true, browserstack.appiumVersion: 1.15.0, browserstack.appium_version: 1.15.0, browserstack.debug: false, browserstack.deviceLogs: true, browserstack.ie.noFlash: false, browserstack.minOSVersion: 5.0, browserstack.tunnelIdentifier: , browserstack.video: true, browserstack.video.disableWaterMark: false, buildName: 5.4.6 QASamsung Galaxy S20 ..., bundleID: org.ak_tech.opentemp, chromeOptions: {w3c: false}, customFullReset: true, databaseEnabled: false, detected_language: selenium/3.141.59 (java win..., device: samsung galaxy s20 plus, deviceApiLevel: 29, deviceManufacturer: samsung, deviceModel: SM-G986B, deviceName: RFCN20SA6DF, deviceScreenDensity: 450, deviceScreenSize: 1080x2400, deviceUDID: RFCN20SA6DF, enablePerformanceLogging: false, javascriptEnabled: true, locationContextEnabled: false, mobile: {browser: mobile, version: Samsung Galaxy S20 Plus-10.0}, nativeWebScreenshot: true, networkConnectionEnabled: true, newCommandTimeout: 100, new_bucketing: true, noReset: true, noSign: true, orientation: PORTRAIT, orig_os: android, os_version: 10.0, pixelRatio: 2.8125, platform: ANDROID, platformName: Android, platformVersion: 10, projectName: OpenTemp Project, proxy_type: node, realMobile: true, sessionName: Login with Google account o..., setWebContentsDebuggingEnabled: true, statBarHeight: 72, systemPort: 8205, takesScreenshot: true, udid: RFCN20SA6DF, version: , viewportRect: {height: 2120, left: 0, top: 72, width: 1080}, warnings: {}, webStorageEnabled: false}
Session ID: 94a7378523c50b96abaf6113cdce9eea7a25a80c
	at io.appium.java_client.AppiumDriver.context(AppiumDriver.java:231)
	at pageobjects.LoginScreenPO.loginWithGoogleAccount(LoginScreenPO.java:252)
	at testcases.login.android.LoginWithGoogleAccountAndroid.loginwithGoogleAccount(LoginWithGoogleAccountAndroid.java:42)
	at java.base/java.util.ArrayList.forEach(ArrayList.java:1507)
	at com.intellij.rt.testng.IDEARemoteTestNG.run(IDEARemoteTestNG.java:66)
	at com.intellij.rt.testng.RemoteTestNGStarter.main(RemoteTestNGStarter.java:110)
Caused by: org.openqa.selenium.WebDriverException: Appium error: An unknown server-side error occurred while processing the command. Original error: An unknown server-side error occurred while processing the command. Original error: unknown error: Failed to get sockets matching: @weblayer_devtools_remote_.*17363
  (make sure the app has its WebView/WebLayer configured for debugging)
  (Driver info: chromedriver=80.0.3987.106 (f68069574609230cf9b635cd784cfb1bf81bb53a-refs/branch-heads/3987@{#882}),platform=Linux 3.19.8-100.fc20.x86_64 x86_64) (WARNING: The server did not provide any stacktrace information)
Command duration or timeout: 0 milliseconds
Build info: version: &apos;3.141.59&apos;, revision: &apos;e82be7d358&apos;, time: &apos;2018-11-14T08:17:03&apos;
System info: host: &apos;DEJANB&apos;, ip: &apos;10.21.25.10&apos;, os.name: &apos;Windows 10&apos;, os.arch: &apos;amd64&apos;, os.version: &apos;10.0&apos;, java.version: &apos;13.0.2&apos;
Driver info: io.appium.java_client.android.AndroidDriver
Capabilities {64bit: false, acceptSslCert: false, acceptSslCerts: false, appActivity: crc64c7fff72d92944489.Forms..., appPackage: org.ak_tech.opentemp, appium_port: 38085, autoGrantPermissions: true, automationName: UiAutomator2, browserstack.appiumLogs: true, browserstack.appiumVersion: 1.15.0, browserstack.appium_version: 1.15.0, browserstack.debug: false, browserstack.deviceLogs: true, browserstack.ie.noFlash: false, browserstack.minOSVersion: 5.0, browserstack.tunnelIdentifier: , browserstack.video: true, browserstack.video.disableWaterMark: false, buildName: 5.4.6 QASamsung Galaxy S20 ..., bundleID: org.ak_tech.opentemp, chromeOptions: {w3c: false}, customFullReset: true, databaseEnabled: false, detected_language: selenium/3.141.59 (java win..., device: samsung galaxy s20 plus, deviceApiLevel: 29, deviceManufacturer: samsung, deviceModel: SM-G986B, deviceName: RFCN20SA6DF, deviceScreenDensity: 450, deviceScreenSize: 1080x2400, deviceUDID: RFCN20SA6DF, enablePerformanceLogging: false, javascriptEnabled: true, locationContextEnabled: false, mobile: {browser: mobile, version: Samsung Galaxy S20 Plus-10.0}, nativeWebScreenshot: true, networkConnectionEnabled: true, newCommandTimeout: 100, new_bucketing: true, noReset: true, noSign: true, orientation: PORTRAIT, orig_os: android, os_version: 10.0, pixelRatio: 2.8125, platform: ANDROID, platformName: Android, platformVersion: 10, projectName: OpenTemp Project, proxy_type: node, realMobile: true, sessionName: Login with Google account o..., setWebContentsDebuggingEnabled: true, statBarHeight: 72, systemPort: 8205, takesScreenshot: true, udid: RFCN20SA6DF, version: , viewportRect: {height: 2120, left: 0, top: 72, width: 1080}, warnings: {}, webStorageEnabled: false}
Session ID: 94a7378523c50b96abaf6113cdce9eea7a25a80c
	at org.openqa.selenium.remote.ErrorHandler.createThrowable(ErrorHandler.java:214)
	at org.openqa.selenium.remote.ErrorHandler.throwIfResponseFailed(ErrorHandler.java:166)
	at org.openqa.selenium.remote.http.JsonHttpResponseCodec.reconstructValue(JsonHttpResponseCodec.java:40)
	at org.openqa.selenium.remote.http.AbstractHttpResponseCodec.decode(AbstractHttpResponseCodec.java:80)
	at org.openqa.selenium.remote.http.AbstractHttpResponseCodec.decode(AbstractHttpResponseCodec.java:44)
	at org.openqa.selenium.remote.HttpCommandExecutor.execute(HttpCommandExecutor.java:158)
	at io.appium.java_client.remote.AppiumCommandExecutor.execute(AppiumCommandExecutor.java:239)
	at org.openqa.selenium.remote.RemoteWebDriver.execute(RemoteWebDriver.java:552)
	at io.appium.java_client.DefaultGenericMobileDriver.execute(DefaultGenericMobileDriver.java:41)
	at io.appium.java_client.AppiumDriver.execute(AppiumDriver.java:1)
	at io.appium.java_client.android.AndroidDriver.execute(AndroidDriver.java:1)
	at io.appium.java_client.AppiumDriver.context(AppiumDriver.java:228)
	... 29 more
... Removed 29 stack frames</pre></div><a href='#' onClick='toggleBox("stack-trace1750404486", this, "Click to show all stack frames", "Click to hide stack frames")'>Click to show all stack frames</a>
<div class='stack-trace' id='stack-trace1750404486'><pre>io.appium.java_client.NoSuchContextException: Appium error: An unknown server-side error occurred while processing the command. Original error: An unknown server-side error occurred while processing the command. Original error: unknown error: Failed to get sockets matching: @weblayer_devtools_remote_.*17363
  (make sure the app has its WebView/WebLayer configured for debugging)
  (Driver info: chromedriver=80.0.3987.106 (f68069574609230cf9b635cd784cfb1bf81bb53a-refs/branch-heads/3987@{#882}),platform=Linux 3.19.8-100.fc20.x86_64 x86_64) (WARNING: The server did not provide any stacktrace information)
Command duration or timeout: 0 milliseconds
Build info: version: &apos;3.141.59&apos;, revision: &apos;e82be7d358&apos;, time: &apos;2018-11-14T08:17:03&apos;
System info: host: &apos;DEJANB&apos;, ip: &apos;10.21.25.10&apos;, os.name: &apos;Windows 10&apos;, os.arch: &apos;amd64&apos;, os.version: &apos;10.0&apos;, java.version: &apos;13.0.2&apos;
Driver info: io.appium.java_client.android.AndroidDriver
Capabilities {64bit: false, acceptSslCert: false, acceptSslCerts: false, appActivity: crc64c7fff72d92944489.Forms..., appPackage: org.ak_tech.opentemp, appium_port: 38085, autoGrantPermissions: true, automationName: UiAutomator2, browserstack.appiumLogs: true, browserstack.appiumVersion: 1.15.0, browserstack.appium_version: 1.15.0, browserstack.debug: false, browserstack.deviceLogs: true, browserstack.ie.noFlash: false, browserstack.minOSVersion: 5.0, browserstack.tunnelIdentifier: , browserstack.video: true, browserstack.video.disableWaterMark: false, buildName: 5.4.6 QASamsung Galaxy S20 ..., bundleID: org.ak_tech.opentemp, chromeOptions: {w3c: false}, customFullReset: true, databaseEnabled: false, detected_language: selenium/3.141.59 (java win..., device: samsung galaxy s20 plus, deviceApiLevel: 29, deviceManufacturer: samsung, deviceModel: SM-G986B, deviceName: RFCN20SA6DF, deviceScreenDensity: 450, deviceScreenSize: 1080x2400, deviceUDID: RFCN20SA6DF, enablePerformanceLogging: false, javascriptEnabled: true, locationContextEnabled: false, mobile: {browser: mobile, version: Samsung Galaxy S20 Plus-10.0}, nativeWebScreenshot: true, networkConnectionEnabled: true, newCommandTimeout: 100, new_bucketing: true, noReset: true, noSign: true, orientation: PORTRAIT, orig_os: android, os_version: 10.0, pixelRatio: 2.8125, platform: ANDROID, platformName: Android, platformVersion: 10, projectName: OpenTemp Project, proxy_type: node, realMobile: true, sessionName: Login with Google account o..., setWebContentsDebuggingEnabled: true, statBarHeight: 72, systemPort: 8205, takesScreenshot: true, udid: RFCN20SA6DF, version: , viewportRect: {height: 2120, left: 0, top: 72, width: 1080}, warnings: {}, webStorageEnabled: false}
Session ID: 94a7378523c50b96abaf6113cdce9eea7a25a80c
	at io.appium.java_client.AppiumDriver.context(AppiumDriver.java:231)
	at pageobjects.LoginScreenPO.loginWithGoogleAccount(LoginScreenPO.java:252)
	at testcases.login.android.LoginWithGoogleAccountAndroid.loginwithGoogleAccount(LoginWithGoogleAccountAndroid.java:42)
	at java.base/jdk.internal.reflect.NativeMethodAccessorImpl.invoke0(Native Method)
	at java.base/jdk.internal.reflect.NativeMethodAccessorImpl.invoke(NativeMethodAccessorImpl.java:62)
	at java.base/jdk.internal.reflect.DelegatingMethodAccessorImpl.invoke(DelegatingMethodAccessorImpl.java:43)
	at java.base/java.lang.reflect.Method.invoke(Method.java:567)
	at org.testng.internal.MethodInvocationHelper.invokeMethod(MethodInvocationHelper.java:134)
	at org.testng.internal.TestInvoker.invokeMethod(TestInvoker.java:597)
	at org.testng.internal.TestInvoker.invokeTestMethod(TestInvoker.java:173)
	at org.testng.internal.MethodRunner.runInSequence(MethodRunner.java:46)
	at org.testng.internal.TestInvoker$MethodInvocationAgent.invoke(TestInvoker.java:816)
	at org.testng.internal.TestInvoker.invokeTestMethods(TestInvoker.java:146)
	at org.testng.internal.TestMethodWorker.invokeTestMethods(TestMethodWorker.java:146)
	at org.testng.internal.TestMethodWorker.run(TestMethodWorker.java:128)
	at java.base/java.util.ArrayList.forEach(ArrayList.java:1507)
	at org.testng.TestRunner.privateRun(TestRunner.java:766)
	at org.testng.TestRunner.run(TestRunner.java:587)
	at org.testng.SuiteRunner.runTest(SuiteRunner.java:384)
	at org.testng.SuiteRunner.runSequentially(SuiteRunner.java:378)
	at org.testng.SuiteRunner.privateRun(SuiteRunner.java:337)
	at org.testng.SuiteRunner.run(SuiteRunner.java:286)
	at org.testng.SuiteRunnerWorker.runSuite(SuiteRunnerWorker.java:53)
	at org.testng.SuiteRunnerWorker.run(SuiteRunnerWorker.java:96)
	at org.testng.TestNG.runSuitesSequentially(TestNG.java:1187)
	at org.testng.TestNG.runSuitesLocally(TestNG.java:1109)
	at org.testng.TestNG.runSuites(TestNG.java:1039)
	at org.testng.TestNG.run(TestNG.java:1007)
	at com.intellij.rt.testng.IDEARemoteTestNG.run(IDEARemoteTestNG.java:66)
	at com.intellij.rt.testng.RemoteTestNGStarter.main(RemoteTestNGStarter.java:110)
Caused by: org.openqa.selenium.WebDriverException: Appium error: An unknown server-side error occurred while processing the command. Original error: An unknown server-side error occurred while processing the command. Original error: unknown error: Failed to get sockets matching: @weblayer_devtools_remote_.*17363
  (make sure the app has its WebView/WebLayer configured for debugging)
  (Driver info: chromedriver=80.0.3987.106 (f68069574609230cf9b635cd784cfb1bf81bb53a-refs/branch-heads/3987@{#882}),platform=Linux 3.19.8-100.fc20.x86_64 x86_64) (WARNING: The server did not provide any stacktrace information)
Command duration or timeout: 0 milliseconds
Build info: version: &apos;3.141.59&apos;, revision: &apos;e82be7d358&apos;, time: &apos;2018-11-14T08:17:03&apos;
System info: host: &apos;DEJANB&apos;, ip: &apos;10.21.25.10&apos;, os.name: &apos;Windows 10&apos;, os.arch: &apos;amd64&apos;, os.version: &apos;10.0&apos;, java.version: &apos;13.0.2&apos;
Driver info: io.appium.java_client.android.AndroidDriver
Capabilities {64bit: false, acceptSslCert: false, acceptSslCerts: false, appActivity: crc64c7fff72d92944489.Forms..., appPackage: org.ak_tech.opentemp, appium_port: 38085, autoGrantPermissions: true, automationName: UiAutomator2, browserstack.appiumLogs: true, browserstack.appiumVersion: 1.15.0, browserstack.appium_version: 1.15.0, browserstack.debug: false, browserstack.deviceLogs: true, browserstack.ie.noFlash: false, browserstack.minOSVersion: 5.0, browserstack.tunnelIdentifier: , browserstack.video: true, browserstack.video.disableWaterMark: false, buildName: 5.4.6 QASamsung Galaxy S20 ..., bundleID: org.ak_tech.opentemp, chromeOptions: {w3c: false}, customFullReset: true, databaseEnabled: false, detected_language: selenium/3.141.59 (java win..., device: samsung galaxy s20 plus, deviceApiLevel: 29, deviceManufacturer: samsung, deviceModel: SM-G986B, deviceName: RFCN20SA6DF, deviceScreenDensity: 450, deviceScreenSize: 1080x2400, deviceUDID: RFCN20SA6DF, enablePerformanceLogging: false, javascriptEnabled: true, locationContextEnabled: false, mobile: {browser: mobile, version: Samsung Galaxy S20 Plus-10.0}, nativeWebScreenshot: true, networkConnectionEnabled: true, newCommandTimeout: 100, new_bucketing: true, noReset: true, noSign: true, orientation: PORTRAIT, orig_os: android, os_version: 10.0, pixelRatio: 2.8125, platform: ANDROID, platformName: Android, platformVersion: 10, projectName: OpenTemp Project, proxy_type: node, realMobile: true, sessionName: Login with Google account o..., setWebContentsDebuggingEnabled: true, statBarHeight: 72, systemPort: 8205, takesScreenshot: true, udid: RFCN20SA6DF, version: , viewportRect: {height: 2120, left: 0, top: 72, width: 1080}, warnings: {}, webStorageEnabled: false}
Session ID: 94a7378523c50b96abaf6113cdce9eea7a25a80c
	at java.base/jdk.internal.reflect.NativeConstructorAccessorImpl.newInstance0(Native Method)
	at java.base/jdk.internal.reflect.NativeConstructorAccessorImpl.newInstance(NativeConstructorAccessorImpl.java:62)
	at java.base/jdk.internal.reflect.DelegatingConstructorAccessorImpl.newInstance(DelegatingConstructorAccessorImpl.java:45)
	at java.base/java.lang.reflect.Constructor.newInstanceWithCaller(Constructor.java:500)
	at java.base/java.lang.reflect.Constructor.newInstance(Constructor.java:481)
	at org.openqa.selenium.remote.ErrorHandler.createThrowable(ErrorHandler.java:214)
	at org.openqa.selenium.remote.ErrorHandler.throwIfResponseFailed(ErrorHandler.java:166)
	at org.openqa.selenium.remote.http.JsonHttpResponseCodec.reconstructValue(JsonHttpResponseCodec.java:40)
	at org.openqa.selenium.remote.http.AbstractHttpResponseCodec.decode(AbstractHttpResponseCodec.java:80)
	at org.openqa.selenium.remote.http.AbstractHttpResponseCodec.decode(AbstractHttpResponseCodec.java:44)
	at org.openqa.selenium.remote.HttpCommandExecutor.execute(HttpCommandExecutor.java:158)
	at io.appium.java_client.remote.AppiumCommandExecutor.execute(AppiumCommandExecutor.java:239)
	at org.openqa.selenium.remote.RemoteWebDriver.execute(RemoteWebDriver.java:552)
	at io.appium.java_client.DefaultGenericMobileDriver.execute(DefaultGenericMobileDriver.java:41)
	at io.appium.java_client.AppiumDriver.execute(AppiumDriver.java:1)
	at io.appium.java_client.android.AndroidDriver.execute(AndroidDriver.java:1)
	at io.appium.java_client.AppiumDriver.context(AppiumDriver.java:228)
	... 29 more
</pre></div></td>
<td>11</td>
<td>testcases.login.android.LoginWithGoogleAccountAndroid@1a4013</td></tr>
<tr>
<td title='testcases.login.android.LoginWithGoogleAccountAndroid.openGoogleOAuth()'><b>openGoogleOAuth</b><br>Test class: testcases.login.android.LoginWithGoogleAccountAndroid</td>
<td><div><pre>org.openqa.selenium.NoSuchElementException: An element could not be located on the page using the given search parameters. (WARNING: The server did not provide any stacktrace information)
Command duration or timeout: 0 milliseconds
For documentation on this error, please visit: https://www.seleniumhq.org/exceptions/no_such_element.html
Build info: version: &apos;3.141.59&apos;, revision: &apos;e82be7d358&apos;, time: &apos;2018-11-14T08:17:03&apos;
System info: host: &apos;DEJANB&apos;, ip: &apos;10.21.25.10&apos;, os.name: &apos;Windows 10&apos;, os.arch: &apos;amd64&apos;, os.version: &apos;10.0&apos;, java.version: &apos;13.0.2&apos;
Driver info: io.appium.java_client.android.AndroidDriver
Capabilities {64bit: false, acceptSslCert: false, acceptSslCerts: false, appActivity: crc64c7fff72d92944489.Forms..., appPackage: org.ak_tech.opentemp, appium_port: 38085, autoGrantPermissions: true, automationName: UiAutomator2, browserstack.appiumLogs: true, browserstack.appiumVersion: 1.15.0, browserstack.appium_version: 1.15.0, browserstack.debug: false, browserstack.deviceLogs: true, browserstack.ie.noFlash: false, browserstack.minOSVersion: 5.0, browserstack.tunnelIdentifier: , browserstack.video: true, browserstack.video.disableWaterMark: false, buildName: 5.4.6 QASamsung Galaxy S20 ..., bundleID: org.ak_tech.opentemp, chromeOptions: {w3c: false}, customFullReset: true, databaseEnabled: false, detected_language: selenium/3.141.59 (java win..., device: samsung galaxy s20 plus, deviceApiLevel: 29, deviceManufacturer: samsung, deviceModel: SM-G986B, deviceName: RFCN20SA6DF, deviceScreenDensity: 450, deviceScreenSize: 1080x2400, deviceUDID: RFCN20SA6DF, enablePerformanceLogging: false, javascriptEnabled: true, locationContextEnabled: false, mobile: {browser: mobile, version: Samsung Galaxy S20 Plus-10.0}, nativeWebScreenshot: true, networkConnectionEnabled: true, newCommandTimeout: 100, new_bucketing: true, noReset: true, noSign: true, orientation: PORTRAIT, orig_os: android, os_version: 10.0, pixelRatio: 2.8125, platform: ANDROID, platformName: Android, platformVersion: 10, projectName: OpenTemp Project, proxy_type: node, realMobile: true, sessionName: Login with Google account o..., setWebContentsDebuggingEnabled: true, statBarHeight: 72, systemPort: 8205, takesScreenshot: true, udid: RFCN20SA6DF, version: , viewportRect: {height: 2120, left: 0, top: 72, width: 1080}, warnings: {}, webStorageEnabled: false}
Session ID: 94a7378523c50b96abaf6113cdce9eea7a25a80c
*** Element info: {Using=xpath, value=//android.widget.TextView[@text=&apos;Chrome&apos;]}
	at org.openqa.selenium.remote.ErrorHandler.createThrowable(ErrorHandler.java:214)
	at org.openqa.selenium.remote.ErrorHandler.throwIfResponseFailed(ErrorHandler.java:166)
	at org.openqa.selenium.remote.http.JsonHttpResponseCodec.reconstructValue(JsonHttpResponseCodec.java:40)
	at org.openqa.selenium.remote.http.AbstractHttpResponseCodec.decode(AbstractHttpResponseCodec.java:80)
	at org.openqa.selenium.remote.http.AbstractHttpResponseCodec.decode(AbstractHttpResponseCodec.java:44)
	at org.openqa.selenium.remote.HttpCommandExecutor.execute(HttpCommandExecutor.java:158)
	at io.appium.java_client.remote.AppiumCommandExecutor.execute(AppiumCommandExecutor.java:239)
	at org.openqa.selenium.remote.RemoteWebDriver.execute(RemoteWebDriver.java:552)
	at io.appium.java_client.DefaultGenericMobileDriver.execute(DefaultGenericMobileDriver.java:41)
	at io.appium.java_client.AppiumDriver.execute(AppiumDriver.java:1)
	at io.appium.java_client.android.AndroidDriver.execute(AndroidDriver.java:1)
	at org.openqa.selenium.remote.RemoteWebDriver.findElement(RemoteWebDriver.java:323)
	at io.appium.java_client.DefaultGenericMobileDriver.findElement(DefaultGenericMobileDriver.java:61)
	at io.appium.java_client.AppiumDriver.findElement(AppiumDriver.java:1)
	at io.appium.java_client.android.AndroidDriver.findElement(AndroidDriver.java:1)
	at org.openqa.selenium.remote.RemoteWebDriver.findElementByXPath(RemoteWebDriver.java:428)
	at io.appium.java_client.DefaultGenericMobileDriver.findElementByXPath(DefaultGenericMobileDriver.java:151)
	at io.appium.java_client.AppiumDriver.findElementByXPath(AppiumDriver.java:1)
	at io.appium.java_client.android.AndroidDriver.findElementByXPath(AndroidDriver.java:1)
	at org.openqa.selenium.By$ByXPath.findElement(By.java:353)
	at org.openqa.selenium.remote.RemoteWebDriver.findElement(RemoteWebDriver.java:315)
	at io.appium.java_client.DefaultGenericMobileDriver.findElement(DefaultGenericMobileDriver.java:57)
	at io.appium.java_client.AppiumDriver.findElement(AppiumDriver.java:1)
	at io.appium.java_client.android.AndroidDriver.findElement(AndroidDriver.java:1)
	at pageobjects.LoginScreenPO.openGoogleAuth(LoginScreenPO.java:241)
	at testcases.login.android.LoginWithGoogleAccountAndroid.openGoogleOAuth(LoginWithGoogleAccountAndroid.java:37)
	at java.base/java.util.ArrayList.forEach(ArrayList.java:1507)
	at com.intellij.rt.testng.IDEARemoteTestNG.run(IDEARemoteTestNG.java:66)
	at com.intellij.rt.testng.RemoteTestNGStarter.main(RemoteTestNGStarter.java:110)
... Removed 29 stack frames</pre></div><a href='#' onClick='toggleBox("stack-trace1648430623", this, "Click to show all stack frames", "Click to hide stack frames")'>Click to show all stack frames</a>
<div class='stack-trace' id='stack-trace1648430623'><pre>org.openqa.selenium.NoSuchElementException: An element could not be located on the page using the given search parameters. (WARNING: The server did not provide any stacktrace information)
Command duration or timeout: 0 milliseconds
For documentation on this error, please visit: https://www.seleniumhq.org/exceptions/no_such_element.html
Build info: version: &apos;3.141.59&apos;, revision: &apos;e82be7d358&apos;, time: &apos;2018-11-14T08:17:03&apos;
System info: host: &apos;DEJANB&apos;, ip: &apos;10.21.25.10&apos;, os.name: &apos;Windows 10&apos;, os.arch: &apos;amd64&apos;, os.version: &apos;10.0&apos;, java.version: &apos;13.0.2&apos;
Driver info: io.appium.java_client.android.AndroidDriver
Capabilities {64bit: false, acceptSslCert: false, acceptSslCerts: false, appActivity: crc64c7fff72d92944489.Forms..., appPackage: org.ak_tech.opentemp, appium_port: 38085, autoGrantPermissions: true, automationName: UiAutomator2, browserstack.appiumLogs: true, browserstack.appiumVersion: 1.15.0, browserstack.appium_version: 1.15.0, browserstack.debug: false, browserstack.deviceLogs: true, browserstack.ie.noFlash: false, browserstack.minOSVersion: 5.0, browserstack.tunnelIdentifier: , browserstack.video: true, browserstack.video.disableWaterMark: false, buildName: 5.4.6 QASamsung Galaxy S20 ..., bundleID: org.ak_tech.opentemp, chromeOptions: {w3c: false}, customFullReset: true, databaseEnabled: false, detected_language: selenium/3.141.59 (java win..., device: samsung galaxy s20 plus, deviceApiLevel: 29, deviceManufacturer: samsung, deviceModel: SM-G986B, deviceName: RFCN20SA6DF, deviceScreenDensity: 450, deviceScreenSize: 1080x2400, deviceUDID: RFCN20SA6DF, enablePerformanceLogging: false, javascriptEnabled: true, locationContextEnabled: false, mobile: {browser: mobile, version: Samsung Galaxy S20 Plus-10.0}, nativeWebScreenshot: true, networkConnectionEnabled: true, newCommandTimeout: 100, new_bucketing: true, noReset: true, noSign: true, orientation: PORTRAIT, orig_os: android, os_version: 10.0, pixelRatio: 2.8125, platform: ANDROID, platformName: Android, platformVersion: 10, projectName: OpenTemp Project, proxy_type: node, realMobile: true, sessionName: Login with Google account o..., setWebContentsDebuggingEnabled: true, statBarHeight: 72, systemPort: 8205, takesScreenshot: true, udid: RFCN20SA6DF, version: , viewportRect: {height: 2120, left: 0, top: 72, width: 1080}, warnings: {}, webStorageEnabled: false}
Session ID: 94a7378523c50b96abaf6113cdce9eea7a25a80c
*** Element info: {Using=xpath, value=//android.widget.TextView[@text=&apos;Chrome&apos;]}
	at java.base/jdk.internal.reflect.NativeConstructorAccessorImpl.newInstance0(Native Method)
	at java.base/jdk.internal.reflect.NativeConstructorAccessorImpl.newInstance(NativeConstructorAccessorImpl.java:62)
	at java.base/jdk.internal.reflect.DelegatingConstructorAccessorImpl.newInstance(DelegatingConstructorAccessorImpl.java:45)
	at java.base/java.lang.reflect.Constructor.newInstanceWithCaller(Constructor.java:500)
	at java.base/java.lang.reflect.Constructor.newInstance(Constructor.java:481)
	at org.openqa.selenium.remote.ErrorHandler.createThrowable(ErrorHandler.java:214)
	at org.openqa.selenium.remote.ErrorHandler.throwIfResponseFailed(ErrorHandler.java:166)
	at org.openqa.selenium.remote.http.JsonHttpResponseCodec.reconstructValue(JsonHttpResponseCodec.java:40)
	at org.openqa.selenium.remote.http.AbstractHttpResponseCodec.decode(AbstractHttpResponseCodec.java:80)
	at org.openqa.selenium.remote.http.AbstractHttpResponseCodec.decode(AbstractHttpResponseCodec.java:44)
	at org.openqa.selenium.remote.HttpCommandExecutor.execute(HttpCommandExecutor.java:158)
	at io.appium.java_client.remote.AppiumCommandExecutor.execute(AppiumCommandExecutor.java:239)
	at org.openqa.selenium.remote.RemoteWebDriver.execute(RemoteWebDriver.java:552)
	at io.appium.java_client.DefaultGenericMobileDriver.execute(DefaultGenericMobileDriver.java:41)
	at io.appium.java_client.AppiumDriver.execute(AppiumDriver.java:1)
	at io.appium.java_client.android.AndroidDriver.execute(AndroidDriver.java:1)
	at org.openqa.selenium.remote.RemoteWebDriver.findElement(RemoteWebDriver.java:323)
	at io.appium.java_client.DefaultGenericMobileDriver.findElement(DefaultGenericMobileDriver.java:61)
	at io.appium.java_client.AppiumDriver.findElement(AppiumDriver.java:1)
	at io.appium.java_client.android.AndroidDriver.findElement(AndroidDriver.java:1)
	at org.openqa.selenium.remote.RemoteWebDriver.findElementByXPath(RemoteWebDriver.java:428)
	at io.appium.java_client.DefaultGenericMobileDriver.findElementByXPath(DefaultGenericMobileDriver.java:151)
	at io.appium.java_client.AppiumDriver.findElementByXPath(AppiumDriver.java:1)
	at io.appium.java_client.android.AndroidDriver.findElementByXPath(AndroidDriver.java:1)
	at org.openqa.selenium.By$ByXPath.findElement(By.java:353)
	at org.openqa.selenium.remote.RemoteWebDriver.findElement(RemoteWebDriver.java:315)
	at io.appium.java_client.DefaultGenericMobileDriver.findElement(DefaultGenericMobileDriver.java:57)
	at io.appium.java_client.AppiumDriver.findElement(AppiumDriver.java:1)
	at io.appium.java_client.android.AndroidDriver.findElement(AndroidDriver.java:1)
	at pageobjects.LoginScreenPO.openGoogleAuth(LoginScreenPO.java:241)
	at testcases.login.android.LoginWithGoogleAccountAndroid.openGoogleOAuth(LoginWithGoogleAccountAndroid.java:37)
	at java.base/jdk.internal.reflect.NativeMethodAccessorImpl.invoke0(Native Method)
	at java.base/jdk.internal.reflect.NativeMethodAccessorImpl.invoke(NativeMethodAccessorImpl.java:62)
	at java.base/jdk.internal.reflect.DelegatingMethodAccessorImpl.invoke(DelegatingMethodAccessorImpl.java:43)
	at java.base/java.lang.reflect.Method.invoke(Method.java:567)
	at org.testng.internal.MethodInvocationHelper.invokeMethod(MethodInvocationHelper.java:134)
	at org.testng.internal.TestInvoker.invokeMethod(TestInvoker.java:597)
	at org.testng.internal.TestInvoker.invokeTestMethod(TestInvoker.java:173)
	at org.testng.internal.MethodRunner.runInSequence(MethodRunner.java:46)
	at org.testng.internal.TestInvoker$MethodInvocationAgent.invoke(TestInvoker.java:816)
	at org.testng.internal.TestInvoker.invokeTestMethods(TestInvoker.java:146)
	at org.testng.internal.TestMethodWorker.invokeTestMethods(TestMethodWorker.java:146)
	at org.testng.internal.TestMethodWorker.run(TestMethodWorker.java:128)
	at java.base/java.util.ArrayList.forEach(ArrayList.java:1507)
	at org.testng.TestRunner.privateRun(TestRunner.java:766)
	at org.testng.TestRunner.run(TestRunner.java:587)
	at org.testng.SuiteRunner.runTest(SuiteRunner.java:384)
	at org.testng.SuiteRunner.runSequentially(SuiteRunner.java:378)
	at org.testng.SuiteRunner.privateRun(SuiteRunner.java:337)
	at org.testng.SuiteRunner.run(SuiteRunner.java:286)
	at org.testng.SuiteRunnerWorker.runSuite(SuiteRunnerWorker.java:53)
	at org.testng.SuiteRunnerWorker.run(SuiteRunnerWorker.java:96)
	at org.testng.TestNG.runSuitesSequentially(TestNG.java:1187)
	at org.testng.TestNG.runSuitesLocally(TestNG.java:1109)
	at org.testng.TestNG.runSuites(TestNG.java:1039)
	at org.testng.TestNG.run(TestNG.java:1007)
	at com.intellij.rt.testng.IDEARemoteTestNG.run(IDEARemoteTestNG.java:66)
	at com.intellij.rt.testng.RemoteTestNGStarter.main(RemoteTestNGStarter.java:110)
</pre></div></td>
<td>21</td>
<td>testcases.login.android.LoginWithGoogleAccountAndroid@1a4013</td></tr>
<tr>
<td title='testcases.login.android.LoginEmployeeEmailPassAndroid.verifyEmployeeLoggedIn()'><b>verifyEmployeeLoggedIn</b><br>Test class: testcases.login.android.LoginEmployeeEmailPassAndroid</td>
<td><div><pre>java.lang.IndexOutOfBoundsException: Index 0 out of bounds for length 0
	at java.base/jdk.internal.util.Preconditions.outOfBounds(Preconditions.java:64)
	at java.base/jdk.internal.util.Preconditions.outOfBoundsCheckIndex(Preconditions.java:70)
	at java.base/jdk.internal.util.Preconditions.checkIndex(Preconditions.java:248)
	at java.base/java.util.Objects.checkIndex(Objects.java:373)
	at java.base/java.util.ArrayList.get(ArrayList.java:425)
	at pageobjects.LoginScreenPO.openProfilePage(LoginScreenPO.java:20)
	at testcases.login.android.LoginEmployeeEmailPassAndroid.verifyEmployeeLoggedIn(LoginEmployeeEmailPassAndroid.java:38)
	at java.base/java.util.ArrayList.forEach(ArrayList.java:1507)
	at com.intellij.rt.testng.IDEARemoteTestNG.run(IDEARemoteTestNG.java:66)
	at com.intellij.rt.testng.RemoteTestNGStarter.main(RemoteTestNGStarter.java:110)
... Removed 24 stack frames</pre></div><a href='#' onClick='toggleBox("stack-trace757779849", this, "Click to show all stack frames", "Click to hide stack frames")'>Click to show all stack frames</a>
<div class='stack-trace' id='stack-trace757779849'><pre>java.lang.IndexOutOfBoundsException: Index 0 out of bounds for length 0
	at java.base/jdk.internal.util.Preconditions.outOfBounds(Preconditions.java:64)
	at java.base/jdk.internal.util.Preconditions.outOfBoundsCheckIndex(Preconditions.java:70)
	at java.base/jdk.internal.util.Preconditions.checkIndex(Preconditions.java:248)
	at java.base/java.util.Objects.checkIndex(Objects.java:373)
	at java.base/java.util.ArrayList.get(ArrayList.java:425)
	at pageobjects.LoginScreenPO.openProfilePage(LoginScreenPO.java:20)
	at testcases.login.android.LoginEmployeeEmailPassAndroid.verifyEmployeeLoggedIn(LoginEmployeeEmailPassAndroid.java:38)
	at java.base/jdk.internal.reflect.NativeMethodAccessorImpl.invoke0(Native Method)
	at java.base/jdk.internal.reflect.NativeMethodAccessorImpl.invoke(NativeMethodAccessorImpl.java:62)
	at java.base/jdk.internal.reflect.DelegatingMethodAccessorImpl.invoke(DelegatingMethodAccessorImpl.java:43)
	at java.base/java.lang.reflect.Method.invoke(Method.java:567)
	at org.testng.internal.MethodInvocationHelper.invokeMethod(MethodInvocationHelper.java:134)
	at org.testng.internal.TestInvoker.invokeMethod(TestInvoker.java:597)
	at org.testng.internal.TestInvoker.invokeTestMethod(TestInvoker.java:173)
	at org.testng.internal.MethodRunner.runInSequence(MethodRunner.java:46)
	at org.testng.internal.TestInvoker$MethodInvocationAgent.invoke(TestInvoker.java:816)
	at org.testng.internal.TestInvoker.invokeTestMethods(TestInvoker.java:146)
	at org.testng.internal.TestMethodWorker.invokeTestMethods(TestMethodWorker.java:146)
	at org.testng.internal.TestMethodWorker.run(TestMethodWorker.java:128)
	at java.base/java.util.ArrayList.forEach(ArrayList.java:1507)
	at org.testng.TestRunner.privateRun(TestRunner.java:766)
	at org.testng.TestRunner.run(TestRunner.java:587)
	at org.testng.SuiteRunner.runTest(SuiteRunner.java:384)
	at org.testng.SuiteRunner.runSequentially(SuiteRunner.java:378)
	at org.testng.SuiteRunner.privateRun(SuiteRunner.java:337)
	at org.testng.SuiteRunner.run(SuiteRunner.java:286)
	at org.testng.SuiteRunnerWorker.runSuite(SuiteRunnerWorker.java:53)
	at org.testng.SuiteRunnerWorker.run(SuiteRunnerWorker.java:96)
	at org.testng.TestNG.runSuitesSequentially(TestNG.java:1187)
	at org.testng.TestNG.runSuitesLocally(TestNG.java:1109)
	at org.testng.TestNG.runSuites(TestNG.java:1039)
	at org.testng.TestNG.run(TestNG.java:1007)
	at com.intellij.rt.testng.IDEARemoteTestNG.run(IDEARemoteTestNG.java:66)
	at com.intellij.rt.testng.RemoteTestNGStarter.main(RemoteTestNGStarter.java:110)
</pre></div></td>
<td>2</td>
<td>testcases.login.android.LoginEmployeeEmailPassAndroid@69fb6037</td></tr>
<tr>
<td title='testcases.login.android.LoginEmployeeEmailPassAndroid.verifyEmployeeLoggedIn()'><b>verifyEmployeeLoggedIn</b><br>Test class: testcases.login.android.LoginEmployeeEmailPassAndroid</td>
<td><div><pre>java.lang.IndexOutOfBoundsException: Index 0 out of bounds for length 0
	at java.base/jdk.internal.util.Preconditions.outOfBounds(Preconditions.java:64)
	at java.base/jdk.internal.util.Preconditions.outOfBoundsCheckIndex(Preconditions.java:70)
	at java.base/jdk.internal.util.Preconditions.checkIndex(Preconditions.java:248)
	at java.base/java.util.Objects.checkIndex(Objects.java:373)
	at java.base/java.util.ArrayList.get(ArrayList.java:425)
	at pageobjects.LoginScreenPO.openProfilePage(LoginScreenPO.java:20)
	at testcases.login.android.LoginEmployeeEmailPassAndroid.verifyEmployeeLoggedIn(LoginEmployeeEmailPassAndroid.java:38)
	at java.base/java.util.ArrayList.forEach(ArrayList.java:1507)
	at com.intellij.rt.testng.IDEARemoteTestNG.run(IDEARemoteTestNG.java:66)
	at com.intellij.rt.testng.RemoteTestNGStarter.main(RemoteTestNGStarter.java:110)
... Removed 24 stack frames</pre></div><a href='#' onClick='toggleBox("stack-trace890160784", this, "Click to show all stack frames", "Click to hide stack frames")'>Click to show all stack frames</a>
<div class='stack-trace' id='stack-trace890160784'><pre>java.lang.IndexOutOfBoundsException: Index 0 out of bounds for length 0
	at java.base/jdk.internal.util.Preconditions.outOfBounds(Preconditions.java:64)
	at java.base/jdk.internal.util.Preconditions.outOfBoundsCheckIndex(Preconditions.java:70)
	at java.base/jdk.internal.util.Preconditions.checkIndex(Preconditions.java:248)
	at java.base/java.util.Objects.checkIndex(Objects.java:373)
	at java.base/java.util.ArrayList.get(ArrayList.java:425)
	at pageobjects.LoginScreenPO.openProfilePage(LoginScreenPO.java:20)
	at testcases.login.android.LoginEmployeeEmailPassAndroid.verifyEmployeeLoggedIn(LoginEmployeeEmailPassAndroid.java:38)
	at java.base/jdk.internal.reflect.NativeMethodAccessorImpl.invoke0(Native Method)
	at java.base/jdk.internal.reflect.NativeMethodAccessorImpl.invoke(NativeMethodAccessorImpl.java:62)
	at java.base/jdk.internal.reflect.DelegatingMethodAccessorImpl.invoke(DelegatingMethodAccessorImpl.java:43)
	at java.base/java.lang.reflect.Method.invoke(Method.java:567)
	at org.testng.internal.MethodInvocationHelper.invokeMethod(MethodInvocationHelper.java:134)
	at org.testng.internal.TestInvoker.invokeMethod(TestInvoker.java:597)
	at org.testng.internal.TestInvoker.invokeTestMethod(TestInvoker.java:173)
	at org.testng.internal.MethodRunner.runInSequence(MethodRunner.java:46)
	at org.testng.internal.TestInvoker$MethodInvocationAgent.invoke(TestInvoker.java:816)
	at org.testng.internal.TestInvoker.invokeTestMethods(TestInvoker.java:146)
	at org.testng.internal.TestMethodWorker.invokeTestMethods(TestMethodWorker.java:146)
	at org.testng.internal.TestMethodWorker.run(TestMethodWorker.java:128)
	at java.base/java.util.ArrayList.forEach(ArrayList.java:1507)
	at org.testng.TestRunner.privateRun(TestRunner.java:766)
	at org.testng.TestRunner.run(TestRunner.java:587)
	at org.testng.SuiteRunner.runTest(SuiteRunner.java:384)
	at org.testng.SuiteRunner.runSequentially(SuiteRunner.java:378)
	at org.testng.SuiteRunner.privateRun(SuiteRunner.java:337)
	at org.testng.SuiteRunner.run(SuiteRunner.java:286)
	at org.testng.SuiteRunnerWorker.runSuite(SuiteRunnerWorker.java:53)
	at org.testng.SuiteRunnerWorker.run(SuiteRunnerWorker.java:96)
	at org.testng.TestNG.runSuitesSequentially(TestNG.java:1187)
	at org.testng.TestNG.runSuitesLocally(TestNG.java:1109)
	at org.testng.TestNG.runSuites(TestNG.java:1039)
	at org.testng.TestNG.run(TestNG.java:1007)
	at com.intellij.rt.testng.IDEARemoteTestNG.run(IDEARemoteTestNG.java:66)
	at com.intellij.rt.testng.RemoteTestNGStarter.main(RemoteTestNGStarter.java:110)
</pre></div></td>
<td>2</td>
<td>testcases.login.android.LoginEmployeeEmailPassAndroid@52102734</td></tr>
<tr>
<td title='testcases.login.android.LoginEmployeeEmailPassAndroid.verifyEmployeeLoggedIn()'><b>verifyEmployeeLoggedIn</b><br>Test class: testcases.login.android.LoginEmployeeEmailPassAndroid</td>
<td><div><pre>java.lang.IndexOutOfBoundsException: Index 0 out of bounds for length 0
	at java.base/jdk.internal.util.Preconditions.outOfBounds(Preconditions.java:64)
	at java.base/jdk.internal.util.Preconditions.outOfBoundsCheckIndex(Preconditions.java:70)
	at java.base/jdk.internal.util.Preconditions.checkIndex(Preconditions.java:248)
	at java.base/java.util.Objects.checkIndex(Objects.java:373)
	at java.base/java.util.ArrayList.get(ArrayList.java:425)
	at pageobjects.LoginScreenPO.openProfilePage(LoginScreenPO.java:20)
	at testcases.login.android.LoginEmployeeEmailPassAndroid.verifyEmployeeLoggedIn(LoginEmployeeEmailPassAndroid.java:38)
	at java.base/java.util.ArrayList.forEach(ArrayList.java:1507)
	at com.intellij.rt.testng.IDEARemoteTestNG.run(IDEARemoteTestNG.java:66)
	at com.intellij.rt.testng.RemoteTestNGStarter.main(RemoteTestNGStarter.java:110)
... Removed 24 stack frames</pre></div><a href='#' onClick='toggleBox("stack-trace593881656", this, "Click to show all stack frames", "Click to hide stack frames")'>Click to show all stack frames</a>
<div class='stack-trace' id='stack-trace593881656'><pre>java.lang.IndexOutOfBoundsException: Index 0 out of bounds for length 0
	at java.base/jdk.internal.util.Preconditions.outOfBounds(Preconditions.java:64)
	at java.base/jdk.internal.util.Preconditions.outOfBoundsCheckIndex(Preconditions.java:70)
	at java.base/jdk.internal.util.Preconditions.checkIndex(Preconditions.java:248)
	at java.base/java.util.Objects.checkIndex(Objects.java:373)
	at java.base/java.util.ArrayList.get(ArrayList.java:425)
	at pageobjects.LoginScreenPO.openProfilePage(LoginScreenPO.java:20)
	at testcases.login.android.LoginEmployeeEmailPassAndroid.verifyEmployeeLoggedIn(LoginEmployeeEmailPassAndroid.java:38)
	at java.base/jdk.internal.reflect.NativeMethodAccessorImpl.invoke0(Native Method)
	at java.base/jdk.internal.reflect.NativeMethodAccessorImpl.invoke(NativeMethodAccessorImpl.java:62)
	at java.base/jdk.internal.reflect.DelegatingMethodAccessorImpl.invoke(DelegatingMethodAccessorImpl.java:43)
	at java.base/java.lang.reflect.Method.invoke(Method.java:567)
	at org.testng.internal.MethodInvocationHelper.invokeMethod(MethodInvocationHelper.java:134)
	at org.testng.internal.TestInvoker.invokeMethod(TestInvoker.java:597)
	at org.testng.internal.TestInvoker.invokeTestMethod(TestInvoker.java:173)
	at org.testng.internal.MethodRunner.runInSequence(MethodRunner.java:46)
	at org.testng.internal.TestInvoker$MethodInvocationAgent.invoke(TestInvoker.java:816)
	at org.testng.internal.TestInvoker.invokeTestMethods(TestInvoker.java:146)
	at org.testng.internal.TestMethodWorker.invokeTestMethods(TestMethodWorker.java:146)
	at org.testng.internal.TestMethodWorker.run(TestMethodWorker.java:128)
	at java.base/java.util.ArrayList.forEach(ArrayList.java:1507)
	at org.testng.TestRunner.privateRun(TestRunner.java:766)
	at org.testng.TestRunner.run(TestRunner.java:587)
	at org.testng.SuiteRunner.runTest(SuiteRunner.java:384)
	at org.testng.SuiteRunner.runSequentially(SuiteRunner.java:378)
	at org.testng.SuiteRunner.privateRun(SuiteRunner.java:337)
	at org.testng.SuiteRunner.run(SuiteRunner.java:286)
	at org.testng.SuiteRunnerWorker.runSuite(SuiteRunnerWorker.java:53)
	at org.testng.SuiteRunnerWorker.run(SuiteRunnerWorker.java:96)
	at org.testng.TestNG.runSuitesSequentially(TestNG.java:1187)
	at org.testng.TestNG.runSuitesLocally(TestNG.java:1109)
	at org.testng.TestNG.runSuites(TestNG.java:1039)
	at org.testng.TestNG.run(TestNG.java:1007)
	at com.intellij.rt.testng.IDEARemoteTestNG.run(IDEARemoteTestNG.java:66)
	at com.intellij.rt.testng.RemoteTestNGStarter.main(RemoteTestNGStarter.java:110)
</pre></div></td>
<td>2</td>
<td>testcases.login.android.LoginEmployeeEmailPassAndroid@26275bef</td></tr>
<tr>
<td title='testcases.login.android.LoginEmployeeEmailPassAndroid.verifyEmployeeLoggedIn()'><b>verifyEmployeeLoggedIn</b><br>Test class: testcases.login.android.LoginEmployeeEmailPassAndroid</td>
<td><div><pre>java.lang.IndexOutOfBoundsException: Index 0 out of bounds for length 0
	at java.base/jdk.internal.util.Preconditions.outOfBounds(Preconditions.java:64)
	at java.base/jdk.internal.util.Preconditions.outOfBoundsCheckIndex(Preconditions.java:70)
	at java.base/jdk.internal.util.Preconditions.checkIndex(Preconditions.java:248)
	at java.base/java.util.Objects.checkIndex(Objects.java:373)
	at java.base/java.util.ArrayList.get(ArrayList.java:425)
	at pageobjects.LoginScreenPO.openProfilePage(LoginScreenPO.java:20)
	at testcases.login.android.LoginEmployeeEmailPassAndroid.verifyEmployeeLoggedIn(LoginEmployeeEmailPassAndroid.java:38)
	at java.base/java.util.ArrayList.forEach(ArrayList.java:1507)
	at com.intellij.rt.testng.IDEARemoteTestNG.run(IDEARemoteTestNG.java:66)
	at com.intellij.rt.testng.RemoteTestNGStarter.main(RemoteTestNGStarter.java:110)
... Removed 24 stack frames</pre></div><a href='#' onClick='toggleBox("stack-trace66853567", this, "Click to show all stack frames", "Click to hide stack frames")'>Click to show all stack frames</a>
<div class='stack-trace' id='stack-trace66853567'><pre>java.lang.IndexOutOfBoundsException: Index 0 out of bounds for length 0
	at java.base/jdk.internal.util.Preconditions.outOfBounds(Preconditions.java:64)
	at java.base/jdk.internal.util.Preconditions.outOfBoundsCheckIndex(Preconditions.java:70)
	at java.base/jdk.internal.util.Preconditions.checkIndex(Preconditions.java:248)
	at java.base/java.util.Objects.checkIndex(Objects.java:373)
	at java.base/java.util.ArrayList.get(ArrayList.java:425)
	at pageobjects.LoginScreenPO.openProfilePage(LoginScreenPO.java:20)
	at testcases.login.android.LoginEmployeeEmailPassAndroid.verifyEmployeeLoggedIn(LoginEmployeeEmailPassAndroid.java:38)
	at java.base/jdk.internal.reflect.NativeMethodAccessorImpl.invoke0(Native Method)
	at java.base/jdk.internal.reflect.NativeMethodAccessorImpl.invoke(NativeMethodAccessorImpl.java:62)
	at java.base/jdk.internal.reflect.DelegatingMethodAccessorImpl.invoke(DelegatingMethodAccessorImpl.java:43)
	at java.base/java.lang.reflect.Method.invoke(Method.java:567)
	at org.testng.internal.MethodInvocationHelper.invokeMethod(MethodInvocationHelper.java:134)
	at org.testng.internal.TestInvoker.invokeMethod(TestInvoker.java:597)
	at org.testng.internal.TestInvoker.invokeTestMethod(TestInvoker.java:173)
	at org.testng.internal.MethodRunner.runInSequence(MethodRunner.java:46)
	at org.testng.internal.TestInvoker$MethodInvocationAgent.invoke(TestInvoker.java:816)
	at org.testng.internal.TestInvoker.invokeTestMethods(TestInvoker.java:146)
	at org.testng.internal.TestMethodWorker.invokeTestMethods(TestMethodWorker.java:146)
	at org.testng.internal.TestMethodWorker.run(TestMethodWorker.java:128)
	at java.base/java.util.ArrayList.forEach(ArrayList.java:1507)
	at org.testng.TestRunner.privateRun(TestRunner.java:766)
	at org.testng.TestRunner.run(TestRunner.java:587)
	at org.testng.SuiteRunner.runTest(SuiteRunner.java:384)
	at org.testng.SuiteRunner.runSequentially(SuiteRunner.java:378)
	at org.testng.SuiteRunner.privateRun(SuiteRunner.java:337)
	at org.testng.SuiteRunner.run(SuiteRunner.java:286)
	at org.testng.SuiteRunnerWorker.runSuite(SuiteRunnerWorker.java:53)
	at org.testng.SuiteRunnerWorker.run(SuiteRunnerWorker.java:96)
	at org.testng.TestNG.runSuitesSequentially(TestNG.java:1187)
	at org.testng.TestNG.runSuitesLocally(TestNG.java:1109)
	at org.testng.TestNG.runSuites(TestNG.java:1039)
	at org.testng.TestNG.run(TestNG.java:1007)
	at com.intellij.rt.testng.IDEARemoteTestNG.run(IDEARemoteTestNG.java:66)
	at com.intellij.rt.testng.RemoteTestNGStarter.main(RemoteTestNGStarter.java:110)
</pre></div></td>
<td>2</td>
<td>testcases.login.android.LoginEmployeeEmailPassAndroid@72cde7cc</td></tr>
<tr>
<td title='testcases.login.android.LoginEmployeeEmailPassAndroid.verifyEmployeeLoggedIn()'><b>verifyEmployeeLoggedIn</b><br>Test class: testcases.login.android.LoginEmployeeEmailPassAndroid</td>
<td><div><pre>java.lang.IndexOutOfBoundsException: Index 0 out of bounds for length 0
	at java.base/jdk.internal.util.Preconditions.outOfBounds(Preconditions.java:64)
	at java.base/jdk.internal.util.Preconditions.outOfBoundsCheckIndex(Preconditions.java:70)
	at java.base/jdk.internal.util.Preconditions.checkIndex(Preconditions.java:248)
	at java.base/java.util.Objects.checkIndex(Objects.java:373)
	at java.base/java.util.ArrayList.get(ArrayList.java:425)
	at pageobjects.LoginScreenPO.openProfilePage(LoginScreenPO.java:20)
	at testcases.login.android.LoginEmployeeEmailPassAndroid.verifyEmployeeLoggedIn(LoginEmployeeEmailPassAndroid.java:38)
	at java.base/java.util.ArrayList.forEach(ArrayList.java:1507)
	at com.intellij.rt.testng.IDEARemoteTestNG.run(IDEARemoteTestNG.java:66)
	at com.intellij.rt.testng.RemoteTestNGStarter.main(RemoteTestNGStarter.java:110)
... Removed 24 stack frames</pre></div><a href='#' onClick='toggleBox("stack-trace183521033", this, "Click to show all stack frames", "Click to hide stack frames")'>Click to show all stack frames</a>
<div class='stack-trace' id='stack-trace183521033'><pre>java.lang.IndexOutOfBoundsException: Index 0 out of bounds for length 0
	at java.base/jdk.internal.util.Preconditions.outOfBounds(Preconditions.java:64)
	at java.base/jdk.internal.util.Preconditions.outOfBoundsCheckIndex(Preconditions.java:70)
	at java.base/jdk.internal.util.Preconditions.checkIndex(Preconditions.java:248)
	at java.base/java.util.Objects.checkIndex(Objects.java:373)
	at java.base/java.util.ArrayList.get(ArrayList.java:425)
	at pageobjects.LoginScreenPO.openProfilePage(LoginScreenPO.java:20)
	at testcases.login.android.LoginEmployeeEmailPassAndroid.verifyEmployeeLoggedIn(LoginEmployeeEmailPassAndroid.java:38)
	at java.base/jdk.internal.reflect.NativeMethodAccessorImpl.invoke0(Native Method)
	at java.base/jdk.internal.reflect.NativeMethodAccessorImpl.invoke(NativeMethodAccessorImpl.java:62)
	at java.base/jdk.internal.reflect.DelegatingMethodAccessorImpl.invoke(DelegatingMethodAccessorImpl.java:43)
	at java.base/java.lang.reflect.Method.invoke(Method.java:567)
	at org.testng.internal.MethodInvocationHelper.invokeMethod(MethodInvocationHelper.java:134)
	at org.testng.internal.TestInvoker.invokeMethod(TestInvoker.java:597)
	at org.testng.internal.TestInvoker.invokeTestMethod(TestInvoker.java:173)
	at org.testng.internal.MethodRunner.runInSequence(MethodRunner.java:46)
	at org.testng.internal.TestInvoker$MethodInvocationAgent.invoke(TestInvoker.java:816)
	at org.testng.internal.TestInvoker.invokeTestMethods(TestInvoker.java:146)
	at org.testng.internal.TestMethodWorker.invokeTestMethods(TestMethodWorker.java:146)
	at org.testng.internal.TestMethodWorker.run(TestMethodWorker.java:128)
	at java.base/java.util.ArrayList.forEach(ArrayList.java:1507)
	at org.testng.TestRunner.privateRun(TestRunner.java:766)
	at org.testng.TestRunner.run(TestRunner.java:587)
	at org.testng.SuiteRunner.runTest(SuiteRunner.java:384)
	at org.testng.SuiteRunner.runSequentially(SuiteRunner.java:378)
	at org.testng.SuiteRunner.privateRun(SuiteRunner.java:337)
	at org.testng.SuiteRunner.run(SuiteRunner.java:286)
	at org.testng.SuiteRunnerWorker.runSuite(SuiteRunnerWorker.java:53)
	at org.testng.SuiteRunnerWorker.run(SuiteRunnerWorker.java:96)
	at org.testng.TestNG.runSuitesSequentially(TestNG.java:1187)
	at org.testng.TestNG.runSuitesLocally(TestNG.java:1109)
	at org.testng.TestNG.runSuites(TestNG.java:1039)
	at org.testng.TestNG.run(TestNG.java:1007)
	at com.intellij.rt.testng.IDEARemoteTestNG.run(IDEARemoteTestNG.java:66)
	at com.intellij.rt.testng.RemoteTestNGStarter.main(RemoteTestNGStarter.java:110)
</pre></div></td>
<td>2</td>
<td>testcases.login.android.LoginEmployeeEmailPassAndroid@649bec2e</td></tr>
<tr>
<td title='testcases.login.android.LoginCompanyEmailPassAndroid.verifyEmployerLoggedIn()'><b>verifyEmployerLoggedIn</b><br>Test class: testcases.login.android.LoginCompanyEmailPassAndroid</td>
<td><div><pre>java.lang.IndexOutOfBoundsException: Index 0 out of bounds for length 0
	at java.base/jdk.internal.util.Preconditions.outOfBounds(Preconditions.java:64)
	at java.base/jdk.internal.util.Preconditions.outOfBoundsCheckIndex(Preconditions.java:70)
	at java.base/jdk.internal.util.Preconditions.checkIndex(Preconditions.java:248)
	at java.base/java.util.Objects.checkIndex(Objects.java:373)
	at java.base/java.util.ArrayList.get(ArrayList.java:425)
	at pageobjects.LoginScreenPO.openProfilePage(LoginScreenPO.java:20)
	at testcases.login.android.LoginCompanyEmailPassAndroid.verifyEmployerLoggedIn(LoginCompanyEmailPassAndroid.java:35)
	at java.base/java.util.ArrayList.forEach(ArrayList.java:1507)
	at com.intellij.rt.testng.IDEARemoteTestNG.run(IDEARemoteTestNG.java:66)
	at com.intellij.rt.testng.RemoteTestNGStarter.main(RemoteTestNGStarter.java:110)
... Removed 24 stack frames</pre></div><a href='#' onClick='toggleBox("stack-trace1800932232", this, "Click to show all stack frames", "Click to hide stack frames")'>Click to show all stack frames</a>
<div class='stack-trace' id='stack-trace1800932232'><pre>java.lang.IndexOutOfBoundsException: Index 0 out of bounds for length 0
	at java.base/jdk.internal.util.Preconditions.outOfBounds(Preconditions.java:64)
	at java.base/jdk.internal.util.Preconditions.outOfBoundsCheckIndex(Preconditions.java:70)
	at java.base/jdk.internal.util.Preconditions.checkIndex(Preconditions.java:248)
	at java.base/java.util.Objects.checkIndex(Objects.java:373)
	at java.base/java.util.ArrayList.get(ArrayList.java:425)
	at pageobjects.LoginScreenPO.openProfilePage(LoginScreenPO.java:20)
	at testcases.login.android.LoginCompanyEmailPassAndroid.verifyEmployerLoggedIn(LoginCompanyEmailPassAndroid.java:35)
	at java.base/jdk.internal.reflect.NativeMethodAccessorImpl.invoke0(Native Method)
	at java.base/jdk.internal.reflect.NativeMethodAccessorImpl.invoke(NativeMethodAccessorImpl.java:62)
	at java.base/jdk.internal.reflect.DelegatingMethodAccessorImpl.invoke(DelegatingMethodAccessorImpl.java:43)
	at java.base/java.lang.reflect.Method.invoke(Method.java:567)
	at org.testng.internal.MethodInvocationHelper.invokeMethod(MethodInvocationHelper.java:134)
	at org.testng.internal.TestInvoker.invokeMethod(TestInvoker.java:597)
	at org.testng.internal.TestInvoker.invokeTestMethod(TestInvoker.java:173)
	at org.testng.internal.MethodRunner.runInSequence(MethodRunner.java:46)
	at org.testng.internal.TestInvoker$MethodInvocationAgent.invoke(TestInvoker.java:816)
	at org.testng.internal.TestInvoker.invokeTestMethods(TestInvoker.java:146)
	at org.testng.internal.TestMethodWorker.invokeTestMethods(TestMethodWorker.java:146)
	at org.testng.internal.TestMethodWorker.run(TestMethodWorker.java:128)
	at java.base/java.util.ArrayList.forEach(ArrayList.java:1507)
	at org.testng.TestRunner.privateRun(TestRunner.java:766)
	at org.testng.TestRunner.run(TestRunner.java:587)
	at org.testng.SuiteRunner.runTest(SuiteRunner.java:384)
	at org.testng.SuiteRunner.runSequentially(SuiteRunner.java:378)
	at org.testng.SuiteRunner.privateRun(SuiteRunner.java:337)
	at org.testng.SuiteRunner.run(SuiteRunner.java:286)
	at org.testng.SuiteRunnerWorker.runSuite(SuiteRunnerWorker.java:53)
	at org.testng.SuiteRunnerWorker.run(SuiteRunnerWorker.java:96)
	at org.testng.TestNG.runSuitesSequentially(TestNG.java:1187)
	at org.testng.TestNG.runSuitesLocally(TestNG.java:1109)
	at org.testng.TestNG.runSuites(TestNG.java:1039)
	at org.testng.TestNG.run(TestNG.java:1007)
	at com.intellij.rt.testng.IDEARemoteTestNG.run(IDEARemoteTestNG.java:66)
	at com.intellij.rt.testng.RemoteTestNGStarter.main(RemoteTestNGStarter.java:110)
</pre></div></td>
<td>2</td>
<td>testcases.login.android.LoginCompanyEmailPassAndroid@6a03bcb1</td></tr>
<tr>
<td title='testcases.login.android.LoginCompanyEmailPassAndroid.verifyEmployerLoggedIn()'><b>verifyEmployerLoggedIn</b><br>Test class: testcases.login.android.LoginCompanyEmailPassAndroid</td>
<td><div><pre>java.lang.IndexOutOfBoundsException: Index 0 out of bounds for length 0
	at java.base/jdk.internal.util.Preconditions.outOfBounds(Preconditions.java:64)
	at java.base/jdk.internal.util.Preconditions.outOfBoundsCheckIndex(Preconditions.java:70)
	at java.base/jdk.internal.util.Preconditions.checkIndex(Preconditions.java:248)
	at java.base/java.util.Objects.checkIndex(Objects.java:373)
	at java.base/java.util.ArrayList.get(ArrayList.java:425)
	at pageobjects.LoginScreenPO.openProfilePage(LoginScreenPO.java:20)
	at testcases.login.android.LoginCompanyEmailPassAndroid.verifyEmployerLoggedIn(LoginCompanyEmailPassAndroid.java:35)
	at java.base/java.util.ArrayList.forEach(ArrayList.java:1507)
	at com.intellij.rt.testng.IDEARemoteTestNG.run(IDEARemoteTestNG.java:66)
	at com.intellij.rt.testng.RemoteTestNGStarter.main(RemoteTestNGStarter.java:110)
... Removed 24 stack frames</pre></div><a href='#' onClick='toggleBox("stack-trace923539816", this, "Click to show all stack frames", "Click to hide stack frames")'>Click to show all stack frames</a>
<div class='stack-trace' id='stack-trace923539816'><pre>java.lang.IndexOutOfBoundsException: Index 0 out of bounds for length 0
	at java.base/jdk.internal.util.Preconditions.outOfBounds(Preconditions.java:64)
	at java.base/jdk.internal.util.Preconditions.outOfBoundsCheckIndex(Preconditions.java:70)
	at java.base/jdk.internal.util.Preconditions.checkIndex(Preconditions.java:248)
	at java.base/java.util.Objects.checkIndex(Objects.java:373)
	at java.base/java.util.ArrayList.get(ArrayList.java:425)
	at pageobjects.LoginScreenPO.openProfilePage(LoginScreenPO.java:20)
	at testcases.login.android.LoginCompanyEmailPassAndroid.verifyEmployerLoggedIn(LoginCompanyEmailPassAndroid.java:35)
	at java.base/jdk.internal.reflect.NativeMethodAccessorImpl.invoke0(Native Method)
	at java.base/jdk.internal.reflect.NativeMethodAccessorImpl.invoke(NativeMethodAccessorImpl.java:62)
	at java.base/jdk.internal.reflect.DelegatingMethodAccessorImpl.invoke(DelegatingMethodAccessorImpl.java:43)
	at java.base/java.lang.reflect.Method.invoke(Method.java:567)
	at org.testng.internal.MethodInvocationHelper.invokeMethod(MethodInvocationHelper.java:134)
	at org.testng.internal.TestInvoker.invokeMethod(TestInvoker.java:597)
	at org.testng.internal.TestInvoker.invokeTestMethod(TestInvoker.java:173)
	at org.testng.internal.MethodRunner.runInSequence(MethodRunner.java:46)
	at org.testng.internal.TestInvoker$MethodInvocationAgent.invoke(TestInvoker.java:816)
	at org.testng.internal.TestInvoker.invokeTestMethods(TestInvoker.java:146)
	at org.testng.internal.TestMethodWorker.invokeTestMethods(TestMethodWorker.java:146)
	at org.testng.internal.TestMethodWorker.run(TestMethodWorker.java:128)
	at java.base/java.util.ArrayList.forEach(ArrayList.java:1507)
	at org.testng.TestRunner.privateRun(TestRunner.java:766)
	at org.testng.TestRunner.run(TestRunner.java:587)
	at org.testng.SuiteRunner.runTest(SuiteRunner.java:384)
	at org.testng.SuiteRunner.runSequentially(SuiteRunner.java:378)
	at org.testng.SuiteRunner.privateRun(SuiteRunner.java:337)
	at org.testng.SuiteRunner.run(SuiteRunner.java:286)
	at org.testng.SuiteRunnerWorker.runSuite(SuiteRunnerWorker.java:53)
	at org.testng.SuiteRunnerWorker.run(SuiteRunnerWorker.java:96)
	at org.testng.TestNG.runSuitesSequentially(TestNG.java:1187)
	at org.testng.TestNG.runSuitesLocally(TestNG.java:1109)
	at org.testng.TestNG.runSuites(TestNG.java:1039)
	at org.testng.TestNG.run(TestNG.java:1007)
	at com.intellij.rt.testng.IDEARemoteTestNG.run(IDEARemoteTestNG.java:66)
	at com.intellij.rt.testng.RemoteTestNGStarter.main(RemoteTestNGStarter.java:110)
</pre></div></td>
<td>2</td>
<td>testcases.login.android.LoginCompanyEmailPassAndroid@1bb266b3</td></tr>
<tr>
<td title='testcases.login.android.LoginCompanyEmailPassAndroid.verifyEmployerLoggedIn()'><b>verifyEmployerLoggedIn</b><br>Test class: testcases.login.android.LoginCompanyEmailPassAndroid</td>
<td><div><pre>java.lang.IndexOutOfBoundsException: Index 0 out of bounds for length 0
	at java.base/jdk.internal.util.Preconditions.outOfBounds(Preconditions.java:64)
	at java.base/jdk.internal.util.Preconditions.outOfBoundsCheckIndex(Preconditions.java:70)
	at java.base/jdk.internal.util.Preconditions.checkIndex(Preconditions.java:248)
	at java.base/java.util.Objects.checkIndex(Objects.java:373)
	at java.base/java.util.ArrayList.get(ArrayList.java:425)
	at pageobjects.LoginScreenPO.openProfilePage(LoginScreenPO.java:20)
	at testcases.login.android.LoginCompanyEmailPassAndroid.verifyEmployerLoggedIn(LoginCompanyEmailPassAndroid.java:35)
	at java.base/java.util.ArrayList.forEach(ArrayList.java:1507)
	at com.intellij.rt.testng.IDEARemoteTestNG.run(IDEARemoteTestNG.java:66)
	at com.intellij.rt.testng.RemoteTestNGStarter.main(RemoteTestNGStarter.java:110)
... Removed 24 stack frames</pre></div><a href='#' onClick='toggleBox("stack-trace521311335", this, "Click to show all stack frames", "Click to hide stack frames")'>Click to show all stack frames</a>
<div class='stack-trace' id='stack-trace521311335'><pre>java.lang.IndexOutOfBoundsException: Index 0 out of bounds for length 0
	at java.base/jdk.internal.util.Preconditions.outOfBounds(Preconditions.java:64)
	at java.base/jdk.internal.util.Preconditions.outOfBoundsCheckIndex(Preconditions.java:70)
	at java.base/jdk.internal.util.Preconditions.checkIndex(Preconditions.java:248)
	at java.base/java.util.Objects.checkIndex(Objects.java:373)
	at java.base/java.util.ArrayList.get(ArrayList.java:425)
	at pageobjects.LoginScreenPO.openProfilePage(LoginScreenPO.java:20)
	at testcases.login.android.LoginCompanyEmailPassAndroid.verifyEmployerLoggedIn(LoginCompanyEmailPassAndroid.java:35)
	at java.base/jdk.internal.reflect.NativeMethodAccessorImpl.invoke0(Native Method)
	at java.base/jdk.internal.reflect.NativeMethodAccessorImpl.invoke(NativeMethodAccessorImpl.java:62)
	at java.base/jdk.internal.reflect.DelegatingMethodAccessorImpl.invoke(DelegatingMethodAccessorImpl.java:43)
	at java.base/java.lang.reflect.Method.invoke(Method.java:567)
	at org.testng.internal.MethodInvocationHelper.invokeMethod(MethodInvocationHelper.java:134)
	at org.testng.internal.TestInvoker.invokeMethod(TestInvoker.java:597)
	at org.testng.internal.TestInvoker.invokeTestMethod(TestInvoker.java:173)
	at org.testng.internal.MethodRunner.runInSequence(MethodRunner.java:46)
	at org.testng.internal.TestInvoker$MethodInvocationAgent.invoke(TestInvoker.java:816)
	at org.testng.internal.TestInvoker.invokeTestMethods(TestInvoker.java:146)
	at org.testng.internal.TestMethodWorker.invokeTestMethods(TestMethodWorker.java:146)
	at org.testng.internal.TestMethodWorker.run(TestMethodWorker.java:128)
	at java.base/java.util.ArrayList.forEach(ArrayList.java:1507)
	at org.testng.TestRunner.privateRun(TestRunner.java:766)
	at org.testng.TestRunner.run(TestRunner.java:587)
	at org.testng.SuiteRunner.runTest(SuiteRunner.java:384)
	at org.testng.SuiteRunner.runSequentially(SuiteRunner.java:378)
	at org.testng.SuiteRunner.privateRun(SuiteRunner.java:337)
	at org.testng.SuiteRunner.run(SuiteRunner.java:286)
	at org.testng.SuiteRunnerWorker.runSuite(SuiteRunnerWorker.java:53)
	at org.testng.SuiteRunnerWorker.run(SuiteRunnerWorker.java:96)
	at org.testng.TestNG.runSuitesSequentially(TestNG.java:1187)
	at org.testng.TestNG.runSuitesLocally(TestNG.java:1109)
	at org.testng.TestNG.runSuites(TestNG.java:1039)
	at org.testng.TestNG.run(TestNG.java:1007)
	at com.intellij.rt.testng.IDEARemoteTestNG.run(IDEARemoteTestNG.java:66)
	at com.intellij.rt.testng.RemoteTestNGStarter.main(RemoteTestNGStarter.java:110)
</pre></div></td>
<td>2</td>
<td>testcases.login.android.LoginCompanyEmailPassAndroid@4cc8eb05</td></tr>
<tr>
<td title='testcases.login.android.LoginCompanyEmailPassAndroid.verifyEmployerLoggedIn()'><b>verifyEmployerLoggedIn</b><br>Test class: testcases.login.android.LoginCompanyEmailPassAndroid</td>
<td><div><pre>java.lang.IndexOutOfBoundsException: Index 0 out of bounds for length 0
	at java.base/jdk.internal.util.Preconditions.outOfBounds(Preconditions.java:64)
	at java.base/jdk.internal.util.Preconditions.outOfBoundsCheckIndex(Preconditions.java:70)
	at java.base/jdk.internal.util.Preconditions.checkIndex(Preconditions.java:248)
	at java.base/java.util.Objects.checkIndex(Objects.java:373)
	at java.base/java.util.ArrayList.get(ArrayList.java:425)
	at pageobjects.LoginScreenPO.openProfilePage(LoginScreenPO.java:20)
	at testcases.login.android.LoginCompanyEmailPassAndroid.verifyEmployerLoggedIn(LoginCompanyEmailPassAndroid.java:35)
	at java.base/java.util.ArrayList.forEach(ArrayList.java:1507)
	at com.intellij.rt.testng.IDEARemoteTestNG.run(IDEARemoteTestNG.java:66)
	at com.intellij.rt.testng.RemoteTestNGStarter.main(RemoteTestNGStarter.java:110)
... Removed 24 stack frames</pre></div><a href='#' onClick='toggleBox("stack-trace302112868", this, "Click to show all stack frames", "Click to hide stack frames")'>Click to show all stack frames</a>
<div class='stack-trace' id='stack-trace302112868'><pre>java.lang.IndexOutOfBoundsException: Index 0 out of bounds for length 0
	at java.base/jdk.internal.util.Preconditions.outOfBounds(Preconditions.java:64)
	at java.base/jdk.internal.util.Preconditions.outOfBoundsCheckIndex(Preconditions.java:70)
	at java.base/jdk.internal.util.Preconditions.checkIndex(Preconditions.java:248)
	at java.base/java.util.Objects.checkIndex(Objects.java:373)
	at java.base/java.util.ArrayList.get(ArrayList.java:425)
	at pageobjects.LoginScreenPO.openProfilePage(LoginScreenPO.java:20)
	at testcases.login.android.LoginCompanyEmailPassAndroid.verifyEmployerLoggedIn(LoginCompanyEmailPassAndroid.java:35)
	at java.base/jdk.internal.reflect.NativeMethodAccessorImpl.invoke0(Native Method)
	at java.base/jdk.internal.reflect.NativeMethodAccessorImpl.invoke(NativeMethodAccessorImpl.java:62)
	at java.base/jdk.internal.reflect.DelegatingMethodAccessorImpl.invoke(DelegatingMethodAccessorImpl.java:43)
	at java.base/java.lang.reflect.Method.invoke(Method.java:567)
	at org.testng.internal.MethodInvocationHelper.invokeMethod(MethodInvocationHelper.java:134)
	at org.testng.internal.TestInvoker.invokeMethod(TestInvoker.java:597)
	at org.testng.internal.TestInvoker.invokeTestMethod(TestInvoker.java:173)
	at org.testng.internal.MethodRunner.runInSequence(MethodRunner.java:46)
	at org.testng.internal.TestInvoker$MethodInvocationAgent.invoke(TestInvoker.java:816)
	at org.testng.internal.TestInvoker.invokeTestMethods(TestInvoker.java:146)
	at org.testng.internal.TestMethodWorker.invokeTestMethods(TestMethodWorker.java:146)
	at org.testng.internal.TestMethodWorker.run(TestMethodWorker.java:128)
	at java.base/java.util.ArrayList.forEach(ArrayList.java:1507)
	at org.testng.TestRunner.privateRun(TestRunner.java:766)
	at org.testng.TestRunner.run(TestRunner.java:587)
	at org.testng.SuiteRunner.runTest(SuiteRunner.java:384)
	at org.testng.SuiteRunner.runSequentially(SuiteRunner.java:378)
	at org.testng.SuiteRunner.privateRun(SuiteRunner.java:337)
	at org.testng.SuiteRunner.run(SuiteRunner.java:286)
	at org.testng.SuiteRunnerWorker.runSuite(SuiteRunnerWorker.java:53)
	at org.testng.SuiteRunnerWorker.run(SuiteRunnerWorker.java:96)
	at org.testng.TestNG.runSuitesSequentially(TestNG.java:1187)
	at org.testng.TestNG.runSuitesLocally(TestNG.java:1109)
	at org.testng.TestNG.runSuites(TestNG.java:1039)
	at org.testng.TestNG.run(TestNG.java:1007)
	at com.intellij.rt.testng.IDEARemoteTestNG.run(IDEARemoteTestNG.java:66)
	at com.intellij.rt.testng.RemoteTestNGStarter.main(RemoteTestNGStarter.java:110)
</pre></div></td>
<td>2</td>
<td>testcases.login.android.LoginCompanyEmailPassAndroid@74455848</td></tr>
<tr>
<td title='testcases.login.android.LoginCompanyEmailPassAndroid.verifyEmployerLoggedIn()'><b>verifyEmployerLoggedIn</b><br>Test class: testcases.login.android.LoginCompanyEmailPassAndroid</td>
<td><div><pre>java.lang.IndexOutOfBoundsException: Index 0 out of bounds for length 0
	at java.base/jdk.internal.util.Preconditions.outOfBounds(Preconditions.java:64)
	at java.base/jdk.internal.util.Preconditions.outOfBoundsCheckIndex(Preconditions.java:70)
	at java.base/jdk.internal.util.Preconditions.checkIndex(Preconditions.java:248)
	at java.base/java.util.Objects.checkIndex(Objects.java:373)
	at java.base/java.util.ArrayList.get(ArrayList.java:425)
	at pageobjects.LoginScreenPO.openProfilePage(LoginScreenPO.java:20)
	at testcases.login.android.LoginCompanyEmailPassAndroid.verifyEmployerLoggedIn(LoginCompanyEmailPassAndroid.java:35)
	at java.base/java.util.ArrayList.forEach(ArrayList.java:1507)
	at com.intellij.rt.testng.IDEARemoteTestNG.run(IDEARemoteTestNG.java:66)
	at com.intellij.rt.testng.RemoteTestNGStarter.main(RemoteTestNGStarter.java:110)
... Removed 24 stack frames</pre></div><a href='#' onClick='toggleBox("stack-trace1597415366", this, "Click to show all stack frames", "Click to hide stack frames")'>Click to show all stack frames</a>
<div class='stack-trace' id='stack-trace1597415366'><pre>java.lang.IndexOutOfBoundsException: Index 0 out of bounds for length 0
	at java.base/jdk.internal.util.Preconditions.outOfBounds(Preconditions.java:64)
	at java.base/jdk.internal.util.Preconditions.outOfBoundsCheckIndex(Preconditions.java:70)
	at java.base/jdk.internal.util.Preconditions.checkIndex(Preconditions.java:248)
	at java.base/java.util.Objects.checkIndex(Objects.java:373)
	at java.base/java.util.ArrayList.get(ArrayList.java:425)
	at pageobjects.LoginScreenPO.openProfilePage(LoginScreenPO.java:20)
	at testcases.login.android.LoginCompanyEmailPassAndroid.verifyEmployerLoggedIn(LoginCompanyEmailPassAndroid.java:35)
	at java.base/jdk.internal.reflect.NativeMethodAccessorImpl.invoke0(Native Method)
	at java.base/jdk.internal.reflect.NativeMethodAccessorImpl.invoke(NativeMethodAccessorImpl.java:62)
	at java.base/jdk.internal.reflect.DelegatingMethodAccessorImpl.invoke(DelegatingMethodAccessorImpl.java:43)
	at java.base/java.lang.reflect.Method.invoke(Method.java:567)
	at org.testng.internal.MethodInvocationHelper.invokeMethod(MethodInvocationHelper.java:134)
	at org.testng.internal.TestInvoker.invokeMethod(TestInvoker.java:597)
	at org.testng.internal.TestInvoker.invokeTestMethod(TestInvoker.java:173)
	at org.testng.internal.MethodRunner.runInSequence(MethodRunner.java:46)
	at org.testng.internal.TestInvoker$MethodInvocationAgent.invoke(TestInvoker.java:816)
	at org.testng.internal.TestInvoker.invokeTestMethods(TestInvoker.java:146)
	at org.testng.internal.TestMethodWorker.invokeTestMethods(TestMethodWorker.java:146)
	at org.testng.internal.TestMethodWorker.run(TestMethodWorker.java:128)
	at java.base/java.util.ArrayList.forEach(ArrayList.java:1507)
	at org.testng.TestRunner.privateRun(TestRunner.java:766)
	at org.testng.TestRunner.run(TestRunner.java:587)
	at org.testng.SuiteRunner.runTest(SuiteRunner.java:384)
	at org.testng.SuiteRunner.runSequentially(SuiteRunner.java:378)
	at org.testng.SuiteRunner.privateRun(SuiteRunner.java:337)
	at org.testng.SuiteRunner.run(SuiteRunner.java:286)
	at org.testng.SuiteRunnerWorker.runSuite(SuiteRunnerWorker.java:53)
	at org.testng.SuiteRunnerWorker.run(SuiteRunnerWorker.java:96)
	at org.testng.TestNG.runSuitesSequentially(TestNG.java:1187)
	at org.testng.TestNG.runSuitesLocally(TestNG.java:1109)
	at org.testng.TestNG.runSuites(TestNG.java:1039)
	at org.testng.TestNG.run(TestNG.java:1007)
	at com.intellij.rt.testng.IDEARemoteTestNG.run(IDEARemoteTestNG.java:66)
	at com.intellij.rt.testng.RemoteTestNGStarter.main(RemoteTestNGStarter.java:110)
</pre></div></td>
<td>2</td>
<td>testcases.login.android.LoginCompanyEmailPassAndroid@b62d79</td></tr>
<tr>
<td title='testcases.login.android.LoginCompanyEmailPassAndroid.verifyEmployerLoggedIn()'><b>verifyEmployerLoggedIn</b><br>Test class: testcases.login.android.LoginCompanyEmailPassAndroid</td>
<td><div><pre>java.lang.NullPointerException
	at testcases.login.android.LoginCompanyEmailPassAndroid.verifyEmployerLoggedIn(LoginCompanyEmailPassAndroid.java:35)
	at java.base/java.util.ArrayList.forEach(ArrayList.java:1507)
	at com.intellij.rt.testng.IDEARemoteTestNG.run(IDEARemoteTestNG.java:66)
	at com.intellij.rt.testng.RemoteTestNGStarter.main(RemoteTestNGStarter.java:110)
... Removed 24 stack frames</pre></div><a href='#' onClick='toggleBox("stack-trace296190991", this, "Click to show all stack frames", "Click to hide stack frames")'>Click to show all stack frames</a>
<div class='stack-trace' id='stack-trace296190991'><pre>java.lang.NullPointerException
	at testcases.login.android.LoginCompanyEmailPassAndroid.verifyEmployerLoggedIn(LoginCompanyEmailPassAndroid.java:35)
	at java.base/jdk.internal.reflect.NativeMethodAccessorImpl.invoke0(Native Method)
	at java.base/jdk.internal.reflect.NativeMethodAccessorImpl.invoke(NativeMethodAccessorImpl.java:62)
	at java.base/jdk.internal.reflect.DelegatingMethodAccessorImpl.invoke(DelegatingMethodAccessorImpl.java:43)
	at java.base/java.lang.reflect.Method.invoke(Method.java:567)
	at org.testng.internal.MethodInvocationHelper.invokeMethod(MethodInvocationHelper.java:134)
	at org.testng.internal.TestInvoker.invokeMethod(TestInvoker.java:597)
	at org.testng.internal.TestInvoker.invokeTestMethod(TestInvoker.java:173)
	at org.testng.internal.MethodRunner.runInSequence(MethodRunner.java:46)
	at org.testng.internal.TestInvoker$MethodInvocationAgent.invoke(TestInvoker.java:816)
	at org.testng.internal.TestInvoker.invokeTestMethods(TestInvoker.java:146)
	at org.testng.internal.TestMethodWorker.invokeTestMethods(TestMethodWorker.java:146)
	at org.testng.internal.TestMethodWorker.run(TestMethodWorker.java:128)
	at java.base/java.util.ArrayList.forEach(ArrayList.java:1507)
	at org.testng.TestRunner.privateRun(TestRunner.java:766)
	at org.testng.TestRunner.run(TestRunner.java:587)
	at org.testng.SuiteRunner.runTest(SuiteRunner.java:384)
	at org.testng.SuiteRunner.runSequentially(SuiteRunner.java:378)
	at org.testng.SuiteRunner.privateRun(SuiteRunner.java:337)
	at org.testng.SuiteRunner.run(SuiteRunner.java:286)
	at org.testng.SuiteRunnerWorker.runSuite(SuiteRunnerWorker.java:53)
	at org.testng.SuiteRunnerWorker.run(SuiteRunnerWorker.java:96)
	at org.testng.TestNG.runSuitesSequentially(TestNG.java:1187)
	at org.testng.TestNG.runSuitesLocally(TestNG.java:1109)
	at org.testng.TestNG.runSuites(TestNG.java:1039)
	at org.testng.TestNG.run(TestNG.java:1007)
	at com.intellij.rt.testng.IDEARemoteTestNG.run(IDEARemoteTestNG.java:66)
	at com.intellij.rt.testng.RemoteTestNGStarter.main(RemoteTestNGStarter.java:110)
</pre></div></td>
<td>0</td>
<td>testcases.login.android.LoginCompanyEmailPassAndroid@193f604a</td></tr>
<tr>
<td title='testcases.login.android.LoginWithGoogleAccountAndroid.verifyLoggedIn()'><b>verifyLoggedIn</b><br>Test class: testcases.login.android.LoginWithGoogleAccountAndroid</td>
<td><div><pre>java.lang.IndexOutOfBoundsException: Index 0 out of bounds for length 0
	at java.base/jdk.internal.util.Preconditions.outOfBounds(Preconditions.java:64)
	at java.base/jdk.internal.util.Preconditions.outOfBoundsCheckIndex(Preconditions.java:70)
	at java.base/jdk.internal.util.Preconditions.checkIndex(Preconditions.java:248)
	at java.base/java.util.Objects.checkIndex(Objects.java:373)
	at java.base/java.util.ArrayList.get(ArrayList.java:425)
	at pageobjects.LoginScreenPO.openProfilePage(LoginScreenPO.java:20)
	at testcases.login.android.LoginWithGoogleAccountAndroid.verifyLoggedIn(LoginWithGoogleAccountAndroid.java:48)
	at java.base/java.util.ArrayList.forEach(ArrayList.java:1507)
	at com.intellij.rt.testng.IDEARemoteTestNG.run(IDEARemoteTestNG.java:66)
	at com.intellij.rt.testng.RemoteTestNGStarter.main(RemoteTestNGStarter.java:110)
... Removed 24 stack frames</pre></div><a href='#' onClick='toggleBox("stack-trace16556935", this, "Click to show all stack frames", "Click to hide stack frames")'>Click to show all stack frames</a>
<div class='stack-trace' id='stack-trace16556935'><pre>java.lang.IndexOutOfBoundsException: Index 0 out of bounds for length 0
	at java.base/jdk.internal.util.Preconditions.outOfBounds(Preconditions.java:64)
	at java.base/jdk.internal.util.Preconditions.outOfBoundsCheckIndex(Preconditions.java:70)
	at java.base/jdk.internal.util.Preconditions.checkIndex(Preconditions.java:248)
	at java.base/java.util.Objects.checkIndex(Objects.java:373)
	at java.base/java.util.ArrayList.get(ArrayList.java:425)
	at pageobjects.LoginScreenPO.openProfilePage(LoginScreenPO.java:20)
	at testcases.login.android.LoginWithGoogleAccountAndroid.verifyLoggedIn(LoginWithGoogleAccountAndroid.java:48)
	at java.base/jdk.internal.reflect.NativeMethodAccessorImpl.invoke0(Native Method)
	at java.base/jdk.internal.reflect.NativeMethodAccessorImpl.invoke(NativeMethodAccessorImpl.java:62)
	at java.base/jdk.internal.reflect.DelegatingMethodAccessorImpl.invoke(DelegatingMethodAccessorImpl.java:43)
	at java.base/java.lang.reflect.Method.invoke(Method.java:567)
	at org.testng.internal.MethodInvocationHelper.invokeMethod(MethodInvocationHelper.java:134)
	at org.testng.internal.TestInvoker.invokeMethod(TestInvoker.java:597)
	at org.testng.internal.TestInvoker.invokeTestMethod(TestInvoker.java:173)
	at org.testng.internal.MethodRunner.runInSequence(MethodRunner.java:46)
	at org.testng.internal.TestInvoker$MethodInvocationAgent.invoke(TestInvoker.java:816)
	at org.testng.internal.TestInvoker.invokeTestMethods(TestInvoker.java:146)
	at org.testng.internal.TestMethodWorker.invokeTestMethods(TestMethodWorker.java:146)
	at org.testng.internal.TestMethodWorker.run(TestMethodWorker.java:128)
	at java.base/java.util.ArrayList.forEach(ArrayList.java:1507)
	at org.testng.TestRunner.privateRun(TestRunner.java:766)
	at org.testng.TestRunner.run(TestRunner.java:587)
	at org.testng.SuiteRunner.runTest(SuiteRunner.java:384)
	at org.testng.SuiteRunner.runSequentially(SuiteRunner.java:378)
	at org.testng.SuiteRunner.privateRun(SuiteRunner.java:337)
	at org.testng.SuiteRunner.run(SuiteRunner.java:286)
	at org.testng.SuiteRunnerWorker.runSuite(SuiteRunnerWorker.java:53)
	at org.testng.SuiteRunnerWorker.run(SuiteRunnerWorker.java:96)
	at org.testng.TestNG.runSuitesSequentially(TestNG.java:1187)
	at org.testng.TestNG.runSuitesLocally(TestNG.java:1109)
	at org.testng.TestNG.runSuites(TestNG.java:1039)
	at org.testng.TestNG.run(TestNG.java:1007)
	at com.intellij.rt.testng.IDEARemoteTestNG.run(IDEARemoteTestNG.java:66)
	at com.intellij.rt.testng.RemoteTestNGStarter.main(RemoteTestNGStarter.java:110)
</pre></div></td>
<td>3</td>
<td>testcases.login.android.LoginWithGoogleAccountAndroid@1fb700ee</td></tr>
<tr>
<td title='testcases.login.android.LoginWithGoogleAccountAndroid.verifyLoggedIn()'><b>verifyLoggedIn</b><br>Test class: testcases.login.android.LoginWithGoogleAccountAndroid</td>
<td><div><pre>java.lang.IndexOutOfBoundsException: Index 0 out of bounds for length 0
	at java.base/jdk.internal.util.Preconditions.outOfBounds(Preconditions.java:64)
	at java.base/jdk.internal.util.Preconditions.outOfBoundsCheckIndex(Preconditions.java:70)
	at java.base/jdk.internal.util.Preconditions.checkIndex(Preconditions.java:248)
	at java.base/java.util.Objects.checkIndex(Objects.java:373)
	at java.base/java.util.ArrayList.get(ArrayList.java:425)
	at pageobjects.LoginScreenPO.openProfilePage(LoginScreenPO.java:20)
	at testcases.login.android.LoginWithGoogleAccountAndroid.verifyLoggedIn(LoginWithGoogleAccountAndroid.java:48)
	at java.base/java.util.ArrayList.forEach(ArrayList.java:1507)
	at com.intellij.rt.testng.IDEARemoteTestNG.run(IDEARemoteTestNG.java:66)
	at com.intellij.rt.testng.RemoteTestNGStarter.main(RemoteTestNGStarter.java:110)
... Removed 24 stack frames</pre></div><a href='#' onClick='toggleBox("stack-trace1291486201", this, "Click to show all stack frames", "Click to hide stack frames")'>Click to show all stack frames</a>
<div class='stack-trace' id='stack-trace1291486201'><pre>java.lang.IndexOutOfBoundsException: Index 0 out of bounds for length 0
	at java.base/jdk.internal.util.Preconditions.outOfBounds(Preconditions.java:64)
	at java.base/jdk.internal.util.Preconditions.outOfBoundsCheckIndex(Preconditions.java:70)
	at java.base/jdk.internal.util.Preconditions.checkIndex(Preconditions.java:248)
	at java.base/java.util.Objects.checkIndex(Objects.java:373)
	at java.base/java.util.ArrayList.get(ArrayList.java:425)
	at pageobjects.LoginScreenPO.openProfilePage(LoginScreenPO.java:20)
	at testcases.login.android.LoginWithGoogleAccountAndroid.verifyLoggedIn(LoginWithGoogleAccountAndroid.java:48)
	at java.base/jdk.internal.reflect.NativeMethodAccessorImpl.invoke0(Native Method)
	at java.base/jdk.internal.reflect.NativeMethodAccessorImpl.invoke(NativeMethodAccessorImpl.java:62)
	at java.base/jdk.internal.reflect.DelegatingMethodAccessorImpl.invoke(DelegatingMethodAccessorImpl.java:43)
	at java.base/java.lang.reflect.Method.invoke(Method.java:567)
	at org.testng.internal.MethodInvocationHelper.invokeMethod(MethodInvocationHelper.java:134)
	at org.testng.internal.TestInvoker.invokeMethod(TestInvoker.java:597)
	at org.testng.internal.TestInvoker.invokeTestMethod(TestInvoker.java:173)
	at org.testng.internal.MethodRunner.runInSequence(MethodRunner.java:46)
	at org.testng.internal.TestInvoker$MethodInvocationAgent.invoke(TestInvoker.java:816)
	at org.testng.internal.TestInvoker.invokeTestMethods(TestInvoker.java:146)
	at org.testng.internal.TestMethodWorker.invokeTestMethods(TestMethodWorker.java:146)
	at org.testng.internal.TestMethodWorker.run(TestMethodWorker.java:128)
	at java.base/java.util.ArrayList.forEach(ArrayList.java:1507)
	at org.testng.TestRunner.privateRun(TestRunner.java:766)
	at org.testng.TestRunner.run(TestRunner.java:587)
	at org.testng.SuiteRunner.runTest(SuiteRunner.java:384)
	at org.testng.SuiteRunner.runSequentially(SuiteRunner.java:378)
	at org.testng.SuiteRunner.privateRun(SuiteRunner.java:337)
	at org.testng.SuiteRunner.run(SuiteRunner.java:286)
	at org.testng.SuiteRunnerWorker.runSuite(SuiteRunnerWorker.java:53)
	at org.testng.SuiteRunnerWorker.run(SuiteRunnerWorker.java:96)
	at org.testng.TestNG.runSuitesSequentially(TestNG.java:1187)
	at org.testng.TestNG.runSuitesLocally(TestNG.java:1109)
	at org.testng.TestNG.runSuites(TestNG.java:1039)
	at org.testng.TestNG.run(TestNG.java:1007)
	at com.intellij.rt.testng.IDEARemoteTestNG.run(IDEARemoteTestNG.java:66)
	at com.intellij.rt.testng.RemoteTestNGStarter.main(RemoteTestNGStarter.java:110)
</pre></div></td>
<td>2</td>
<td>testcases.login.android.LoginWithGoogleAccountAndroid@355ce81c</td></tr>
<tr>
<td title='testcases.login.android.LoginWithGoogleAccountAndroid.verifyLoggedIn()'><b>verifyLoggedIn</b><br>Test class: testcases.login.android.LoginWithGoogleAccountAndroid</td>
<td><div><pre>java.lang.IndexOutOfBoundsException: Index 0 out of bounds for length 0
	at java.base/jdk.internal.util.Preconditions.outOfBounds(Preconditions.java:64)
	at java.base/jdk.internal.util.Preconditions.outOfBoundsCheckIndex(Preconditions.java:70)
	at java.base/jdk.internal.util.Preconditions.checkIndex(Preconditions.java:248)
	at java.base/java.util.Objects.checkIndex(Objects.java:373)
	at java.base/java.util.ArrayList.get(ArrayList.java:425)
	at pageobjects.LoginScreenPO.openProfilePage(LoginScreenPO.java:20)
	at testcases.login.android.LoginWithGoogleAccountAndroid.verifyLoggedIn(LoginWithGoogleAccountAndroid.java:48)
	at java.base/java.util.ArrayList.forEach(ArrayList.java:1507)
	at com.intellij.rt.testng.IDEARemoteTestNG.run(IDEARemoteTestNG.java:66)
	at com.intellij.rt.testng.RemoteTestNGStarter.main(RemoteTestNGStarter.java:110)
... Removed 24 stack frames</pre></div><a href='#' onClick='toggleBox("stack-trace725901404", this, "Click to show all stack frames", "Click to hide stack frames")'>Click to show all stack frames</a>
<div class='stack-trace' id='stack-trace725901404'><pre>java.lang.IndexOutOfBoundsException: Index 0 out of bounds for length 0
	at java.base/jdk.internal.util.Preconditions.outOfBounds(Preconditions.java:64)
	at java.base/jdk.internal.util.Preconditions.outOfBoundsCheckIndex(Preconditions.java:70)
	at java.base/jdk.internal.util.Preconditions.checkIndex(Preconditions.java:248)
	at java.base/java.util.Objects.checkIndex(Objects.java:373)
	at java.base/java.util.ArrayList.get(ArrayList.java:425)
	at pageobjects.LoginScreenPO.openProfilePage(LoginScreenPO.java:20)
	at testcases.login.android.LoginWithGoogleAccountAndroid.verifyLoggedIn(LoginWithGoogleAccountAndroid.java:48)
	at java.base/jdk.internal.reflect.NativeMethodAccessorImpl.invoke0(Native Method)
	at java.base/jdk.internal.reflect.NativeMethodAccessorImpl.invoke(NativeMethodAccessorImpl.java:62)
	at java.base/jdk.internal.reflect.DelegatingMethodAccessorImpl.invoke(DelegatingMethodAccessorImpl.java:43)
	at java.base/java.lang.reflect.Method.invoke(Method.java:567)
	at org.testng.internal.MethodInvocationHelper.invokeMethod(MethodInvocationHelper.java:134)
	at org.testng.internal.TestInvoker.invokeMethod(TestInvoker.java:597)
	at org.testng.internal.TestInvoker.invokeTestMethod(TestInvoker.java:173)
	at org.testng.internal.MethodRunner.runInSequence(MethodRunner.java:46)
	at org.testng.internal.TestInvoker$MethodInvocationAgent.invoke(TestInvoker.java:816)
	at org.testng.internal.TestInvoker.invokeTestMethods(TestInvoker.java:146)
	at org.testng.internal.TestMethodWorker.invokeTestMethods(TestMethodWorker.java:146)
	at org.testng.internal.TestMethodWorker.run(TestMethodWorker.java:128)
	at java.base/java.util.ArrayList.forEach(ArrayList.java:1507)
	at org.testng.TestRunner.privateRun(TestRunner.java:766)
	at org.testng.TestRunner.run(TestRunner.java:587)
	at org.testng.SuiteRunner.runTest(SuiteRunner.java:384)
	at org.testng.SuiteRunner.runSequentially(SuiteRunner.java:378)
	at org.testng.SuiteRunner.privateRun(SuiteRunner.java:337)
	at org.testng.SuiteRunner.run(SuiteRunner.java:286)
	at org.testng.SuiteRunnerWorker.runSuite(SuiteRunnerWorker.java:53)
	at org.testng.SuiteRunnerWorker.run(SuiteRunnerWorker.java:96)
	at org.testng.TestNG.runSuitesSequentially(TestNG.java:1187)
	at org.testng.TestNG.runSuitesLocally(TestNG.java:1109)
	at org.testng.TestNG.runSuites(TestNG.java:1039)
	at org.testng.TestNG.run(TestNG.java:1007)
	at com.intellij.rt.testng.IDEARemoteTestNG.run(IDEARemoteTestNG.java:66)
	at com.intellij.rt.testng.RemoteTestNGStarter.main(RemoteTestNGStarter.java:110)
</pre></div></td>
<td>2</td>
<td>testcases.login.android.LoginWithGoogleAccountAndroid@73ee04c8</td></tr>
<tr>
<td title='testcases.login.android.LoginWithGoogleAccountAndroid.verifyLoggedIn()'><b>verifyLoggedIn</b><br>Test class: testcases.login.android.LoginWithGoogleAccountAndroid</td>
<td><div><pre>java.lang.IndexOutOfBoundsException: Index 0 out of bounds for length 0
	at java.base/jdk.internal.util.Preconditions.outOfBounds(Preconditions.java:64)
	at java.base/jdk.internal.util.Preconditions.outOfBoundsCheckIndex(Preconditions.java:70)
	at java.base/jdk.internal.util.Preconditions.checkIndex(Preconditions.java:248)
	at java.base/java.util.Objects.checkIndex(Objects.java:373)
	at java.base/java.util.ArrayList.get(ArrayList.java:425)
	at pageobjects.LoginScreenPO.openProfilePage(LoginScreenPO.java:20)
	at testcases.login.android.LoginWithGoogleAccountAndroid.verifyLoggedIn(LoginWithGoogleAccountAndroid.java:48)
	at java.base/java.util.ArrayList.forEach(ArrayList.java:1507)
	at com.intellij.rt.testng.IDEARemoteTestNG.run(IDEARemoteTestNG.java:66)
	at com.intellij.rt.testng.RemoteTestNGStarter.main(RemoteTestNGStarter.java:110)
... Removed 24 stack frames</pre></div><a href='#' onClick='toggleBox("stack-trace2011592223", this, "Click to show all stack frames", "Click to hide stack frames")'>Click to show all stack frames</a>
<div class='stack-trace' id='stack-trace2011592223'><pre>java.lang.IndexOutOfBoundsException: Index 0 out of bounds for length 0
	at java.base/jdk.internal.util.Preconditions.outOfBounds(Preconditions.java:64)
	at java.base/jdk.internal.util.Preconditions.outOfBoundsCheckIndex(Preconditions.java:70)
	at java.base/jdk.internal.util.Preconditions.checkIndex(Preconditions.java:248)
	at java.base/java.util.Objects.checkIndex(Objects.java:373)
	at java.base/java.util.ArrayList.get(ArrayList.java:425)
	at pageobjects.LoginScreenPO.openProfilePage(LoginScreenPO.java:20)
	at testcases.login.android.LoginWithGoogleAccountAndroid.verifyLoggedIn(LoginWithGoogleAccountAndroid.java:48)
	at java.base/jdk.internal.reflect.NativeMethodAccessorImpl.invoke0(Native Method)
	at java.base/jdk.internal.reflect.NativeMethodAccessorImpl.invoke(NativeMethodAccessorImpl.java:62)
	at java.base/jdk.internal.reflect.DelegatingMethodAccessorImpl.invoke(DelegatingMethodAccessorImpl.java:43)
	at java.base/java.lang.reflect.Method.invoke(Method.java:567)
	at org.testng.internal.MethodInvocationHelper.invokeMethod(MethodInvocationHelper.java:134)
	at org.testng.internal.TestInvoker.invokeMethod(TestInvoker.java:597)
	at org.testng.internal.TestInvoker.invokeTestMethod(TestInvoker.java:173)
	at org.testng.internal.MethodRunner.runInSequence(MethodRunner.java:46)
	at org.testng.internal.TestInvoker$MethodInvocationAgent.invoke(TestInvoker.java:816)
	at org.testng.internal.TestInvoker.invokeTestMethods(TestInvoker.java:146)
	at org.testng.internal.TestMethodWorker.invokeTestMethods(TestMethodWorker.java:146)
	at org.testng.internal.TestMethodWorker.run(TestMethodWorker.java:128)
	at java.base/java.util.ArrayList.forEach(ArrayList.java:1507)
	at org.testng.TestRunner.privateRun(TestRunner.java:766)
	at org.testng.TestRunner.run(TestRunner.java:587)
	at org.testng.SuiteRunner.runTest(SuiteRunner.java:384)
	at org.testng.SuiteRunner.runSequentially(SuiteRunner.java:378)
	at org.testng.SuiteRunner.privateRun(SuiteRunner.java:337)
	at org.testng.SuiteRunner.run(SuiteRunner.java:286)
	at org.testng.SuiteRunnerWorker.runSuite(SuiteRunnerWorker.java:53)
	at org.testng.SuiteRunnerWorker.run(SuiteRunnerWorker.java:96)
	at org.testng.TestNG.runSuitesSequentially(TestNG.java:1187)
	at org.testng.TestNG.runSuitesLocally(TestNG.java:1109)
	at org.testng.TestNG.runSuites(TestNG.java:1039)
	at org.testng.TestNG.run(TestNG.java:1007)
	at com.intellij.rt.testng.IDEARemoteTestNG.run(IDEARemoteTestNG.java:66)
	at com.intellij.rt.testng.RemoteTestNGStarter.main(RemoteTestNGStarter.java:110)
</pre></div></td>
<td>2</td>
<td>testcases.login.android.LoginWithGoogleAccountAndroid@2f8dad04</td></tr>
<tr>
<td title='testcases.login.android.LoginWithGoogleAccountAndroid.verifyLoggedIn()'><b>verifyLoggedIn</b><br>Test class: testcases.login.android.LoginWithGoogleAccountAndroid</td>
<td><div><pre>java.lang.IndexOutOfBoundsException: Index 0 out of bounds for length 0
	at java.base/jdk.internal.util.Preconditions.outOfBounds(Preconditions.java:64)
	at java.base/jdk.internal.util.Preconditions.outOfBoundsCheckIndex(Preconditions.java:70)
	at java.base/jdk.internal.util.Preconditions.checkIndex(Preconditions.java:248)
	at java.base/java.util.Objects.checkIndex(Objects.java:373)
	at java.base/java.util.ArrayList.get(ArrayList.java:425)
	at pageobjects.LoginScreenPO.openProfilePage(LoginScreenPO.java:20)
	at testcases.login.android.LoginWithGoogleAccountAndroid.verifyLoggedIn(LoginWithGoogleAccountAndroid.java:48)
	at java.base/java.util.ArrayList.forEach(ArrayList.java:1507)
	at com.intellij.rt.testng.IDEARemoteTestNG.run(IDEARemoteTestNG.java:66)
	at com.intellij.rt.testng.RemoteTestNGStarter.main(RemoteTestNGStarter.java:110)
... Removed 24 stack frames</pre></div><a href='#' onClick='toggleBox("stack-trace1549563980", this, "Click to show all stack frames", "Click to hide stack frames")'>Click to show all stack frames</a>
<div class='stack-trace' id='stack-trace1549563980'><pre>java.lang.IndexOutOfBoundsException: Index 0 out of bounds for length 0
	at java.base/jdk.internal.util.Preconditions.outOfBounds(Preconditions.java:64)
	at java.base/jdk.internal.util.Preconditions.outOfBoundsCheckIndex(Preconditions.java:70)
	at java.base/jdk.internal.util.Preconditions.checkIndex(Preconditions.java:248)
	at java.base/java.util.Objects.checkIndex(Objects.java:373)
	at java.base/java.util.ArrayList.get(ArrayList.java:425)
	at pageobjects.LoginScreenPO.openProfilePage(LoginScreenPO.java:20)
	at testcases.login.android.LoginWithGoogleAccountAndroid.verifyLoggedIn(LoginWithGoogleAccountAndroid.java:48)
	at java.base/jdk.internal.reflect.NativeMethodAccessorImpl.invoke0(Native Method)
	at java.base/jdk.internal.reflect.NativeMethodAccessorImpl.invoke(NativeMethodAccessorImpl.java:62)
	at java.base/jdk.internal.reflect.DelegatingMethodAccessorImpl.invoke(DelegatingMethodAccessorImpl.java:43)
	at java.base/java.lang.reflect.Method.invoke(Method.java:567)
	at org.testng.internal.MethodInvocationHelper.invokeMethod(MethodInvocationHelper.java:134)
	at org.testng.internal.TestInvoker.invokeMethod(TestInvoker.java:597)
	at org.testng.internal.TestInvoker.invokeTestMethod(TestInvoker.java:173)
	at org.testng.internal.MethodRunner.runInSequence(MethodRunner.java:46)
	at org.testng.internal.TestInvoker$MethodInvocationAgent.invoke(TestInvoker.java:816)
	at org.testng.internal.TestInvoker.invokeTestMethods(TestInvoker.java:146)
	at org.testng.internal.TestMethodWorker.invokeTestMethods(TestMethodWorker.java:146)
	at org.testng.internal.TestMethodWorker.run(TestMethodWorker.java:128)
	at java.base/java.util.ArrayList.forEach(ArrayList.java:1507)
	at org.testng.TestRunner.privateRun(TestRunner.java:766)
	at org.testng.TestRunner.run(TestRunner.java:587)
	at org.testng.SuiteRunner.runTest(SuiteRunner.java:384)
	at org.testng.SuiteRunner.runSequentially(SuiteRunner.java:378)
	at org.testng.SuiteRunner.privateRun(SuiteRunner.java:337)
	at org.testng.SuiteRunner.run(SuiteRunner.java:286)
	at org.testng.SuiteRunnerWorker.runSuite(SuiteRunnerWorker.java:53)
	at org.testng.SuiteRunnerWorker.run(SuiteRunnerWorker.java:96)
	at org.testng.TestNG.runSuitesSequentially(TestNG.java:1187)
	at org.testng.TestNG.runSuitesLocally(TestNG.java:1109)
	at org.testng.TestNG.runSuites(TestNG.java:1039)
	at org.testng.TestNG.run(TestNG.java:1007)
	at com.intellij.rt.testng.IDEARemoteTestNG.run(IDEARemoteTestNG.java:66)
	at com.intellij.rt.testng.RemoteTestNGStarter.main(RemoteTestNGStarter.java:110)
</pre></div></td>
<td>2</td>
<td>testcases.login.android.LoginWithGoogleAccountAndroid@1a4013</td></tr>
</table><p>
<table width='100%' border='1' class='invocation-passed'>
<tr><td colspan='4' align='center'><b>PASSED TESTS</b></td></tr>
<tr><td><b>Test method</b></td>
<td width="30%"><b>Exception</b></td>
<td width="10%"><b>Time (seconds)</b></td>
<td><b>Instance</b></td>
</tr>
<tr>
<td title='testcases.login.android.LoginEmployeeEmailPassAndroid.loginwithEmployeeAccount()'><b>loginwithEmployeeAccount</b><br>Test class: testcases.login.android.LoginEmployeeEmailPassAndroid</td>
<td></td>
<td>10</td>
<td>testcases.login.android.LoginEmployeeEmailPassAndroid@69fb6037</td></tr>
<tr>
<td title='testcases.login.android.LoginEmployeeEmailPassAndroid.loginwithEmployeeAccount()'><b>loginwithEmployeeAccount</b><br>Test class: testcases.login.android.LoginEmployeeEmailPassAndroid</td>
<td></td>
<td>10</td>
<td>testcases.login.android.LoginEmployeeEmailPassAndroid@52102734</td></tr>
<tr>
<td title='testcases.login.android.LoginEmployeeEmailPassAndroid.loginwithEmployeeAccount()'><b>loginwithEmployeeAccount</b><br>Test class: testcases.login.android.LoginEmployeeEmailPassAndroid</td>
<td></td>
<td>10</td>
<td>testcases.login.android.LoginEmployeeEmailPassAndroid@26275bef</td></tr>
<tr>
<td title='testcases.login.android.LoginEmployeeEmailPassAndroid.loginwithEmployeeAccount()'><b>loginwithEmployeeAccount</b><br>Test class: testcases.login.android.LoginEmployeeEmailPassAndroid</td>
<td></td>
<td>8</td>
<td>testcases.login.android.LoginEmployeeEmailPassAndroid@72cde7cc</td></tr>
<tr>
<td title='testcases.login.android.LoginEmployeeEmailPassAndroid.loginwithEmployeeAccount()'><b>loginwithEmployeeAccount</b><br>Test class: testcases.login.android.LoginEmployeeEmailPassAndroid</td>
<td></td>
<td>9</td>
<td>testcases.login.android.LoginEmployeeEmailPassAndroid@649bec2e</td></tr>
<tr>
<td title='testcases.login.android.LoginCompanyEmailPassAndroid.loginwithEmployerAccount()'><b>loginwithEmployerAccount</b><br>Test class: testcases.login.android.LoginCompanyEmailPassAndroid</td>
<td></td>
<td>11</td>
<td>testcases.login.android.LoginCompanyEmailPassAndroid@6a03bcb1</td></tr>
<tr>
<td title='testcases.login.android.LoginCompanyEmailPassAndroid.loginwithEmployerAccount()'><b>loginwithEmployerAccount</b><br>Test class: testcases.login.android.LoginCompanyEmailPassAndroid</td>
<td></td>
<td>11</td>
<td>testcases.login.android.LoginCompanyEmailPassAndroid@1bb266b3</td></tr>
<tr>
<td title='testcases.login.android.LoginCompanyEmailPassAndroid.loginwithEmployerAccount()'><b>loginwithEmployerAccount</b><br>Test class: testcases.login.android.LoginCompanyEmailPassAndroid</td>
<td></td>
<td>9</td>
<td>testcases.login.android.LoginCompanyEmailPassAndroid@4cc8eb05</td></tr>
<tr>
<td title='testcases.login.android.LoginCompanyEmailPassAndroid.loginwithEmployerAccount()'><b>loginwithEmployerAccount</b><br>Test class: testcases.login.android.LoginCompanyEmailPassAndroid</td>
<td></td>
<td>8</td>
<td>testcases.login.android.LoginCompanyEmailPassAndroid@74455848</td></tr>
<tr>
<td title='testcases.login.android.LoginCompanyEmailPassAndroid.loginwithEmployerAccount()'><b>loginwithEmployerAccount</b><br>Test class: testcases.login.android.LoginCompanyEmailPassAndroid</td>
<td></td>
<td>8</td>
<td>testcases.login.android.LoginCompanyEmailPassAndroid@b62d79</td></tr>
<tr>
<td title='testcases.login.android.LoginWithGoogleAccountAndroid.loginwithGoogleAccount()'><b>loginwithGoogleAccount</b><br>Test class: testcases.login.android.LoginWithGoogleAccountAndroid</td>
<td></td>
<td>14</td>
<td>testcases.login.android.LoginWithGoogleAccountAndroid@1fb700ee</td></tr>
<tr>
<td title='testcases.login.android.LoginWithGoogleAccountAndroid.loginwithGoogleAccount()'><b>loginwithGoogleAccount</b><br>Test class: testcases.login.android.LoginWithGoogleAccountAndroid</td>
<td></td>
<td>14</td>
<td>testcases.login.android.LoginWithGoogleAccountAndroid@355ce81c</td></tr>
<tr>
<td title='testcases.login.android.LoginWithGoogleAccountAndroid.loginwithGoogleAccount()'><b>loginwithGoogleAccount</b><br>Test class: testcases.login.android.LoginWithGoogleAccountAndroid</td>
<td></td>
<td>14</td>
<td>testcases.login.android.LoginWithGoogleAccountAndroid@73ee04c8</td></tr>
<tr>
<td title='testcases.login.android.LoginWithGoogleAccountAndroid.loginwithGoogleAccount()'><b>loginwithGoogleAccount</b><br>Test class: testcases.login.android.LoginWithGoogleAccountAndroid</td>
<td></td>
<td>14</td>
<td>testcases.login.android.LoginWithGoogleAccountAndroid@2f8dad04</td></tr>
<tr>
<td title='testcases.login.android.LoginCompanyEmailPassAndroid.openApplication()'><b>openApplication</b><br>Test class: testcases.login.android.LoginCompanyEmailPassAndroid</td>
<td></td>
<td>0</td>
<td>testcases.login.android.LoginCompanyEmailPassAndroid@6a03bcb1</td></tr>
<tr>
<td title='testcases.login.android.LoginEmployeeEmailPassAndroid.openApplication()'><b>openApplication</b><br>Test class: testcases.login.android.LoginEmployeeEmailPassAndroid</td>
<td></td>
<td>0</td>
<td>testcases.login.android.LoginEmployeeEmailPassAndroid@69fb6037</td></tr>
<tr>
<td title='testcases.login.android.LoginWithGoogleAccountAndroid.openApplication()'><b>openApplication</b><br>Test class: testcases.login.android.LoginWithGoogleAccountAndroid</td>
<td></td>
<td>0</td>
<td>testcases.login.android.LoginWithGoogleAccountAndroid@1fb700ee</td></tr>
<tr>
<td title='testcases.login.android.LoginWrongEmailAndroid.openApplication()'><b>openApplication</b><br>Test class: testcases.login.android.LoginWrongEmailAndroid</td>
<td></td>
<td>0</td>
<td>testcases.login.android.LoginWrongEmailAndroid@6c779568</td></tr>
<tr>
<td title='testcases.login.android.LoginWrongPassAndroid.openApplication()'><b>openApplication</b><br>Test class: testcases.login.android.LoginWrongPassAndroid</td>
<td></td>
<td>0</td>
<td>testcases.login.android.LoginWrongPassAndroid@152aa092</td></tr>
<tr>
<td title='testcases.login.android.LoginCompanyEmailPassAndroid.openApplication()'><b>openApplication</b><br>Test class: testcases.login.android.LoginCompanyEmailPassAndroid</td>
<td></td>
<td>0</td>
<td>testcases.login.android.LoginCompanyEmailPassAndroid@1bb266b3</td></tr>
<tr>
<td title='testcases.login.android.LoginEmployeeEmailPassAndroid.openApplication()'><b>openApplication</b><br>Test class: testcases.login.android.LoginEmployeeEmailPassAndroid</td>
<td></td>
<td>0</td>
<td>testcases.login.android.LoginEmployeeEmailPassAndroid@52102734</td></tr>
<tr>
<td title='testcases.login.android.LoginWithGoogleAccountAndroid.openApplication()'><b>openApplication</b><br>Test class: testcases.login.android.LoginWithGoogleAccountAndroid</td>
<td></td>
<td>0</td>
<td>testcases.login.android.LoginWithGoogleAccountAndroid@355ce81c</td></tr>
<tr>
<td title='testcases.login.android.LoginWrongEmailAndroid.openApplication()'><b>openApplication</b><br>Test class: testcases.login.android.LoginWrongEmailAndroid</td>
<td></td>
<td>0</td>
<td>testcases.login.android.LoginWrongEmailAndroid@482bce4f</td></tr>
<tr>
<td title='testcases.login.android.LoginWrongPassAndroid.openApplication()'><b>openApplication</b><br>Test class: testcases.login.android.LoginWrongPassAndroid</td>
<td></td>
<td>0</td>
<td>testcases.login.android.LoginWrongPassAndroid@3972a855</td></tr>
<tr>
<td title='testcases.login.android.LoginCompanyEmailPassAndroid.openApplication()'><b>openApplication</b><br>Test class: testcases.login.android.LoginCompanyEmailPassAndroid</td>
<td></td>
<td>0</td>
<td>testcases.login.android.LoginCompanyEmailPassAndroid@4cc8eb05</td></tr>
<tr>
<td title='testcases.login.android.LoginEmployeeEmailPassAndroid.openApplication()'><b>openApplication</b><br>Test class: testcases.login.android.LoginEmployeeEmailPassAndroid</td>
<td></td>
<td>0</td>
<td>testcases.login.android.LoginEmployeeEmailPassAndroid@26275bef</td></tr>
<tr>
<td title='testcases.login.android.LoginWithGoogleAccountAndroid.openApplication()'><b>openApplication</b><br>Test class: testcases.login.android.LoginWithGoogleAccountAndroid</td>
<td></td>
<td>0</td>
<td>testcases.login.android.LoginWithGoogleAccountAndroid@73ee04c8</td></tr>
<tr>
<td title='testcases.login.android.LoginWrongEmailAndroid.openApplication()'><b>openApplication</b><br>Test class: testcases.login.android.LoginWrongEmailAndroid</td>
<td></td>
<td>0</td>
<td>testcases.login.android.LoginWrongEmailAndroid@3a6bb9bf</td></tr>
<tr>
<td title='testcases.login.android.LoginWrongPassAndroid.openApplication()'><b>openApplication</b><br>Test class: testcases.login.android.LoginWrongPassAndroid</td>
<td></td>
<td>0</td>
<td>testcases.login.android.LoginWrongPassAndroid@55536d9e</td></tr>
<tr>
<td title='testcases.login.android.LoginCompanyEmailPassAndroid.openApplication()'><b>openApplication</b><br>Test class: testcases.login.android.LoginCompanyEmailPassAndroid</td>
<td></td>
<td>0</td>
<td>testcases.login.android.LoginCompanyEmailPassAndroid@74455848</td></tr>
<tr>
<td title='testcases.login.android.LoginEmployeeEmailPassAndroid.openApplication()'><b>openApplication</b><br>Test class: testcases.login.android.LoginEmployeeEmailPassAndroid</td>
<td></td>
<td>0</td>
<td>testcases.login.android.LoginEmployeeEmailPassAndroid@72cde7cc</td></tr>
<tr>
<td title='testcases.login.android.LoginWithGoogleAccountAndroid.openApplication()'><b>openApplication</b><br>Test class: testcases.login.android.LoginWithGoogleAccountAndroid</td>
<td></td>
<td>0</td>
<td>testcases.login.android.LoginWithGoogleAccountAndroid@2f8dad04</td></tr>
<tr>
<td title='testcases.login.android.LoginWrongEmailAndroid.openApplication()'><b>openApplication</b><br>Test class: testcases.login.android.LoginWrongEmailAndroid</td>
<td></td>
<td>0</td>
<td>testcases.login.android.LoginWrongEmailAndroid@a3d8174</td></tr>
<tr>
<td title='testcases.login.android.LoginWrongPassAndroid.openApplication()'><b>openApplication</b><br>Test class: testcases.login.android.LoginWrongPassAndroid</td>
<td></td>
<td>0</td>
<td>testcases.login.android.LoginWrongPassAndroid@625732</td></tr>
<tr>
<td title='testcases.login.android.LoginCompanyEmailPassAndroid.openApplication()'><b>openApplication</b><br>Test class: testcases.login.android.LoginCompanyEmailPassAndroid</td>
<td></td>
<td>0</td>
<td>testcases.login.android.LoginCompanyEmailPassAndroid@b62d79</td></tr>
<tr>
<td title='testcases.login.android.LoginEmployeeEmailPassAndroid.openApplication()'><b>openApplication</b><br>Test class: testcases.login.android.LoginEmployeeEmailPassAndroid</td>
<td></td>
<td>0</td>
<td>testcases.login.android.LoginEmployeeEmailPassAndroid@649bec2e</td></tr>
<tr>
<td title='testcases.login.android.LoginWithGoogleAccountAndroid.openApplication()'><b>openApplication</b><br>Test class: testcases.login.android.LoginWithGoogleAccountAndroid</td>
<td></td>
<td>0</td>
<td>testcases.login.android.LoginWithGoogleAccountAndroid@1a4013</td></tr>
<tr>
<td title='testcases.login.android.LoginWrongEmailAndroid.openApplication()'><b>openApplication</b><br>Test class: testcases.login.android.LoginWrongEmailAndroid</td>
<td></td>
<td>0</td>
<td>testcases.login.android.LoginWrongEmailAndroid@10163d6</td></tr>
<tr>
<td title='testcases.login.android.LoginWrongPassAndroid.openApplication()'><b>openApplication</b><br>Test class: testcases.login.android.LoginWrongPassAndroid</td>
<td></td>
<td>0</td>
<td>testcases.login.android.LoginWrongPassAndroid@48974e45</td></tr>
<tr>
<td title='testcases.login.android.LoginCompanyEmailPassAndroid.openApplication()'><b>openApplication</b><br>Test class: testcases.login.android.LoginCompanyEmailPassAndroid</td>
<td></td>
<td>0</td>
<td>testcases.login.android.LoginCompanyEmailPassAndroid@193f604a</td></tr>
<tr>
<td title='testcases.login.android.LoginWithGoogleAccountAndroid.openGoogleOAuth()'><b>openGoogleOAuth</b><br>Test class: testcases.login.android.LoginWithGoogleAccountAndroid</td>
<td></td>
<td>3</td>
<td>testcases.login.android.LoginWithGoogleAccountAndroid@1fb700ee</td></tr>
<tr>
<td title='testcases.login.android.LoginWithGoogleAccountAndroid.openGoogleOAuth()'><b>openGoogleOAuth</b><br>Test class: testcases.login.android.LoginWithGoogleAccountAndroid</td>
<td></td>
<td>2</td>
<td>testcases.login.android.LoginWithGoogleAccountAndroid@355ce81c</td></tr>
<tr>
<td title='testcases.login.android.LoginWithGoogleAccountAndroid.openGoogleOAuth()'><b>openGoogleOAuth</b><br>Test class: testcases.login.android.LoginWithGoogleAccountAndroid</td>
<td></td>
<td>2</td>
<td>testcases.login.android.LoginWithGoogleAccountAndroid@73ee04c8</td></tr>
<tr>
<td title='testcases.login.android.LoginWithGoogleAccountAndroid.openGoogleOAuth()'><b>openGoogleOAuth</b><br>Test class: testcases.login.android.LoginWithGoogleAccountAndroid</td>
<td></td>
<td>2</td>
<td>testcases.login.android.LoginWithGoogleAccountAndroid@2f8dad04</td></tr>
<tr>
<td title='testcases.login.android.LoginWithGoogleAccountAndroid.openLoginPage()'><b>openLoginPage</b><br>Test class: testcases.login.android.LoginWithGoogleAccountAndroid</td>
<td></td>
<td>2</td>
<td>testcases.login.android.LoginWithGoogleAccountAndroid@1fb700ee</td></tr>
<tr>
<td title='testcases.login.android.LoginWithGoogleAccountAndroid.openLoginPage()'><b>openLoginPage</b><br>Test class: testcases.login.android.LoginWithGoogleAccountAndroid</td>
<td></td>
<td>2</td>
<td>testcases.login.android.LoginWithGoogleAccountAndroid@355ce81c</td></tr>
<tr>
<td title='testcases.login.android.LoginWithGoogleAccountAndroid.openLoginPage()'><b>openLoginPage</b><br>Test class: testcases.login.android.LoginWithGoogleAccountAndroid</td>
<td></td>
<td>2</td>
<td>testcases.login.android.LoginWithGoogleAccountAndroid@73ee04c8</td></tr>
<tr>
<td title='testcases.login.android.LoginWithGoogleAccountAndroid.openLoginPage()'><b>openLoginPage</b><br>Test class: testcases.login.android.LoginWithGoogleAccountAndroid</td>
<td></td>
<td>2</td>
<td>testcases.login.android.LoginWithGoogleAccountAndroid@2f8dad04</td></tr>
<tr>
<td title='testcases.login.android.LoginWithGoogleAccountAndroid.openLoginPage()'><b>openLoginPage</b><br>Test class: testcases.login.android.LoginWithGoogleAccountAndroid</td>
<td></td>
<td>2</td>
<td>testcases.login.android.LoginWithGoogleAccountAndroid@1a4013</td></tr>
<tr>
<td title='testcases.login.android.LoginWrongEmailAndroid.tryLoginWrongPassword()'><b>tryLoginWrongPassword</b><br>Test class: testcases.login.android.LoginWrongEmailAndroid</td>
<td></td>
<td>8</td>
<td>testcases.login.android.LoginWrongEmailAndroid@6c779568</td></tr>
<tr>
<td title='testcases.login.android.LoginWrongPassAndroid.tryLoginWrongPassword()'><b>tryLoginWrongPassword</b><br>Test class: testcases.login.android.LoginWrongPassAndroid</td>
<td></td>
<td>8</td>
<td>testcases.login.android.LoginWrongPassAndroid@152aa092</td></tr>
<tr>
<td title='testcases.login.android.LoginWrongEmailAndroid.tryLoginWrongPassword()'><b>tryLoginWrongPassword</b><br>Test class: testcases.login.android.LoginWrongEmailAndroid</td>
<td></td>
<td>9</td>
<td>testcases.login.android.LoginWrongEmailAndroid@482bce4f</td></tr>
<tr>
<td title='testcases.login.android.LoginWrongPassAndroid.tryLoginWrongPassword()'><b>tryLoginWrongPassword</b><br>Test class: testcases.login.android.LoginWrongPassAndroid</td>
<td></td>
<td>9</td>
<td>testcases.login.android.LoginWrongPassAndroid@3972a855</td></tr>
<tr>
<td title='testcases.login.android.LoginWrongEmailAndroid.tryLoginWrongPassword()'><b>tryLoginWrongPassword</b><br>Test class: testcases.login.android.LoginWrongEmailAndroid</td>
<td></td>
<td>9</td>
<td>testcases.login.android.LoginWrongEmailAndroid@3a6bb9bf</td></tr>
<tr>
<td title='testcases.login.android.LoginWrongPassAndroid.tryLoginWrongPassword()'><b>tryLoginWrongPassword</b><br>Test class: testcases.login.android.LoginWrongPassAndroid</td>
<td></td>
<td>10</td>
<td>testcases.login.android.LoginWrongPassAndroid@55536d9e</td></tr>
<tr>
<td title='testcases.login.android.LoginWrongEmailAndroid.tryLoginWrongPassword()'><b>tryLoginWrongPassword</b><br>Test class: testcases.login.android.LoginWrongEmailAndroid</td>
<td></td>
<td>8</td>
<td>testcases.login.android.LoginWrongEmailAndroid@a3d8174</td></tr>
<tr>
<td title='testcases.login.android.LoginWrongPassAndroid.tryLoginWrongPassword()'><b>tryLoginWrongPassword</b><br>Test class: testcases.login.android.LoginWrongPassAndroid</td>
<td></td>
<td>10</td>
<td>testcases.login.android.LoginWrongPassAndroid@625732</td></tr>
<tr>
<td title='testcases.login.android.LoginWrongEmailAndroid.tryLoginWrongPassword()'><b>tryLoginWrongPassword</b><br>Test class: testcases.login.android.LoginWrongEmailAndroid</td>
<td></td>
<td>7</td>
<td>testcases.login.android.LoginWrongEmailAndroid@10163d6</td></tr>
<tr>
<td title='testcases.login.android.LoginWrongPassAndroid.tryLoginWrongPassword()'><b>tryLoginWrongPassword</b><br>Test class: testcases.login.android.LoginWrongPassAndroid</td>
<td></td>
<td>9</td>
<td>testcases.login.android.LoginWrongPassAndroid@48974e45</td></tr>
<tr>
<td title='testcases.login.android.LoginWrongEmailAndroid.verifyWrongEmail()'><b>verifyWrongEmail</b><br>Test class: testcases.login.android.LoginWrongEmailAndroid</td>
<td></td>
<td>0</td>
<td>testcases.login.android.LoginWrongEmailAndroid@6c779568</td></tr>
<tr>
<td title='testcases.login.android.LoginWrongEmailAndroid.verifyWrongEmail()'><b>verifyWrongEmail</b><br>Test class: testcases.login.android.LoginWrongEmailAndroid</td>
<td></td>
<td>0</td>
<td>testcases.login.android.LoginWrongEmailAndroid@482bce4f</td></tr>
<tr>
<td title='testcases.login.android.LoginWrongEmailAndroid.verifyWrongEmail()'><b>verifyWrongEmail</b><br>Test class: testcases.login.android.LoginWrongEmailAndroid</td>
<td></td>
<td>0</td>
<td>testcases.login.android.LoginWrongEmailAndroid@3a6bb9bf</td></tr>
<tr>
<td title='testcases.login.android.LoginWrongEmailAndroid.verifyWrongEmail()'><b>verifyWrongEmail</b><br>Test class: testcases.login.android.LoginWrongEmailAndroid</td>
<td></td>
<td>0</td>
<td>testcases.login.android.LoginWrongEmailAndroid@a3d8174</td></tr>
<tr>
<td title='testcases.login.android.LoginWrongEmailAndroid.verifyWrongEmail()'><b>verifyWrongEmail</b><br>Test class: testcases.login.android.LoginWrongEmailAndroid</td>
<td></td>
<td>0</td>
<td>testcases.login.android.LoginWrongEmailAndroid@10163d6</td></tr>
<tr>
<td title='testcases.login.android.LoginWrongPassAndroid.verifyWrongPassword()'><b>verifyWrongPassword</b><br>Test class: testcases.login.android.LoginWrongPassAndroid</td>
<td></td>
<td>3</td>
<td>testcases.login.android.LoginWrongPassAndroid@152aa092</td></tr>
<tr>
<td title='testcases.login.android.LoginWrongPassAndroid.verifyWrongPassword()'><b>verifyWrongPassword</b><br>Test class: testcases.login.android.LoginWrongPassAndroid</td>
<td></td>
<td>3</td>
<td>testcases.login.android.LoginWrongPassAndroid@3972a855</td></tr>
<tr>
<td title='testcases.login.android.LoginWrongPassAndroid.verifyWrongPassword()'><b>verifyWrongPassword</b><br>Test class: testcases.login.android.LoginWrongPassAndroid</td>
<td></td>
<td>3</td>
<td>testcases.login.android.LoginWrongPassAndroid@55536d9e</td></tr>
<tr>
<td title='testcases.login.android.LoginWrongPassAndroid.verifyWrongPassword()'><b>verifyWrongPassword</b><br>Test class: testcases.login.android.LoginWrongPassAndroid</td>
<td></td>
<td>3</td>
<td>testcases.login.android.LoginWrongPassAndroid@625732</td></tr>
<tr>
<td title='testcases.login.android.LoginWrongPassAndroid.verifyWrongPassword()'><b>verifyWrongPassword</b><br>Test class: testcases.login.android.LoginWrongPassAndroid</td>
<td></td>
<td>6</td>
<td>testcases.login.android.LoginWrongPassAndroid@48974e45</td></tr>
</table><p>
</body>
</html>