<?xml version="1.0" encoding="UTF-8"?>
<!-- Generated by org.testng.reporters.JUnitXMLReporter -->
<testsuite ignored="0" hostname="dejanb" failures="2" tests="3" name="Login with employee email/pass account iPhone 11 Pro" time="228.014" errors="0" timestamp="2020-04-25T01:14:15 EEST">
  <testcase classname="testcases.login.iOS.LoginEmployeeEmailPassiOS" name="openApplication" time="0.003"/>
  <testcase classname="testcases.login.iOS.LoginEmployeeEmailPassiOS" name="loginwithEmployeeAccount" time="23.351">
    <failure type="org.openqa.selenium.NoSuchElementException" message="An element could not be located on the page using the given search parameters. (WARNING: The server did not provide any stacktrace information)
Command duration or timeout: 0 milliseconds
For documentation on this error, please visit: https://www.seleniumhq.org/exceptions/no_such_element.html
Build info: version: &amp;apos;3.141.59&amp;apos;, revision: &amp;apos;e82be7d358&amp;apos;, time: &amp;apos;2018-11-14T08:17:03&amp;apos;
System info: host: &amp;apos;DEJANB&amp;apos;, ip: &amp;apos;10.21.25.10&amp;apos;, os.name: &amp;apos;Windows 10&amp;apos;, os.arch: &amp;apos;amd64&amp;apos;, os.version: &amp;apos;10.0&amp;apos;, java.version: &amp;apos;13.0.2&amp;apos;
Driver info: io.appium.java_client.ios.IOSDriver
Capabilities {64bit: false, acceptSslCert: false, acceptSslCerts: false, appium_port: 8086, autoAcceptAlerts: true, automationName: XCUITest, bootstrapPath: /usr/local/.browserstack/co..., browserName: , browserstack.appiumLogs: true, browserstack.appium_version: 1.16.0, browserstack.debug: false, browserstack.deviceLogs: true, browserstack.ie.noFlash: false, browserstack.isTargetBased: false, browserstack.minOSVersion: 10.0, browserstack.tunnelIdentifier: , browserstack.video: true, browserstack.video.disableWaterMark: false, buildName: 5.4.6 QAiPhone 11 Pro, bundleID: com.aktech.opentemp, bundleId: com.aktech.opentemp, databaseEnabled: false, detected_language: selenium/3.141.59 (java win..., device: iphone, deviceName: iPhone 11 Pro, deviceOrientation: portrait, javascriptEnabled: true, locationContextEnabled: false, mobile: {browser: mobile, version: iPhone 11 Pro-13.2}, networkConnectionEnabled: false, newCommandTimeout: 100, new_bucketing: true, noReset: true, orientation: PORTRAIT, orig_os: ios, os_version: 13.3, platform: MAC, platformName: iOS, platformVersion: 12.1, projectName: OpenTemp Project, proxy_type: node, realMobile: true, safariIgnoreFraudWarning: true, safariInitialUrl: http://mobile-internet-chec..., sessionName: Login with Employee email/p..., takesScreenshot: true, udid: 00008030-001E24E82168802E, useXctestrunFile: true, version: , waitForQuiescence: false, wdaStartupRetries: 3, wda_port: 28406, webStorageEnabled: false, webkitResponseTimeout: 20000}
Session ID: 7ef8edc5ea0e517661496e74efc5d20f4c080533
*** Element info: {Using=xpath, value=(//XCUIElementTypeStaticText[@name=&amp;quot;Email Address&amp;quot;])[1]}">
      <![CDATA[org.openqa.selenium.NoSuchElementException: An element could not be located on the page using the given search parameters. (WARNING: The server did not provide any stacktrace information)
Command duration or timeout: 0 milliseconds
For documentation on this error, please visit: https://www.seleniumhq.org/exceptions/no_such_element.html
Build info: version: '3.141.59', revision: 'e82be7d358', time: '2018-11-14T08:17:03'
System info: host: 'DEJANB', ip: '10.21.25.10', os.name: 'Windows 10', os.arch: 'amd64', os.version: '10.0', java.version: '13.0.2'
Driver info: io.appium.java_client.ios.IOSDriver
Capabilities {64bit: false, acceptSslCert: false, acceptSslCerts: false, appium_port: 8086, autoAcceptAlerts: true, automationName: XCUITest, bootstrapPath: /usr/local/.browserstack/co..., browserName: , browserstack.appiumLogs: true, browserstack.appium_version: 1.16.0, browserstack.debug: false, browserstack.deviceLogs: true, browserstack.ie.noFlash: false, browserstack.isTargetBased: false, browserstack.minOSVersion: 10.0, browserstack.tunnelIdentifier: , browserstack.video: true, browserstack.video.disableWaterMark: false, buildName: 5.4.6 QAiPhone 11 Pro, bundleID: com.aktech.opentemp, bundleId: com.aktech.opentemp, databaseEnabled: false, detected_language: selenium/3.141.59 (java win..., device: iphone, deviceName: iPhone 11 Pro, deviceOrientation: portrait, javascriptEnabled: true, locationContextEnabled: false, mobile: {browser: mobile, version: iPhone 11 Pro-13.2}, networkConnectionEnabled: false, newCommandTimeout: 100, new_bucketing: true, noReset: true, orientation: PORTRAIT, orig_os: ios, os_version: 13.3, platform: MAC, platformName: iOS, platformVersion: 12.1, projectName: OpenTemp Project, proxy_type: node, realMobile: true, safariIgnoreFraudWarning: true, safariInitialUrl: http://mobile-internet-chec..., sessionName: Login with Employee email/p..., takesScreenshot: true, udid: 00008030-001E24E82168802E, useXctestrunFile: true, version: , waitForQuiescence: false, wdaStartupRetries: 3, wda_port: 28406, webStorageEnabled: false, webkitResponseTimeout: 20000}
Session ID: 7ef8edc5ea0e517661496e74efc5d20f4c080533
*** Element info: {Using=xpath, value=(//XCUIElementTypeStaticText[@name="Email Address"])[1]}
at org.openqa.selenium.remote.ErrorHandler.createThrowable(ErrorHandler.java:214)
at org.openqa.selenium.remote.ErrorHandler.throwIfResponseFailed(ErrorHandler.java:166)
at org.openqa.selenium.remote.http.JsonHttpResponseCodec.reconstructValue(JsonHttpResponseCodec.java:40)
at org.openqa.selenium.remote.http.AbstractHttpResponseCodec.decode(AbstractHttpResponseCodec.java:80)
at org.openqa.selenium.remote.http.AbstractHttpResponseCodec.decode(AbstractHttpResponseCodec.java:44)
at org.openqa.selenium.remote.HttpCommandExecutor.execute(HttpCommandExecutor.java:158)
at io.appium.java_client.remote.AppiumCommandExecutor.execute(AppiumCommandExecutor.java:239)
at org.openqa.selenium.remote.RemoteWebDriver.execute(RemoteWebDriver.java:552)
at io.appium.java_client.DefaultGenericMobileDriver.execute(DefaultGenericMobileDriver.java:41)
at io.appium.java_client.AppiumDriver.execute(AppiumDriver.java:1)
at io.appium.java_client.ios.IOSDriver.execute(IOSDriver.java:1)
at org.openqa.selenium.remote.RemoteWebDriver.findElement(RemoteWebDriver.java:323)
at io.appium.java_client.DefaultGenericMobileDriver.findElement(DefaultGenericMobileDriver.java:61)
at io.appium.java_client.AppiumDriver.findElement(AppiumDriver.java:1)
at io.appium.java_client.ios.IOSDriver.findElement(IOSDriver.java:1)
at org.openqa.selenium.remote.RemoteWebDriver.findElementByXPath(RemoteWebDriver.java:428)
at io.appium.java_client.DefaultGenericMobileDriver.findElementByXPath(DefaultGenericMobileDriver.java:151)
at io.appium.java_client.AppiumDriver.findElementByXPath(AppiumDriver.java:1)
at io.appium.java_client.ios.IOSDriver.findElementByXPath(IOSDriver.java:1)
at pageobjects.LoginScreenPO.loginWithEmployeeEmailPassiOS(LoginScreenPO.java:149)
at testcases.login.iOS.LoginEmployeeEmailPassiOS.loginwithEmployeeAccount(LoginEmployeeEmailPassiOS.java:30)
at java.base/java.util.ArrayList.forEach(ArrayList.java:1507)
at com.intellij.rt.testng.IDEARemoteTestNG.run(IDEARemoteTestNG.java:66)
at com.intellij.rt.testng.RemoteTestNGStarter.main(RemoteTestNGStarter.java:110)
... Removed 29 stack frames]]>
    </failure>
  </testcase> <!-- loginwithEmployeeAccount -->
  <testcase classname="testcases.login.iOS.LoginEmployeeEmailPassiOS" name="verifyEmployeeLoggedIn" time="5.936">
    <failure type="org.openqa.selenium.NoSuchElementException" message="An element could not be located on the page using the given search parameters. (WARNING: The server did not provide any stacktrace information)
Command duration or timeout: 0 milliseconds
For documentation on this error, please visit: https://www.seleniumhq.org/exceptions/no_such_element.html
Build info: version: &amp;apos;3.141.59&amp;apos;, revision: &amp;apos;e82be7d358&amp;apos;, time: &amp;apos;2018-11-14T08:17:03&amp;apos;
System info: host: &amp;apos;DEJANB&amp;apos;, ip: &amp;apos;10.21.25.10&amp;apos;, os.name: &amp;apos;Windows 10&amp;apos;, os.arch: &amp;apos;amd64&amp;apos;, os.version: &amp;apos;10.0&amp;apos;, java.version: &amp;apos;13.0.2&amp;apos;
Driver info: io.appium.java_client.ios.IOSDriver
Capabilities {64bit: false, acceptSslCert: false, acceptSslCerts: false, appium_port: 8086, autoAcceptAlerts: true, automationName: XCUITest, bootstrapPath: /usr/local/.browserstack/co..., browserName: , browserstack.appiumLogs: true, browserstack.appium_version: 1.16.0, browserstack.debug: false, browserstack.deviceLogs: true, browserstack.ie.noFlash: false, browserstack.isTargetBased: false, browserstack.minOSVersion: 10.0, browserstack.tunnelIdentifier: , browserstack.video: true, browserstack.video.disableWaterMark: false, buildName: 5.4.6 QAiPhone 11 Pro, bundleID: com.aktech.opentemp, bundleId: com.aktech.opentemp, databaseEnabled: false, detected_language: selenium/3.141.59 (java win..., device: iphone, deviceName: iPhone 11 Pro, deviceOrientation: portrait, javascriptEnabled: true, locationContextEnabled: false, mobile: {browser: mobile, version: iPhone 11 Pro-13.2}, networkConnectionEnabled: false, newCommandTimeout: 100, new_bucketing: true, noReset: true, orientation: PORTRAIT, orig_os: ios, os_version: 13.3, platform: MAC, platformName: iOS, platformVersion: 12.1, projectName: OpenTemp Project, proxy_type: node, realMobile: true, safariIgnoreFraudWarning: true, safariInitialUrl: http://mobile-internet-chec..., sessionName: Login with Employee email/p..., takesScreenshot: true, udid: 00008030-001E24E82168802E, useXctestrunFile: true, version: , waitForQuiescence: false, wdaStartupRetries: 3, wda_port: 28406, webStorageEnabled: false, webkitResponseTimeout: 20000}
Session ID: 7ef8edc5ea0e517661496e74efc5d20f4c080533
*** Element info: {Using=xpath, value=//XCUIElementTypeButton[contains(@name, &amp;quot;Allow&amp;quot;)]}">
      <![CDATA[org.openqa.selenium.NoSuchElementException: An element could not be located on the page using the given search parameters. (WARNING: The server did not provide any stacktrace information)
Command duration or timeout: 0 milliseconds
For documentation on this error, please visit: https://www.seleniumhq.org/exceptions/no_such_element.html
Build info: version: '3.141.59', revision: 'e82be7d358', time: '2018-11-14T08:17:03'
System info: host: 'DEJANB', ip: '10.21.25.10', os.name: 'Windows 10', os.arch: 'amd64', os.version: '10.0', java.version: '13.0.2'
Driver info: io.appium.java_client.ios.IOSDriver
Capabilities {64bit: false, acceptSslCert: false, acceptSslCerts: false, appium_port: 8086, autoAcceptAlerts: true, automationName: XCUITest, bootstrapPath: /usr/local/.browserstack/co..., browserName: , browserstack.appiumLogs: true, browserstack.appium_version: 1.16.0, browserstack.debug: false, browserstack.deviceLogs: true, browserstack.ie.noFlash: false, browserstack.isTargetBased: false, browserstack.minOSVersion: 10.0, browserstack.tunnelIdentifier: , browserstack.video: true, browserstack.video.disableWaterMark: false, buildName: 5.4.6 QAiPhone 11 Pro, bundleID: com.aktech.opentemp, bundleId: com.aktech.opentemp, databaseEnabled: false, detected_language: selenium/3.141.59 (java win..., device: iphone, deviceName: iPhone 11 Pro, deviceOrientation: portrait, javascriptEnabled: true, locationContextEnabled: false, mobile: {browser: mobile, version: iPhone 11 Pro-13.2}, networkConnectionEnabled: false, newCommandTimeout: 100, new_bucketing: true, noReset: true, orientation: PORTRAIT, orig_os: ios, os_version: 13.3, platform: MAC, platformName: iOS, platformVersion: 12.1, projectName: OpenTemp Project, proxy_type: node, realMobile: true, safariIgnoreFraudWarning: true, safariInitialUrl: http://mobile-internet-chec..., sessionName: Login with Employee email/p..., takesScreenshot: true, udid: 00008030-001E24E82168802E, useXctestrunFile: true, version: , waitForQuiescence: false, wdaStartupRetries: 3, wda_port: 28406, webStorageEnabled: false, webkitResponseTimeout: 20000}
Session ID: 7ef8edc5ea0e517661496e74efc5d20f4c080533
*** Element info: {Using=xpath, value=//XCUIElementTypeButton[contains(@name, "Allow")]}
at org.openqa.selenium.remote.ErrorHandler.createThrowable(ErrorHandler.java:214)
at org.openqa.selenium.remote.ErrorHandler.throwIfResponseFailed(ErrorHandler.java:166)
at org.openqa.selenium.remote.http.JsonHttpResponseCodec.reconstructValue(JsonHttpResponseCodec.java:40)
at org.openqa.selenium.remote.http.AbstractHttpResponseCodec.decode(AbstractHttpResponseCodec.java:80)
at org.openqa.selenium.remote.http.AbstractHttpResponseCodec.decode(AbstractHttpResponseCodec.java:44)
at org.openqa.selenium.remote.HttpCommandExecutor.execute(HttpCommandExecutor.java:158)
at io.appium.java_client.remote.AppiumCommandExecutor.execute(AppiumCommandExecutor.java:239)
at org.openqa.selenium.remote.RemoteWebDriver.execute(RemoteWebDriver.java:552)
at io.appium.java_client.DefaultGenericMobileDriver.execute(DefaultGenericMobileDriver.java:41)
at io.appium.java_client.AppiumDriver.execute(AppiumDriver.java:1)
at io.appium.java_client.ios.IOSDriver.execute(IOSDriver.java:1)
at org.openqa.selenium.remote.RemoteWebDriver.findElement(RemoteWebDriver.java:323)
at io.appium.java_client.DefaultGenericMobileDriver.findElement(DefaultGenericMobileDriver.java:61)
at io.appium.java_client.AppiumDriver.findElement(AppiumDriver.java:1)
at io.appium.java_client.ios.IOSDriver.findElement(IOSDriver.java:1)
at org.openqa.selenium.remote.RemoteWebDriver.findElementByXPath(RemoteWebDriver.java:428)
at io.appium.java_client.DefaultGenericMobileDriver.findElementByXPath(DefaultGenericMobileDriver.java:151)
at io.appium.java_client.AppiumDriver.findElementByXPath(AppiumDriver.java:1)
at io.appium.java_client.ios.IOSDriver.findElementByXPath(IOSDriver.java:1)
at org.openqa.selenium.By$ByXPath.findElement(By.java:353)
at org.openqa.selenium.remote.RemoteWebDriver.findElement(RemoteWebDriver.java:315)
at io.appium.java_client.DefaultGenericMobileDriver.findElement(DefaultGenericMobileDriver.java:57)
at io.appium.java_client.AppiumDriver.findElement(AppiumDriver.java:1)
at io.appium.java_client.ios.IOSDriver.findElement(IOSDriver.java:1)
at pageobjects.LoginScreenPO.openProfilePageiOS(LoginScreenPO.java:27)
at testcases.login.iOS.LoginEmployeeEmailPassiOS.verifyEmployeeLoggedIn(LoginEmployeeEmailPassiOS.java:35)
at java.base/java.util.ArrayList.forEach(ArrayList.java:1507)
at com.intellij.rt.testng.IDEARemoteTestNG.run(IDEARemoteTestNG.java:66)
at com.intellij.rt.testng.RemoteTestNGStarter.main(RemoteTestNGStarter.java:110)
... Removed 29 stack frames]]>
    </failure>
  </testcase> <!-- verifyEmployeeLoggedIn -->
</testsuite> <!-- Login with employee email/pass account iPhone 11 Pro -->
