<?xml version="1.0" encoding="UTF-8"?>
<!-- Generated by org.testng.reporters.JUnitXMLReporter -->
<testsuite ignored="6" hostname="dejanb" failures="15" tests="23" name="C:/Users/dejan.b/IdeaProjects/OpenTempAutomatedTests" time="650.152" errors="0" timestamp="2020-04-10T23:01:48 EEST">
  <testcase classname="testcases.login.android.LoginCompanyEmailPassAndroid" name="openApplication" time="0.031"/>
  <testcase classname="testcases.login.android.LoginEmployeeEmailPassAndroid" name="openApplication" time="0.031"/>
  <testcase classname="testcases.login.android.LoginEmployeeEmailPassAndroid" name="loginwithEmployeeAccount" time="32.067">
    <failure type="org.openqa.selenium.NoSuchElementException" message="An element could not be located on the page using the given search parameters. (WARNING: The server did not provide any stacktrace information)
Command duration or timeout: 0 milliseconds
For documentation on this error, please visit: https://www.seleniumhq.org/exceptions/no_such_element.html
Build info: version: &amp;apos;3.141.59&amp;apos;, revision: &amp;apos;e82be7d358&amp;apos;, time: &amp;apos;2018-11-14T08:17:03&amp;apos;
System info: host: &amp;apos;DEJANB&amp;apos;, ip: &amp;apos;10.21.25.10&amp;apos;, os.name: &amp;apos;Windows 10&amp;apos;, os.arch: &amp;apos;amd64&amp;apos;, os.version: &amp;apos;10.0&amp;apos;, java.version: &amp;apos;13.0.2&amp;apos;
Driver info: io.appium.java_client.android.AndroidDriver
Capabilities {64bit: false, acceptSslCert: false, acceptSslCerts: false, appActivity: crc64c7fff72d92944489.Forms..., appPackage: org.ak_tech.opentemp, appium_port: 38082, autoGrantPermissions: true, automationName: UiAutomator2, browserstack.appiumLogs: true, browserstack.appiumVersion: 1.15.0, browserstack.appium_version: 1.15.0, browserstack.debug: false, browserstack.deviceLogs: true, browserstack.ie.noFlash: false, browserstack.minOSVersion: 5.0, browserstack.tunnelIdentifier: , browserstack.video: true, browserstack.video.disableWaterMark: false, buildName: 5.3.0 QA, bundleID: org.ak_tech.opentemp, chromeOptions: {w3c: false}, customFullReset: true, databaseEnabled: false, detected_language: selenium/3.141.59 (java win..., device: google pixel 3, deviceApiLevel: 29, deviceManufacturer: Google, deviceModel: Pixel 3, deviceName: 898X06K4E, deviceScreenDensity: 440, deviceScreenSize: 1080x2160, deviceUDID: 898X06K4E, enablePerformanceLogging: false, javascriptEnabled: true, locationContextEnabled: false, mobile: {browser: mobile, version: Google Pixel 3-10.0}, nativeWebScreenshot: true, networkConnectionEnabled: true, newCommandTimeout: 100, noReset: true, noSign: true, orientation: PORTRAIT, orig_os: android, os_version: 10.0, pixelRatio: 2.75, platform: ANDROID, platformName: Android, platformVersion: 10, projectName: OpenTemp Project, proxy_type: node, realMobile: true, sessionName: Negative Login scenario - w..., setWebContentsDebuggingEnabled: true, statBarHeight: 66, systemPort: 8202, takesScreenshot: true, udid: 898X06K4E, version: , viewportRect: {height: 1962, left: 0, top: 66, width: 1080}, warnings: {}, webStorageEnabled: false}
Session ID: 5e66bf41efdc4e7276d9d50b4b923839adf90c87
*** Element info: {Using=xpath, value=//android.widget.TextView[@text=&amp;apos;Get Started&amp;apos;]}">
      <![CDATA[org.openqa.selenium.NoSuchElementException: An element could not be located on the page using the given search parameters. (WARNING: The server did not provide any stacktrace information)
Command duration or timeout: 0 milliseconds
For documentation on this error, please visit: https://www.seleniumhq.org/exceptions/no_such_element.html
Build info: version: '3.141.59', revision: 'e82be7d358', time: '2018-11-14T08:17:03'
System info: host: 'DEJANB', ip: '10.21.25.10', os.name: 'Windows 10', os.arch: 'amd64', os.version: '10.0', java.version: '13.0.2'
Driver info: io.appium.java_client.android.AndroidDriver
Capabilities {64bit: false, acceptSslCert: false, acceptSslCerts: false, appActivity: crc64c7fff72d92944489.Forms..., appPackage: org.ak_tech.opentemp, appium_port: 38082, autoGrantPermissions: true, automationName: UiAutomator2, browserstack.appiumLogs: true, browserstack.appiumVersion: 1.15.0, browserstack.appium_version: 1.15.0, browserstack.debug: false, browserstack.deviceLogs: true, browserstack.ie.noFlash: false, browserstack.minOSVersion: 5.0, browserstack.tunnelIdentifier: , browserstack.video: true, browserstack.video.disableWaterMark: false, buildName: 5.3.0 QA, bundleID: org.ak_tech.opentemp, chromeOptions: {w3c: false}, customFullReset: true, databaseEnabled: false, detected_language: selenium/3.141.59 (java win..., device: google pixel 3, deviceApiLevel: 29, deviceManufacturer: Google, deviceModel: Pixel 3, deviceName: 898X06K4E, deviceScreenDensity: 440, deviceScreenSize: 1080x2160, deviceUDID: 898X06K4E, enablePerformanceLogging: false, javascriptEnabled: true, locationContextEnabled: false, mobile: {browser: mobile, version: Google Pixel 3-10.0}, nativeWebScreenshot: true, networkConnectionEnabled: true, newCommandTimeout: 100, noReset: true, noSign: true, orientation: PORTRAIT, orig_os: android, os_version: 10.0, pixelRatio: 2.75, platform: ANDROID, platformName: Android, platformVersion: 10, projectName: OpenTemp Project, proxy_type: node, realMobile: true, sessionName: Negative Login scenario - w..., setWebContentsDebuggingEnabled: true, statBarHeight: 66, systemPort: 8202, takesScreenshot: true, udid: 898X06K4E, version: , viewportRect: {height: 1962, left: 0, top: 66, width: 1080}, warnings: {}, webStorageEnabled: false}
Session ID: 5e66bf41efdc4e7276d9d50b4b923839adf90c87
*** Element info: {Using=xpath, value=//android.widget.TextView[@text='Get Started']}
at java.base/jdk.internal.reflect.NativeConstructorAccessorImpl.newInstance0(Native Method)
at java.base/jdk.internal.reflect.NativeConstructorAccessorImpl.newInstance(NativeConstructorAccessorImpl.java:62)
at java.base/jdk.internal.reflect.DelegatingConstructorAccessorImpl.newInstance(DelegatingConstructorAccessorImpl.java:45)
at java.base/java.lang.reflect.Constructor.newInstanceWithCaller(Constructor.java:500)
at java.base/java.lang.reflect.Constructor.newInstance(Constructor.java:481)
at org.openqa.selenium.remote.ErrorHandler.createThrowable(ErrorHandler.java:214)
at org.openqa.selenium.remote.ErrorHandler.throwIfResponseFailed(ErrorHandler.java:166)
at org.openqa.selenium.remote.http.JsonHttpResponseCodec.reconstructValue(JsonHttpResponseCodec.java:40)
at org.openqa.selenium.remote.http.AbstractHttpResponseCodec.decode(AbstractHttpResponseCodec.java:80)
at org.openqa.selenium.remote.http.AbstractHttpResponseCodec.decode(AbstractHttpResponseCodec.java:44)
at org.openqa.selenium.remote.HttpCommandExecutor.execute(HttpCommandExecutor.java:158)
at io.appium.java_client.remote.AppiumCommandExecutor.execute(AppiumCommandExecutor.java:239)
at org.openqa.selenium.remote.RemoteWebDriver.execute(RemoteWebDriver.java:552)
at io.appium.java_client.DefaultGenericMobileDriver.execute(DefaultGenericMobileDriver.java:41)
at io.appium.java_client.AppiumDriver.execute(AppiumDriver.java:1)
at io.appium.java_client.android.AndroidDriver.execute(AndroidDriver.java:1)
at org.openqa.selenium.remote.RemoteWebDriver.findElement(RemoteWebDriver.java:323)
at io.appium.java_client.DefaultGenericMobileDriver.findElement(DefaultGenericMobileDriver.java:61)
at io.appium.java_client.AppiumDriver.findElement(AppiumDriver.java:1)
at io.appium.java_client.android.AndroidDriver.findElement(AndroidDriver.java:1)
at org.openqa.selenium.remote.RemoteWebDriver.findElementByXPath(RemoteWebDriver.java:428)
at io.appium.java_client.DefaultGenericMobileDriver.findElementByXPath(DefaultGenericMobileDriver.java:151)
at io.appium.java_client.AppiumDriver.findElementByXPath(AppiumDriver.java:1)
at io.appium.java_client.android.AndroidDriver.findElementByXPath(AndroidDriver.java:1)
at org.openqa.selenium.By$ByXPath.findElement(By.java:353)
at org.openqa.selenium.remote.RemoteWebDriver.findElement(RemoteWebDriver.java:315)
at io.appium.java_client.DefaultGenericMobileDriver.findElement(DefaultGenericMobileDriver.java:57)
at io.appium.java_client.AppiumDriver.findElement(AppiumDriver.java:1)
at io.appium.java_client.android.AndroidDriver.findElement(AndroidDriver.java:1)
at pageobjects.HomeScreenPO.tapOnGetStartedButton(HomeScreenPO.java:21)
at testcases.login.android.LoginEmployeeEmailPassAndroid.loginwithEmployeeAccount(LoginEmployeeEmailPassAndroid.java:28)
at java.base/jdk.internal.reflect.NativeMethodAccessorImpl.invoke0(Native Method)
at java.base/jdk.internal.reflect.NativeMethodAccessorImpl.invoke(NativeMethodAccessorImpl.java:62)
at java.base/jdk.internal.reflect.DelegatingMethodAccessorImpl.invoke(DelegatingMethodAccessorImpl.java:43)
at java.base/java.lang.reflect.Method.invoke(Method.java:567)
at org.testng.internal.MethodInvocationHelper.invokeMethod(MethodInvocationHelper.java:134)
at org.testng.internal.TestInvoker.invokeMethod(TestInvoker.java:597)
at org.testng.internal.TestInvoker.invokeTestMethod(TestInvoker.java:173)
at org.testng.internal.MethodRunner.runInSequence(MethodRunner.java:46)
at org.testng.internal.TestInvoker$MethodInvocationAgent.invoke(TestInvoker.java:816)
at org.testng.internal.TestInvoker.invokeTestMethods(TestInvoker.java:146)
at org.testng.internal.TestMethodWorker.invokeTestMethods(TestMethodWorker.java:146)
at org.testng.internal.TestMethodWorker.run(TestMethodWorker.java:128)
at java.base/java.util.concurrent.ThreadPoolExecutor.runWorker(ThreadPoolExecutor.java:1128)
at java.base/java.util.concurrent.ThreadPoolExecutor$Worker.run(ThreadPoolExecutor.java:628)
at java.base/java.lang.Thread.run(Thread.java:830)
]]>
    </failure>
  </testcase> <!-- loginwithEmployeeAccount -->
  <testcase classname="testcases.login.android.LoginEmployeeEmailPassAndroid" name="verifyEmployeeLoggedIn" time="0.0">
    <failure type="java.lang.NullPointerException">
      <![CDATA[java.lang.NullPointerException
at testcases.login.android.LoginEmployeeEmailPassAndroid.verifyEmployeeLoggedIn(LoginEmployeeEmailPassAndroid.java:34)
at java.base/jdk.internal.reflect.NativeMethodAccessorImpl.invoke0(Native Method)
at java.base/jdk.internal.reflect.NativeMethodAccessorImpl.invoke(NativeMethodAccessorImpl.java:62)
at java.base/jdk.internal.reflect.DelegatingMethodAccessorImpl.invoke(DelegatingMethodAccessorImpl.java:43)
at java.base/java.lang.reflect.Method.invoke(Method.java:567)
at org.testng.internal.MethodInvocationHelper.invokeMethod(MethodInvocationHelper.java:134)
at org.testng.internal.TestInvoker.invokeMethod(TestInvoker.java:597)
at org.testng.internal.TestInvoker.invokeTestMethod(TestInvoker.java:173)
at org.testng.internal.MethodRunner.runInSequence(MethodRunner.java:46)
at org.testng.internal.TestInvoker$MethodInvocationAgent.invoke(TestInvoker.java:816)
at org.testng.internal.TestInvoker.invokeTestMethods(TestInvoker.java:146)
at org.testng.internal.TestMethodWorker.invokeTestMethods(TestMethodWorker.java:146)
at org.testng.internal.TestMethodWorker.run(TestMethodWorker.java:128)
at java.base/java.util.concurrent.ThreadPoolExecutor.runWorker(ThreadPoolExecutor.java:1128)
at java.base/java.util.concurrent.ThreadPoolExecutor$Worker.run(ThreadPoolExecutor.java:628)
at java.base/java.lang.Thread.run(Thread.java:830)
]]>
    </failure>
  </testcase> <!-- verifyEmployeeLoggedIn -->
  <testcase classname="testcases.login.android.LoginWithGoogleAccountAndroid" name="openApplication" time="0.0"/>
  <testcase classname="testcases.login.android.LoginWithGoogleAccountAndroid" name="openLoginPage" time="1.911">
    <failure type="org.openqa.selenium.NoSuchElementException" message="An element could not be located on the page using the given search parameters. (WARNING: The server did not provide any stacktrace information)
Command duration or timeout: 0 milliseconds
For documentation on this error, please visit: https://www.seleniumhq.org/exceptions/no_such_element.html
Build info: version: &amp;apos;3.141.59&amp;apos;, revision: &amp;apos;e82be7d358&amp;apos;, time: &amp;apos;2018-11-14T08:17:03&amp;apos;
System info: host: &amp;apos;DEJANB&amp;apos;, ip: &amp;apos;10.21.25.10&amp;apos;, os.name: &amp;apos;Windows 10&amp;apos;, os.arch: &amp;apos;amd64&amp;apos;, os.version: &amp;apos;10.0&amp;apos;, java.version: &amp;apos;13.0.2&amp;apos;
Driver info: io.appium.java_client.android.AndroidDriver
Capabilities {64bit: false, acceptSslCert: false, acceptSslCerts: false, appActivity: crc64c7fff72d92944489.Forms..., appPackage: org.ak_tech.opentemp, appium_port: 38082, autoGrantPermissions: true, automationName: UiAutomator2, browserstack.appiumLogs: true, browserstack.appiumVersion: 1.15.0, browserstack.appium_version: 1.15.0, browserstack.debug: false, browserstack.deviceLogs: true, browserstack.ie.noFlash: false, browserstack.minOSVersion: 5.0, browserstack.tunnelIdentifier: , browserstack.video: true, browserstack.video.disableWaterMark: false, buildName: 5.3.0 QA, bundleID: org.ak_tech.opentemp, chromeOptions: {w3c: false}, customFullReset: true, databaseEnabled: false, detected_language: selenium/3.141.59 (java win..., device: google pixel 3, deviceApiLevel: 29, deviceManufacturer: Google, deviceModel: Pixel 3, deviceName: 898X06K4E, deviceScreenDensity: 440, deviceScreenSize: 1080x2160, deviceUDID: 898X06K4E, enablePerformanceLogging: false, javascriptEnabled: true, locationContextEnabled: false, mobile: {browser: mobile, version: Google Pixel 3-10.0}, nativeWebScreenshot: true, networkConnectionEnabled: true, newCommandTimeout: 100, noReset: true, noSign: true, orientation: PORTRAIT, orig_os: android, os_version: 10.0, pixelRatio: 2.75, platform: ANDROID, platformName: Android, platformVersion: 10, projectName: OpenTemp Project, proxy_type: node, realMobile: true, sessionName: Negative Login scenario - w..., setWebContentsDebuggingEnabled: true, statBarHeight: 66, systemPort: 8202, takesScreenshot: true, udid: 898X06K4E, version: , viewportRect: {height: 1962, left: 0, top: 66, width: 1080}, warnings: {}, webStorageEnabled: false}
Session ID: 5e66bf41efdc4e7276d9d50b4b923839adf90c87
*** Element info: {Using=xpath, value=//android.widget.TextView[@text=&amp;apos;Get Started&amp;apos;]}">
      <![CDATA[org.openqa.selenium.NoSuchElementException: An element could not be located on the page using the given search parameters. (WARNING: The server did not provide any stacktrace information)
Command duration or timeout: 0 milliseconds
For documentation on this error, please visit: https://www.seleniumhq.org/exceptions/no_such_element.html
Build info: version: '3.141.59', revision: 'e82be7d358', time: '2018-11-14T08:17:03'
System info: host: 'DEJANB', ip: '10.21.25.10', os.name: 'Windows 10', os.arch: 'amd64', os.version: '10.0', java.version: '13.0.2'
Driver info: io.appium.java_client.android.AndroidDriver
Capabilities {64bit: false, acceptSslCert: false, acceptSslCerts: false, appActivity: crc64c7fff72d92944489.Forms..., appPackage: org.ak_tech.opentemp, appium_port: 38082, autoGrantPermissions: true, automationName: UiAutomator2, browserstack.appiumLogs: true, browserstack.appiumVersion: 1.15.0, browserstack.appium_version: 1.15.0, browserstack.debug: false, browserstack.deviceLogs: true, browserstack.ie.noFlash: false, browserstack.minOSVersion: 5.0, browserstack.tunnelIdentifier: , browserstack.video: true, browserstack.video.disableWaterMark: false, buildName: 5.3.0 QA, bundleID: org.ak_tech.opentemp, chromeOptions: {w3c: false}, customFullReset: true, databaseEnabled: false, detected_language: selenium/3.141.59 (java win..., device: google pixel 3, deviceApiLevel: 29, deviceManufacturer: Google, deviceModel: Pixel 3, deviceName: 898X06K4E, deviceScreenDensity: 440, deviceScreenSize: 1080x2160, deviceUDID: 898X06K4E, enablePerformanceLogging: false, javascriptEnabled: true, locationContextEnabled: false, mobile: {browser: mobile, version: Google Pixel 3-10.0}, nativeWebScreenshot: true, networkConnectionEnabled: true, newCommandTimeout: 100, noReset: true, noSign: true, orientation: PORTRAIT, orig_os: android, os_version: 10.0, pixelRatio: 2.75, platform: ANDROID, platformName: Android, platformVersion: 10, projectName: OpenTemp Project, proxy_type: node, realMobile: true, sessionName: Negative Login scenario - w..., setWebContentsDebuggingEnabled: true, statBarHeight: 66, systemPort: 8202, takesScreenshot: true, udid: 898X06K4E, version: , viewportRect: {height: 1962, left: 0, top: 66, width: 1080}, warnings: {}, webStorageEnabled: false}
Session ID: 5e66bf41efdc4e7276d9d50b4b923839adf90c87
*** Element info: {Using=xpath, value=//android.widget.TextView[@text='Get Started']}
at java.base/jdk.internal.reflect.NativeConstructorAccessorImpl.newInstance0(Native Method)
at java.base/jdk.internal.reflect.NativeConstructorAccessorImpl.newInstance(NativeConstructorAccessorImpl.java:62)
at java.base/jdk.internal.reflect.DelegatingConstructorAccessorImpl.newInstance(DelegatingConstructorAccessorImpl.java:45)
at java.base/java.lang.reflect.Constructor.newInstanceWithCaller(Constructor.java:500)
at java.base/java.lang.reflect.Constructor.newInstance(Constructor.java:481)
at org.openqa.selenium.remote.ErrorHandler.createThrowable(ErrorHandler.java:214)
at org.openqa.selenium.remote.ErrorHandler.throwIfResponseFailed(ErrorHandler.java:166)
at org.openqa.selenium.remote.http.JsonHttpResponseCodec.reconstructValue(JsonHttpResponseCodec.java:40)
at org.openqa.selenium.remote.http.AbstractHttpResponseCodec.decode(AbstractHttpResponseCodec.java:80)
at org.openqa.selenium.remote.http.AbstractHttpResponseCodec.decode(AbstractHttpResponseCodec.java:44)
at org.openqa.selenium.remote.HttpCommandExecutor.execute(HttpCommandExecutor.java:158)
at io.appium.java_client.remote.AppiumCommandExecutor.execute(AppiumCommandExecutor.java:239)
at org.openqa.selenium.remote.RemoteWebDriver.execute(RemoteWebDriver.java:552)
at io.appium.java_client.DefaultGenericMobileDriver.execute(DefaultGenericMobileDriver.java:41)
at io.appium.java_client.AppiumDriver.execute(AppiumDriver.java:1)
at io.appium.java_client.android.AndroidDriver.execute(AndroidDriver.java:1)
at org.openqa.selenium.remote.RemoteWebDriver.findElement(RemoteWebDriver.java:323)
at io.appium.java_client.DefaultGenericMobileDriver.findElement(DefaultGenericMobileDriver.java:61)
at io.appium.java_client.AppiumDriver.findElement(AppiumDriver.java:1)
at io.appium.java_client.android.AndroidDriver.findElement(AndroidDriver.java:1)
at org.openqa.selenium.remote.RemoteWebDriver.findElementByXPath(RemoteWebDriver.java:428)
at io.appium.java_client.DefaultGenericMobileDriver.findElementByXPath(DefaultGenericMobileDriver.java:151)
at io.appium.java_client.AppiumDriver.findElementByXPath(AppiumDriver.java:1)
at io.appium.java_client.android.AndroidDriver.findElementByXPath(AndroidDriver.java:1)
at org.openqa.selenium.By$ByXPath.findElement(By.java:353)
at org.openqa.selenium.remote.RemoteWebDriver.findElement(RemoteWebDriver.java:315)
at io.appium.java_client.DefaultGenericMobileDriver.findElement(DefaultGenericMobileDriver.java:57)
at io.appium.java_client.AppiumDriver.findElement(AppiumDriver.java:1)
at io.appium.java_client.android.AndroidDriver.findElement(AndroidDriver.java:1)
at pageobjects.HomeScreenPO.tapOnGetStartedButton(HomeScreenPO.java:21)
at testcases.login.android.LoginWithGoogleAccountAndroid.openLoginPage(LoginWithGoogleAccountAndroid.java:29)
at java.base/jdk.internal.reflect.NativeMethodAccessorImpl.invoke0(Native Method)
at java.base/jdk.internal.reflect.NativeMethodAccessorImpl.invoke(NativeMethodAccessorImpl.java:62)
at java.base/jdk.internal.reflect.DelegatingMethodAccessorImpl.invoke(DelegatingMethodAccessorImpl.java:43)
at java.base/java.lang.reflect.Method.invoke(Method.java:567)
at org.testng.internal.MethodInvocationHelper.invokeMethod(MethodInvocationHelper.java:134)
at org.testng.internal.TestInvoker.invokeMethod(TestInvoker.java:597)
at org.testng.internal.TestInvoker.invokeTestMethod(TestInvoker.java:173)
at org.testng.internal.MethodRunner.runInSequence(MethodRunner.java:46)
at org.testng.internal.TestInvoker$MethodInvocationAgent.invoke(TestInvoker.java:816)
at org.testng.internal.TestInvoker.invokeTestMethods(TestInvoker.java:146)
at org.testng.internal.TestMethodWorker.invokeTestMethods(TestMethodWorker.java:146)
at org.testng.internal.TestMethodWorker.run(TestMethodWorker.java:128)
at java.base/java.util.concurrent.ThreadPoolExecutor.runWorker(ThreadPoolExecutor.java:1128)
at java.base/java.util.concurrent.ThreadPoolExecutor$Worker.run(ThreadPoolExecutor.java:628)
at java.base/java.lang.Thread.run(Thread.java:830)
]]>
    </failure>
  </testcase> <!-- openLoginPage -->
  <testcase classname="testcases.login.android.LoginWithGoogleAccountAndroid" name="openGoogleOAuth" time="0.0">
    <failure type="java.lang.NullPointerException">
      <![CDATA[java.lang.NullPointerException
at testcases.login.android.LoginWithGoogleAccountAndroid.openGoogleOAuth(LoginWithGoogleAccountAndroid.java:34)
at java.base/jdk.internal.reflect.NativeMethodAccessorImpl.invoke0(Native Method)
at java.base/jdk.internal.reflect.NativeMethodAccessorImpl.invoke(NativeMethodAccessorImpl.java:62)
at java.base/jdk.internal.reflect.DelegatingMethodAccessorImpl.invoke(DelegatingMethodAccessorImpl.java:43)
at java.base/java.lang.reflect.Method.invoke(Method.java:567)
at org.testng.internal.MethodInvocationHelper.invokeMethod(MethodInvocationHelper.java:134)
at org.testng.internal.TestInvoker.invokeMethod(TestInvoker.java:597)
at org.testng.internal.TestInvoker.invokeTestMethod(TestInvoker.java:173)
at org.testng.internal.MethodRunner.runInSequence(MethodRunner.java:46)
at org.testng.internal.TestInvoker$MethodInvocationAgent.invoke(TestInvoker.java:816)
at org.testng.internal.TestInvoker.invokeTestMethods(TestInvoker.java:146)
at org.testng.internal.TestMethodWorker.invokeTestMethods(TestMethodWorker.java:146)
at org.testng.internal.TestMethodWorker.run(TestMethodWorker.java:128)
at java.base/java.util.concurrent.ThreadPoolExecutor.runWorker(ThreadPoolExecutor.java:1128)
at java.base/java.util.concurrent.ThreadPoolExecutor$Worker.run(ThreadPoolExecutor.java:628)
at java.base/java.lang.Thread.run(Thread.java:830)
]]>
    </failure>
  </testcase> <!-- openGoogleOAuth -->
  <testcase classname="testcases.login.android.LoginWithGoogleAccountAndroid" name="loginwithGoogleAccount" time="0.0">
    <failure type="java.lang.NullPointerException">
      <![CDATA[java.lang.NullPointerException
at testcases.login.android.LoginWithGoogleAccountAndroid.loginwithGoogleAccount(LoginWithGoogleAccountAndroid.java:39)
at java.base/jdk.internal.reflect.NativeMethodAccessorImpl.invoke0(Native Method)
at java.base/jdk.internal.reflect.NativeMethodAccessorImpl.invoke(NativeMethodAccessorImpl.java:62)
at java.base/jdk.internal.reflect.DelegatingMethodAccessorImpl.invoke(DelegatingMethodAccessorImpl.java:43)
at java.base/java.lang.reflect.Method.invoke(Method.java:567)
at org.testng.internal.MethodInvocationHelper.invokeMethod(MethodInvocationHelper.java:134)
at org.testng.internal.TestInvoker.invokeMethod(TestInvoker.java:597)
at org.testng.internal.TestInvoker.invokeTestMethod(TestInvoker.java:173)
at org.testng.internal.MethodRunner.runInSequence(MethodRunner.java:46)
at org.testng.internal.TestInvoker$MethodInvocationAgent.invoke(TestInvoker.java:816)
at org.testng.internal.TestInvoker.invokeTestMethods(TestInvoker.java:146)
at org.testng.internal.TestMethodWorker.invokeTestMethods(TestMethodWorker.java:146)
at org.testng.internal.TestMethodWorker.run(TestMethodWorker.java:128)
at java.base/java.util.concurrent.ThreadPoolExecutor.runWorker(ThreadPoolExecutor.java:1128)
at java.base/java.util.concurrent.ThreadPoolExecutor$Worker.run(ThreadPoolExecutor.java:628)
at java.base/java.lang.Thread.run(Thread.java:830)
]]>
    </failure>
  </testcase> <!-- loginwithGoogleAccount -->
  <testcase classname="testcases.login.android.LoginWithGoogleAccountAndroid" name="verifyLoggedIn" time="0.0">
    <failure type="java.lang.NullPointerException">
      <![CDATA[java.lang.NullPointerException
at testcases.login.android.LoginWithGoogleAccountAndroid.verifyLoggedIn(LoginWithGoogleAccountAndroid.java:44)
at java.base/jdk.internal.reflect.NativeMethodAccessorImpl.invoke0(Native Method)
at java.base/jdk.internal.reflect.NativeMethodAccessorImpl.invoke(NativeMethodAccessorImpl.java:62)
at java.base/jdk.internal.reflect.DelegatingMethodAccessorImpl.invoke(DelegatingMethodAccessorImpl.java:43)
at java.base/java.lang.reflect.Method.invoke(Method.java:567)
at org.testng.internal.MethodInvocationHelper.invokeMethod(MethodInvocationHelper.java:134)
at org.testng.internal.TestInvoker.invokeMethod(TestInvoker.java:597)
at org.testng.internal.TestInvoker.invokeTestMethod(TestInvoker.java:173)
at org.testng.internal.MethodRunner.runInSequence(MethodRunner.java:46)
at org.testng.internal.TestInvoker$MethodInvocationAgent.invoke(TestInvoker.java:816)
at org.testng.internal.TestInvoker.invokeTestMethods(TestInvoker.java:146)
at org.testng.internal.TestMethodWorker.invokeTestMethods(TestMethodWorker.java:146)
at org.testng.internal.TestMethodWorker.run(TestMethodWorker.java:128)
at java.base/java.util.concurrent.ThreadPoolExecutor.runWorker(ThreadPoolExecutor.java:1128)
at java.base/java.util.concurrent.ThreadPoolExecutor$Worker.run(ThreadPoolExecutor.java:628)
at java.base/java.lang.Thread.run(Thread.java:830)
]]>
    </failure>
  </testcase> <!-- verifyLoggedIn -->
  <testcase classname="testcases.login.iOS.LoginEmployeeEmailPassiOS" name="openApplication" time="0.0"/>
  <testcase classname="testcases.login.android.LoginCompanyEmailPassAndroid" name="loginwithEmployerAccount" time="42.413"/>
  <testcase classname="testcases.login.iOS.LoginEmployeeEmailPassiOS" name="loginwithEmployeeAccount" time="1.445">
    <failure type="org.openqa.selenium.WebDriverException" message="Session not started or terminated (WARNING: The server did not provide any stacktrace information)
Command duration or timeout: 0 milliseconds
Build info: version: &amp;apos;3.141.59&amp;apos;, revision: &amp;apos;e82be7d358&amp;apos;, time: &amp;apos;2018-11-14T08:17:03&amp;apos;
System info: host: &amp;apos;DEJANB&amp;apos;, ip: &amp;apos;10.21.25.10&amp;apos;, os.name: &amp;apos;Windows 10&amp;apos;, os.arch: &amp;apos;amd64&amp;apos;, os.version: &amp;apos;10.0&amp;apos;, java.version: &amp;apos;13.0.2&amp;apos;
Driver info: io.appium.java_client.ios.IOSDriver
Capabilities {64bit: false, acceptSslCert: false, acceptSslCerts: false, appium_port: 8080, autoAcceptAlerts: true, automationName: XCUITest, bootstrapPath: /usr/local/.browserstack/co..., browserName: , browserstack.appiumLogs: true, browserstack.appiumVersion: 1.15.0, browserstack.appium_version: 1.15.0, browserstack.debug: false, browserstack.deviceLogs: true, browserstack.ie.noFlash: false, browserstack.isTargetBased: false, browserstack.minOSVersion: 10.0, browserstack.tunnelIdentifier: , browserstack.video: true, browserstack.video.disableWaterMark: false, buildName: 5.1.0 QA, bundleID: com.aktech.opentemp, bundleId: com.aktech.opentemp, databaseEnabled: false, detected_language: selenium/3.141.59 (java win..., device: iphone, deviceName: iPhone 11, deviceOrientation: portrait, javascriptEnabled: true, locationContextEnabled: false, mobile: {browser: mobile, version: iPhone 11-13.3}, networkConnectionEnabled: false, newCommandTimeout: 100, noReset: true, orientation: PORTRAIT, orig_os: ios, os_version: 13.3, platform: MAC, platformName: iOS, platformVersion: 12.1, projectName: OpenTemp Project, proxy_type: node, realMobile: true, safariIgnoreFraudWarning: true, safariInitialUrl: http://mobile-internet-chec..., sessionName: Login with Employee email/p..., showXcodeLog: true, takesScreenshot: true, udid: 00008030-0004581C0E80802E, useXctestrunFile: true, version: , waitForQuiescence: false, wdaStartupRetries: 3, wda_port: 8400, webStorageEnabled: false, webkitResponseTimeout: 20000}
Session ID: 3b66bb21f5335b68fc7774fcbdd5ee387ebd06e2">
      <![CDATA[org.openqa.selenium.WebDriverException: Session not started or terminated (WARNING: The server did not provide any stacktrace information)
Command duration or timeout: 0 milliseconds
Build info: version: '3.141.59', revision: 'e82be7d358', time: '2018-11-14T08:17:03'
System info: host: 'DEJANB', ip: '10.21.25.10', os.name: 'Windows 10', os.arch: 'amd64', os.version: '10.0', java.version: '13.0.2'
Driver info: io.appium.java_client.ios.IOSDriver
Capabilities {64bit: false, acceptSslCert: false, acceptSslCerts: false, appium_port: 8080, autoAcceptAlerts: true, automationName: XCUITest, bootstrapPath: /usr/local/.browserstack/co..., browserName: , browserstack.appiumLogs: true, browserstack.appiumVersion: 1.15.0, browserstack.appium_version: 1.15.0, browserstack.debug: false, browserstack.deviceLogs: true, browserstack.ie.noFlash: false, browserstack.isTargetBased: false, browserstack.minOSVersion: 10.0, browserstack.tunnelIdentifier: , browserstack.video: true, browserstack.video.disableWaterMark: false, buildName: 5.1.0 QA, bundleID: com.aktech.opentemp, bundleId: com.aktech.opentemp, databaseEnabled: false, detected_language: selenium/3.141.59 (java win..., device: iphone, deviceName: iPhone 11, deviceOrientation: portrait, javascriptEnabled: true, locationContextEnabled: false, mobile: {browser: mobile, version: iPhone 11-13.3}, networkConnectionEnabled: false, newCommandTimeout: 100, noReset: true, orientation: PORTRAIT, orig_os: ios, os_version: 13.3, platform: MAC, platformName: iOS, platformVersion: 12.1, projectName: OpenTemp Project, proxy_type: node, realMobile: true, safariIgnoreFraudWarning: true, safariInitialUrl: http://mobile-internet-chec..., sessionName: Login with Employee email/p..., showXcodeLog: true, takesScreenshot: true, udid: 00008030-0004581C0E80802E, useXctestrunFile: true, version: , waitForQuiescence: false, wdaStartupRetries: 3, wda_port: 8400, webStorageEnabled: false, webkitResponseTimeout: 20000}
Session ID: 3b66bb21f5335b68fc7774fcbdd5ee387ebd06e2
at java.base/jdk.internal.reflect.NativeConstructorAccessorImpl.newInstance0(Native Method)
at java.base/jdk.internal.reflect.NativeConstructorAccessorImpl.newInstance(NativeConstructorAccessorImpl.java:62)
at java.base/jdk.internal.reflect.DelegatingConstructorAccessorImpl.newInstance(DelegatingConstructorAccessorImpl.java:45)
at java.base/java.lang.reflect.Constructor.newInstanceWithCaller(Constructor.java:500)
at java.base/java.lang.reflect.Constructor.newInstance(Constructor.java:481)
at org.openqa.selenium.remote.ErrorHandler.createThrowable(ErrorHandler.java:214)
at org.openqa.selenium.remote.ErrorHandler.throwIfResponseFailed(ErrorHandler.java:166)
at org.openqa.selenium.remote.http.JsonHttpResponseCodec.reconstructValue(JsonHttpResponseCodec.java:40)
at org.openqa.selenium.remote.http.AbstractHttpResponseCodec.decode(AbstractHttpResponseCodec.java:80)
at org.openqa.selenium.remote.http.AbstractHttpResponseCodec.decode(AbstractHttpResponseCodec.java:44)
at org.openqa.selenium.remote.HttpCommandExecutor.execute(HttpCommandExecutor.java:158)
at io.appium.java_client.remote.AppiumCommandExecutor.execute(AppiumCommandExecutor.java:239)
at org.openqa.selenium.remote.RemoteWebDriver.execute(RemoteWebDriver.java:552)
at io.appium.java_client.DefaultGenericMobileDriver.execute(DefaultGenericMobileDriver.java:41)
at io.appium.java_client.AppiumDriver.execute(AppiumDriver.java:1)
at io.appium.java_client.ios.IOSDriver.execute(IOSDriver.java:1)
at org.openqa.selenium.remote.RemoteWebDriver$RemoteWebDriverOptions$RemoteTimeouts.implicitlyWait(RemoteWebDriver.java:780)
at pageobjects.HomeScreenPO.tapOnGetStartedButtoniOS(HomeScreenPO.java:29)
at testcases.login.iOS.LoginEmployeeEmailPassiOS.loginwithEmployeeAccount(LoginEmployeeEmailPassiOS.java:28)
at java.base/jdk.internal.reflect.NativeMethodAccessorImpl.invoke0(Native Method)
at java.base/jdk.internal.reflect.NativeMethodAccessorImpl.invoke(NativeMethodAccessorImpl.java:62)
at java.base/jdk.internal.reflect.DelegatingMethodAccessorImpl.invoke(DelegatingMethodAccessorImpl.java:43)
at java.base/java.lang.reflect.Method.invoke(Method.java:567)
at org.testng.internal.MethodInvocationHelper.invokeMethod(MethodInvocationHelper.java:134)
at org.testng.internal.TestInvoker.invokeMethod(TestInvoker.java:597)
at org.testng.internal.TestInvoker.invokeTestMethod(TestInvoker.java:173)
at org.testng.internal.MethodRunner.runInSequence(MethodRunner.java:46)
at org.testng.internal.TestInvoker$MethodInvocationAgent.invoke(TestInvoker.java:816)
at org.testng.internal.TestInvoker.invokeTestMethods(TestInvoker.java:146)
at org.testng.internal.TestMethodWorker.invokeTestMethods(TestMethodWorker.java:146)
at org.testng.internal.TestMethodWorker.run(TestMethodWorker.java:128)
at java.base/java.util.concurrent.ThreadPoolExecutor.runWorker(ThreadPoolExecutor.java:1128)
at java.base/java.util.concurrent.ThreadPoolExecutor$Worker.run(ThreadPoolExecutor.java:628)
at java.base/java.lang.Thread.run(Thread.java:830)
]]>
    </failure>
  </testcase> <!-- loginwithEmployeeAccount -->
  <testcase classname="testcases.login.android.LoginCompanyEmailPassAndroid" name="verifyEmployerLoggedIn" time="30.46">
    <failure type="org.openqa.selenium.NoSuchElementException" message="An element could not be located on the page using the given search parameters. (WARNING: The server did not provide any stacktrace information)
Command duration or timeout: 0 milliseconds
For documentation on this error, please visit: https://www.seleniumhq.org/exceptions/no_such_element.html
Build info: version: &amp;apos;3.141.59&amp;apos;, revision: &amp;apos;e82be7d358&amp;apos;, time: &amp;apos;2018-11-14T08:17:03&amp;apos;
System info: host: &amp;apos;DEJANB&amp;apos;, ip: &amp;apos;10.21.25.10&amp;apos;, os.name: &amp;apos;Windows 10&amp;apos;, os.arch: &amp;apos;amd64&amp;apos;, os.version: &amp;apos;10.0&amp;apos;, java.version: &amp;apos;13.0.2&amp;apos;
Driver info: io.appium.java_client.android.AndroidDriver
Capabilities {64bit: false, acceptSslCert: false, acceptSslCerts: false, appActivity: crc64c7fff72d92944489.Forms..., appPackage: org.ak_tech.opentemp, appium_port: 38082, autoGrantPermissions: true, automationName: UiAutomator2, browserstack.appiumLogs: true, browserstack.appiumVersion: 1.15.0, browserstack.appium_version: 1.15.0, browserstack.debug: false, browserstack.deviceLogs: true, browserstack.ie.noFlash: false, browserstack.minOSVersion: 5.0, browserstack.tunnelIdentifier: , browserstack.video: true, browserstack.video.disableWaterMark: false, buildName: 5.3.0 QA, bundleID: org.ak_tech.opentemp, chromeOptions: {w3c: false}, customFullReset: true, databaseEnabled: false, detected_language: selenium/3.141.59 (java win..., device: google pixel 3, deviceApiLevel: 29, deviceManufacturer: Google, deviceModel: Pixel 3, deviceName: 898X06K4E, deviceScreenDensity: 440, deviceScreenSize: 1080x2160, deviceUDID: 898X06K4E, enablePerformanceLogging: false, javascriptEnabled: true, locationContextEnabled: false, mobile: {browser: mobile, version: Google Pixel 3-10.0}, nativeWebScreenshot: true, networkConnectionEnabled: true, newCommandTimeout: 100, noReset: true, noSign: true, orientation: PORTRAIT, orig_os: android, os_version: 10.0, pixelRatio: 2.75, platform: ANDROID, platformName: Android, platformVersion: 10, projectName: OpenTemp Project, proxy_type: node, realMobile: true, sessionName: Negative Login scenario - w..., setWebContentsDebuggingEnabled: true, statBarHeight: 66, systemPort: 8202, takesScreenshot: true, udid: 898X06K4E, version: , viewportRect: {height: 1962, left: 0, top: 66, width: 1080}, warnings: {}, webStorageEnabled: false}
Session ID: 5e66bf41efdc4e7276d9d50b4b923839adf90c87
*** Element info: {Using=xpath, value=//android.widget.TextView[@text=&amp;apos;Profile&amp;apos;]}">
      <![CDATA[org.openqa.selenium.NoSuchElementException: An element could not be located on the page using the given search parameters. (WARNING: The server did not provide any stacktrace information)
Command duration or timeout: 0 milliseconds
For documentation on this error, please visit: https://www.seleniumhq.org/exceptions/no_such_element.html
Build info: version: '3.141.59', revision: 'e82be7d358', time: '2018-11-14T08:17:03'
System info: host: 'DEJANB', ip: '10.21.25.10', os.name: 'Windows 10', os.arch: 'amd64', os.version: '10.0', java.version: '13.0.2'
Driver info: io.appium.java_client.android.AndroidDriver
Capabilities {64bit: false, acceptSslCert: false, acceptSslCerts: false, appActivity: crc64c7fff72d92944489.Forms..., appPackage: org.ak_tech.opentemp, appium_port: 38082, autoGrantPermissions: true, automationName: UiAutomator2, browserstack.appiumLogs: true, browserstack.appiumVersion: 1.15.0, browserstack.appium_version: 1.15.0, browserstack.debug: false, browserstack.deviceLogs: true, browserstack.ie.noFlash: false, browserstack.minOSVersion: 5.0, browserstack.tunnelIdentifier: , browserstack.video: true, browserstack.video.disableWaterMark: false, buildName: 5.3.0 QA, bundleID: org.ak_tech.opentemp, chromeOptions: {w3c: false}, customFullReset: true, databaseEnabled: false, detected_language: selenium/3.141.59 (java win..., device: google pixel 3, deviceApiLevel: 29, deviceManufacturer: Google, deviceModel: Pixel 3, deviceName: 898X06K4E, deviceScreenDensity: 440, deviceScreenSize: 1080x2160, deviceUDID: 898X06K4E, enablePerformanceLogging: false, javascriptEnabled: true, locationContextEnabled: false, mobile: {browser: mobile, version: Google Pixel 3-10.0}, nativeWebScreenshot: true, networkConnectionEnabled: true, newCommandTimeout: 100, noReset: true, noSign: true, orientation: PORTRAIT, orig_os: android, os_version: 10.0, pixelRatio: 2.75, platform: ANDROID, platformName: Android, platformVersion: 10, projectName: OpenTemp Project, proxy_type: node, realMobile: true, sessionName: Negative Login scenario - w..., setWebContentsDebuggingEnabled: true, statBarHeight: 66, systemPort: 8202, takesScreenshot: true, udid: 898X06K4E, version: , viewportRect: {height: 1962, left: 0, top: 66, width: 1080}, warnings: {}, webStorageEnabled: false}
Session ID: 5e66bf41efdc4e7276d9d50b4b923839adf90c87
*** Element info: {Using=xpath, value=//android.widget.TextView[@text='Profile']}
at java.base/jdk.internal.reflect.NativeConstructorAccessorImpl.newInstance0(Native Method)
at java.base/jdk.internal.reflect.NativeConstructorAccessorImpl.newInstance(NativeConstructorAccessorImpl.java:62)
at java.base/jdk.internal.reflect.DelegatingConstructorAccessorImpl.newInstance(DelegatingConstructorAccessorImpl.java:45)
at java.base/java.lang.reflect.Constructor.newInstanceWithCaller(Constructor.java:500)
at java.base/java.lang.reflect.Constructor.newInstance(Constructor.java:481)
at org.openqa.selenium.remote.ErrorHandler.createThrowable(ErrorHandler.java:214)
at org.openqa.selenium.remote.ErrorHandler.throwIfResponseFailed(ErrorHandler.java:166)
at org.openqa.selenium.remote.http.JsonHttpResponseCodec.reconstructValue(JsonHttpResponseCodec.java:40)
at org.openqa.selenium.remote.http.AbstractHttpResponseCodec.decode(AbstractHttpResponseCodec.java:80)
at org.openqa.selenium.remote.http.AbstractHttpResponseCodec.decode(AbstractHttpResponseCodec.java:44)
at org.openqa.selenium.remote.HttpCommandExecutor.execute(HttpCommandExecutor.java:158)
at io.appium.java_client.remote.AppiumCommandExecutor.execute(AppiumCommandExecutor.java:239)
at org.openqa.selenium.remote.RemoteWebDriver.execute(RemoteWebDriver.java:552)
at io.appium.java_client.DefaultGenericMobileDriver.execute(DefaultGenericMobileDriver.java:41)
at io.appium.java_client.AppiumDriver.execute(AppiumDriver.java:1)
at io.appium.java_client.android.AndroidDriver.execute(AndroidDriver.java:1)
at org.openqa.selenium.remote.RemoteWebDriver.findElement(RemoteWebDriver.java:323)
at io.appium.java_client.DefaultGenericMobileDriver.findElement(DefaultGenericMobileDriver.java:61)
at io.appium.java_client.AppiumDriver.findElement(AppiumDriver.java:1)
at io.appium.java_client.android.AndroidDriver.findElement(AndroidDriver.java:1)
at org.openqa.selenium.remote.RemoteWebDriver.findElementByXPath(RemoteWebDriver.java:428)
at io.appium.java_client.DefaultGenericMobileDriver.findElementByXPath(DefaultGenericMobileDriver.java:151)
at io.appium.java_client.AppiumDriver.findElementByXPath(AppiumDriver.java:1)
at io.appium.java_client.android.AndroidDriver.findElementByXPath(AndroidDriver.java:1)
at org.openqa.selenium.By$ByXPath.findElement(By.java:353)
at org.openqa.selenium.remote.RemoteWebDriver.findElement(RemoteWebDriver.java:315)
at io.appium.java_client.DefaultGenericMobileDriver.findElement(DefaultGenericMobileDriver.java:57)
at io.appium.java_client.AppiumDriver.findElement(AppiumDriver.java:1)
at io.appium.java_client.android.AndroidDriver.findElement(AndroidDriver.java:1)
at pageobjects.LoginScreenPO.verifyCompanyUserLoggedIn(LoginScreenPO.java:237)
at testcases.login.android.LoginCompanyEmailPassAndroid.verifyEmployerLoggedIn(LoginCompanyEmailPassAndroid.java:32)
at java.base/jdk.internal.reflect.NativeMethodAccessorImpl.invoke0(Native Method)
at java.base/jdk.internal.reflect.NativeMethodAccessorImpl.invoke(NativeMethodAccessorImpl.java:62)
at java.base/jdk.internal.reflect.DelegatingMethodAccessorImpl.invoke(DelegatingMethodAccessorImpl.java:43)
at java.base/java.lang.reflect.Method.invoke(Method.java:567)
at org.testng.internal.MethodInvocationHelper.invokeMethod(MethodInvocationHelper.java:134)
at org.testng.internal.TestInvoker.invokeMethod(TestInvoker.java:597)
at org.testng.internal.TestInvoker.invokeTestMethod(TestInvoker.java:173)
at org.testng.internal.MethodRunner.runInSequence(MethodRunner.java:46)
at org.testng.internal.TestInvoker$MethodInvocationAgent.invoke(TestInvoker.java:816)
at org.testng.internal.TestInvoker.invokeTestMethods(TestInvoker.java:146)
at org.testng.internal.TestMethodWorker.invokeTestMethods(TestMethodWorker.java:146)
at org.testng.internal.TestMethodWorker.run(TestMethodWorker.java:128)
at java.base/java.util.concurrent.ThreadPoolExecutor.runWorker(ThreadPoolExecutor.java:1128)
at java.base/java.util.concurrent.ThreadPoolExecutor$Worker.run(ThreadPoolExecutor.java:628)
at java.base/java.lang.Thread.run(Thread.java:830)
]]>
    </failure>
  </testcase> <!-- verifyEmployerLoggedIn -->
  <testcase classname="testcases.login.iOS.LoginEmployeeEmailPassiOS" name="verifyEmployeeLoggedIn" time="0.001">
    <failure type="java.lang.NullPointerException">
      <![CDATA[java.lang.NullPointerException
at testcases.login.iOS.LoginEmployeeEmailPassiOS.verifyEmployeeLoggedIn(LoginEmployeeEmailPassiOS.java:34)
at java.base/jdk.internal.reflect.NativeMethodAccessorImpl.invoke0(Native Method)
at java.base/jdk.internal.reflect.NativeMethodAccessorImpl.invoke(NativeMethodAccessorImpl.java:62)
at java.base/jdk.internal.reflect.DelegatingMethodAccessorImpl.invoke(DelegatingMethodAccessorImpl.java:43)
at java.base/java.lang.reflect.Method.invoke(Method.java:567)
at org.testng.internal.MethodInvocationHelper.invokeMethod(MethodInvocationHelper.java:134)
at org.testng.internal.TestInvoker.invokeMethod(TestInvoker.java:597)
at org.testng.internal.TestInvoker.invokeTestMethod(TestInvoker.java:173)
at org.testng.internal.MethodRunner.runInSequence(MethodRunner.java:46)
at org.testng.internal.TestInvoker$MethodInvocationAgent.invoke(TestInvoker.java:816)
at org.testng.internal.TestInvoker.invokeTestMethods(TestInvoker.java:146)
at org.testng.internal.TestMethodWorker.invokeTestMethods(TestMethodWorker.java:146)
at org.testng.internal.TestMethodWorker.run(TestMethodWorker.java:128)
at java.base/java.util.concurrent.ThreadPoolExecutor.runWorker(ThreadPoolExecutor.java:1128)
at java.base/java.util.concurrent.ThreadPoolExecutor$Worker.run(ThreadPoolExecutor.java:628)
at java.base/java.lang.Thread.run(Thread.java:830)
]]>
    </failure>
  </testcase> <!-- verifyEmployeeLoggedIn -->
  <testcase classname="testcases.login.iOS.LoginCompanyEmailPassiOS" name="openApplication" time="0.0"/>
  <testcase classname="testcases.login.android.LoginWrongPassAndroid" name="openApplication" time="0.001"/>
  <testcase classname="testcases.login.iOS.LoginCompanyEmailPassiOS" name="loginwithEmployerAccount" time="1.411">
    <failure type="org.openqa.selenium.WebDriverException" message="Session not started or terminated (WARNING: The server did not provide any stacktrace information)
Command duration or timeout: 0 milliseconds
Build info: version: &amp;apos;3.141.59&amp;apos;, revision: &amp;apos;e82be7d358&amp;apos;, time: &amp;apos;2018-11-14T08:17:03&amp;apos;
System info: host: &amp;apos;DEJANB&amp;apos;, ip: &amp;apos;10.21.25.10&amp;apos;, os.name: &amp;apos;Windows 10&amp;apos;, os.arch: &amp;apos;amd64&amp;apos;, os.version: &amp;apos;10.0&amp;apos;, java.version: &amp;apos;13.0.2&amp;apos;
Driver info: io.appium.java_client.ios.IOSDriver
Capabilities {64bit: false, acceptSslCert: false, acceptSslCerts: false, appium_port: 8080, autoAcceptAlerts: true, automationName: XCUITest, bootstrapPath: /usr/local/.browserstack/co..., browserName: , browserstack.appiumLogs: true, browserstack.appiumVersion: 1.15.0, browserstack.appium_version: 1.15.0, browserstack.debug: false, browserstack.deviceLogs: true, browserstack.ie.noFlash: false, browserstack.isTargetBased: false, browserstack.minOSVersion: 10.0, browserstack.tunnelIdentifier: , browserstack.video: true, browserstack.video.disableWaterMark: false, buildName: 5.1.0 QA, bundleID: com.aktech.opentemp, bundleId: com.aktech.opentemp, databaseEnabled: false, detected_language: selenium/3.141.59 (java win..., device: iphone, deviceName: iPhone 11, deviceOrientation: portrait, javascriptEnabled: true, locationContextEnabled: false, mobile: {browser: mobile, version: iPhone 11-13.3}, networkConnectionEnabled: false, newCommandTimeout: 100, noReset: true, orientation: PORTRAIT, orig_os: ios, os_version: 13.3, platform: MAC, platformName: iOS, platformVersion: 12.1, projectName: OpenTemp Project, proxy_type: node, realMobile: true, safariIgnoreFraudWarning: true, safariInitialUrl: http://mobile-internet-chec..., sessionName: Login with Employee email/p..., showXcodeLog: true, takesScreenshot: true, udid: 00008030-0004581C0E80802E, useXctestrunFile: true, version: , waitForQuiescence: false, wdaStartupRetries: 3, wda_port: 8400, webStorageEnabled: false, webkitResponseTimeout: 20000}
Session ID: 3b66bb21f5335b68fc7774fcbdd5ee387ebd06e2">
      <![CDATA[org.openqa.selenium.WebDriverException: Session not started or terminated (WARNING: The server did not provide any stacktrace information)
Command duration or timeout: 0 milliseconds
Build info: version: '3.141.59', revision: 'e82be7d358', time: '2018-11-14T08:17:03'
System info: host: 'DEJANB', ip: '10.21.25.10', os.name: 'Windows 10', os.arch: 'amd64', os.version: '10.0', java.version: '13.0.2'
Driver info: io.appium.java_client.ios.IOSDriver
Capabilities {64bit: false, acceptSslCert: false, acceptSslCerts: false, appium_port: 8080, autoAcceptAlerts: true, automationName: XCUITest, bootstrapPath: /usr/local/.browserstack/co..., browserName: , browserstack.appiumLogs: true, browserstack.appiumVersion: 1.15.0, browserstack.appium_version: 1.15.0, browserstack.debug: false, browserstack.deviceLogs: true, browserstack.ie.noFlash: false, browserstack.isTargetBased: false, browserstack.minOSVersion: 10.0, browserstack.tunnelIdentifier: , browserstack.video: true, browserstack.video.disableWaterMark: false, buildName: 5.1.0 QA, bundleID: com.aktech.opentemp, bundleId: com.aktech.opentemp, databaseEnabled: false, detected_language: selenium/3.141.59 (java win..., device: iphone, deviceName: iPhone 11, deviceOrientation: portrait, javascriptEnabled: true, locationContextEnabled: false, mobile: {browser: mobile, version: iPhone 11-13.3}, networkConnectionEnabled: false, newCommandTimeout: 100, noReset: true, orientation: PORTRAIT, orig_os: ios, os_version: 13.3, platform: MAC, platformName: iOS, platformVersion: 12.1, projectName: OpenTemp Project, proxy_type: node, realMobile: true, safariIgnoreFraudWarning: true, safariInitialUrl: http://mobile-internet-chec..., sessionName: Login with Employee email/p..., showXcodeLog: true, takesScreenshot: true, udid: 00008030-0004581C0E80802E, useXctestrunFile: true, version: , waitForQuiescence: false, wdaStartupRetries: 3, wda_port: 8400, webStorageEnabled: false, webkitResponseTimeout: 20000}
Session ID: 3b66bb21f5335b68fc7774fcbdd5ee387ebd06e2
at java.base/jdk.internal.reflect.NativeConstructorAccessorImpl.newInstance0(Native Method)
at java.base/jdk.internal.reflect.NativeConstructorAccessorImpl.newInstance(NativeConstructorAccessorImpl.java:62)
at java.base/jdk.internal.reflect.DelegatingConstructorAccessorImpl.newInstance(DelegatingConstructorAccessorImpl.java:45)
at java.base/java.lang.reflect.Constructor.newInstanceWithCaller(Constructor.java:500)
at java.base/java.lang.reflect.Constructor.newInstance(Constructor.java:481)
at org.openqa.selenium.remote.ErrorHandler.createThrowable(ErrorHandler.java:214)
at org.openqa.selenium.remote.ErrorHandler.throwIfResponseFailed(ErrorHandler.java:166)
at org.openqa.selenium.remote.http.JsonHttpResponseCodec.reconstructValue(JsonHttpResponseCodec.java:40)
at org.openqa.selenium.remote.http.AbstractHttpResponseCodec.decode(AbstractHttpResponseCodec.java:80)
at org.openqa.selenium.remote.http.AbstractHttpResponseCodec.decode(AbstractHttpResponseCodec.java:44)
at org.openqa.selenium.remote.HttpCommandExecutor.execute(HttpCommandExecutor.java:158)
at io.appium.java_client.remote.AppiumCommandExecutor.execute(AppiumCommandExecutor.java:239)
at org.openqa.selenium.remote.RemoteWebDriver.execute(RemoteWebDriver.java:552)
at io.appium.java_client.DefaultGenericMobileDriver.execute(DefaultGenericMobileDriver.java:41)
at io.appium.java_client.AppiumDriver.execute(AppiumDriver.java:1)
at io.appium.java_client.ios.IOSDriver.execute(IOSDriver.java:1)
at org.openqa.selenium.remote.RemoteWebDriver$RemoteWebDriverOptions$RemoteTimeouts.implicitlyWait(RemoteWebDriver.java:780)
at pageobjects.HomeScreenPO.tapOnGetStartedButtoniOS(HomeScreenPO.java:29)
at testcases.login.iOS.LoginCompanyEmailPassiOS.loginwithEmployerAccount(LoginCompanyEmailPassiOS.java:27)
at java.base/jdk.internal.reflect.NativeMethodAccessorImpl.invoke0(Native Method)
at java.base/jdk.internal.reflect.NativeMethodAccessorImpl.invoke(NativeMethodAccessorImpl.java:62)
at java.base/jdk.internal.reflect.DelegatingMethodAccessorImpl.invoke(DelegatingMethodAccessorImpl.java:43)
at java.base/java.lang.reflect.Method.invoke(Method.java:567)
at org.testng.internal.MethodInvocationHelper.invokeMethod(MethodInvocationHelper.java:134)
at org.testng.internal.TestInvoker.invokeMethod(TestInvoker.java:597)
at org.testng.internal.TestInvoker.invokeTestMethod(TestInvoker.java:173)
at org.testng.internal.MethodRunner.runInSequence(MethodRunner.java:46)
at org.testng.internal.TestInvoker$MethodInvocationAgent.invoke(TestInvoker.java:816)
at org.testng.internal.TestInvoker.invokeTestMethods(TestInvoker.java:146)
at org.testng.internal.TestMethodWorker.invokeTestMethods(TestMethodWorker.java:146)
at org.testng.internal.TestMethodWorker.run(TestMethodWorker.java:128)
at java.base/java.util.concurrent.ThreadPoolExecutor.runWorker(ThreadPoolExecutor.java:1128)
at java.base/java.util.concurrent.ThreadPoolExecutor$Worker.run(ThreadPoolExecutor.java:628)
at java.base/java.lang.Thread.run(Thread.java:830)
]]>
    </failure>
  </testcase> <!-- loginwithEmployerAccount -->
  <testcase classname="testcases.login.android.LoginWrongPassAndroid" name="tryLoginWrongPassword" time="30.17">
    <failure type="org.openqa.selenium.NoSuchElementException" message="An element could not be located on the page using the given search parameters. (WARNING: The server did not provide any stacktrace information)
Command duration or timeout: 0 milliseconds
For documentation on this error, please visit: https://www.seleniumhq.org/exceptions/no_such_element.html
Build info: version: &amp;apos;3.141.59&amp;apos;, revision: &amp;apos;e82be7d358&amp;apos;, time: &amp;apos;2018-11-14T08:17:03&amp;apos;
System info: host: &amp;apos;DEJANB&amp;apos;, ip: &amp;apos;10.21.25.10&amp;apos;, os.name: &amp;apos;Windows 10&amp;apos;, os.arch: &amp;apos;amd64&amp;apos;, os.version: &amp;apos;10.0&amp;apos;, java.version: &amp;apos;13.0.2&amp;apos;
Driver info: io.appium.java_client.android.AndroidDriver
Capabilities {64bit: false, acceptSslCert: false, acceptSslCerts: false, appActivity: crc64c7fff72d92944489.Forms..., appPackage: org.ak_tech.opentemp, appium_port: 38082, autoGrantPermissions: true, automationName: UiAutomator2, browserstack.appiumLogs: true, browserstack.appiumVersion: 1.15.0, browserstack.appium_version: 1.15.0, browserstack.debug: false, browserstack.deviceLogs: true, browserstack.ie.noFlash: false, browserstack.minOSVersion: 5.0, browserstack.tunnelIdentifier: , browserstack.video: true, browserstack.video.disableWaterMark: false, buildName: 5.3.0 QA, bundleID: org.ak_tech.opentemp, chromeOptions: {w3c: false}, customFullReset: true, databaseEnabled: false, detected_language: selenium/3.141.59 (java win..., device: google pixel 3, deviceApiLevel: 29, deviceManufacturer: Google, deviceModel: Pixel 3, deviceName: 898X06K4E, deviceScreenDensity: 440, deviceScreenSize: 1080x2160, deviceUDID: 898X06K4E, enablePerformanceLogging: false, javascriptEnabled: true, locationContextEnabled: false, mobile: {browser: mobile, version: Google Pixel 3-10.0}, nativeWebScreenshot: true, networkConnectionEnabled: true, newCommandTimeout: 100, noReset: true, noSign: true, orientation: PORTRAIT, orig_os: android, os_version: 10.0, pixelRatio: 2.75, platform: ANDROID, platformName: Android, platformVersion: 10, projectName: OpenTemp Project, proxy_type: node, realMobile: true, sessionName: Negative Login scenario - w..., setWebContentsDebuggingEnabled: true, statBarHeight: 66, systemPort: 8202, takesScreenshot: true, udid: 898X06K4E, version: , viewportRect: {height: 1962, left: 0, top: 66, width: 1080}, warnings: {}, webStorageEnabled: false}
Session ID: 5e66bf41efdc4e7276d9d50b4b923839adf90c87
*** Element info: {Using=xpath, value=//android.widget.TextView[@text=&amp;apos;Get Started&amp;apos;]}">
      <![CDATA[org.openqa.selenium.NoSuchElementException: An element could not be located on the page using the given search parameters. (WARNING: The server did not provide any stacktrace information)
Command duration or timeout: 0 milliseconds
For documentation on this error, please visit: https://www.seleniumhq.org/exceptions/no_such_element.html
Build info: version: '3.141.59', revision: 'e82be7d358', time: '2018-11-14T08:17:03'
System info: host: 'DEJANB', ip: '10.21.25.10', os.name: 'Windows 10', os.arch: 'amd64', os.version: '10.0', java.version: '13.0.2'
Driver info: io.appium.java_client.android.AndroidDriver
Capabilities {64bit: false, acceptSslCert: false, acceptSslCerts: false, appActivity: crc64c7fff72d92944489.Forms..., appPackage: org.ak_tech.opentemp, appium_port: 38082, autoGrantPermissions: true, automationName: UiAutomator2, browserstack.appiumLogs: true, browserstack.appiumVersion: 1.15.0, browserstack.appium_version: 1.15.0, browserstack.debug: false, browserstack.deviceLogs: true, browserstack.ie.noFlash: false, browserstack.minOSVersion: 5.0, browserstack.tunnelIdentifier: , browserstack.video: true, browserstack.video.disableWaterMark: false, buildName: 5.3.0 QA, bundleID: org.ak_tech.opentemp, chromeOptions: {w3c: false}, customFullReset: true, databaseEnabled: false, detected_language: selenium/3.141.59 (java win..., device: google pixel 3, deviceApiLevel: 29, deviceManufacturer: Google, deviceModel: Pixel 3, deviceName: 898X06K4E, deviceScreenDensity: 440, deviceScreenSize: 1080x2160, deviceUDID: 898X06K4E, enablePerformanceLogging: false, javascriptEnabled: true, locationContextEnabled: false, mobile: {browser: mobile, version: Google Pixel 3-10.0}, nativeWebScreenshot: true, networkConnectionEnabled: true, newCommandTimeout: 100, noReset: true, noSign: true, orientation: PORTRAIT, orig_os: android, os_version: 10.0, pixelRatio: 2.75, platform: ANDROID, platformName: Android, platformVersion: 10, projectName: OpenTemp Project, proxy_type: node, realMobile: true, sessionName: Negative Login scenario - w..., setWebContentsDebuggingEnabled: true, statBarHeight: 66, systemPort: 8202, takesScreenshot: true, udid: 898X06K4E, version: , viewportRect: {height: 1962, left: 0, top: 66, width: 1080}, warnings: {}, webStorageEnabled: false}
Session ID: 5e66bf41efdc4e7276d9d50b4b923839adf90c87
*** Element info: {Using=xpath, value=//android.widget.TextView[@text='Get Started']}
at java.base/jdk.internal.reflect.NativeConstructorAccessorImpl.newInstance0(Native Method)
at java.base/jdk.internal.reflect.NativeConstructorAccessorImpl.newInstance(NativeConstructorAccessorImpl.java:62)
at java.base/jdk.internal.reflect.DelegatingConstructorAccessorImpl.newInstance(DelegatingConstructorAccessorImpl.java:45)
at java.base/java.lang.reflect.Constructor.newInstanceWithCaller(Constructor.java:500)
at java.base/java.lang.reflect.Constructor.newInstance(Constructor.java:481)
at org.openqa.selenium.remote.ErrorHandler.createThrowable(ErrorHandler.java:214)
at org.openqa.selenium.remote.ErrorHandler.throwIfResponseFailed(ErrorHandler.java:166)
at org.openqa.selenium.remote.http.JsonHttpResponseCodec.reconstructValue(JsonHttpResponseCodec.java:40)
at org.openqa.selenium.remote.http.AbstractHttpResponseCodec.decode(AbstractHttpResponseCodec.java:80)
at org.openqa.selenium.remote.http.AbstractHttpResponseCodec.decode(AbstractHttpResponseCodec.java:44)
at org.openqa.selenium.remote.HttpCommandExecutor.execute(HttpCommandExecutor.java:158)
at io.appium.java_client.remote.AppiumCommandExecutor.execute(AppiumCommandExecutor.java:239)
at org.openqa.selenium.remote.RemoteWebDriver.execute(RemoteWebDriver.java:552)
at io.appium.java_client.DefaultGenericMobileDriver.execute(DefaultGenericMobileDriver.java:41)
at io.appium.java_client.AppiumDriver.execute(AppiumDriver.java:1)
at io.appium.java_client.android.AndroidDriver.execute(AndroidDriver.java:1)
at org.openqa.selenium.remote.RemoteWebDriver.findElement(RemoteWebDriver.java:323)
at io.appium.java_client.DefaultGenericMobileDriver.findElement(DefaultGenericMobileDriver.java:61)
at io.appium.java_client.AppiumDriver.findElement(AppiumDriver.java:1)
at io.appium.java_client.android.AndroidDriver.findElement(AndroidDriver.java:1)
at org.openqa.selenium.remote.RemoteWebDriver.findElementByXPath(RemoteWebDriver.java:428)
at io.appium.java_client.DefaultGenericMobileDriver.findElementByXPath(DefaultGenericMobileDriver.java:151)
at io.appium.java_client.AppiumDriver.findElementByXPath(AppiumDriver.java:1)
at io.appium.java_client.android.AndroidDriver.findElementByXPath(AndroidDriver.java:1)
at org.openqa.selenium.By$ByXPath.findElement(By.java:353)
at org.openqa.selenium.remote.RemoteWebDriver.findElement(RemoteWebDriver.java:315)
at io.appium.java_client.DefaultGenericMobileDriver.findElement(DefaultGenericMobileDriver.java:57)
at io.appium.java_client.AppiumDriver.findElement(AppiumDriver.java:1)
at io.appium.java_client.android.AndroidDriver.findElement(AndroidDriver.java:1)
at pageobjects.HomeScreenPO.tapOnGetStartedButton(HomeScreenPO.java:21)
at testcases.login.android.LoginWrongPassAndroid.tryLoginWrongPassword(LoginWrongPassAndroid.java:26)
at java.base/jdk.internal.reflect.NativeMethodAccessorImpl.invoke0(Native Method)
at java.base/jdk.internal.reflect.NativeMethodAccessorImpl.invoke(NativeMethodAccessorImpl.java:62)
at java.base/jdk.internal.reflect.DelegatingMethodAccessorImpl.invoke(DelegatingMethodAccessorImpl.java:43)
at java.base/java.lang.reflect.Method.invoke(Method.java:567)
at org.testng.internal.MethodInvocationHelper.invokeMethod(MethodInvocationHelper.java:134)
at org.testng.internal.TestInvoker.invokeMethod(TestInvoker.java:597)
at org.testng.internal.TestInvoker.invokeTestMethod(TestInvoker.java:173)
at org.testng.internal.MethodRunner.runInSequence(MethodRunner.java:46)
at org.testng.internal.TestInvoker$MethodInvocationAgent.invoke(TestInvoker.java:816)
at org.testng.internal.TestInvoker.invokeTestMethods(TestInvoker.java:146)
at org.testng.internal.TestMethodWorker.invokeTestMethods(TestMethodWorker.java:146)
at org.testng.internal.TestMethodWorker.run(TestMethodWorker.java:128)
at java.base/java.util.concurrent.ThreadPoolExecutor.runWorker(ThreadPoolExecutor.java:1128)
at java.base/java.util.concurrent.ThreadPoolExecutor$Worker.run(ThreadPoolExecutor.java:628)
at java.base/java.lang.Thread.run(Thread.java:830)
]]>
    </failure>
  </testcase> <!-- tryLoginWrongPassword -->
  <testcase classname="testcases.login.iOS.LoginCompanyEmailPassiOS" name="verifyEmployerLoggedIn" time="0.0">
    <failure type="java.lang.NullPointerException">
      <![CDATA[java.lang.NullPointerException
at testcases.login.iOS.LoginCompanyEmailPassiOS.verifyEmployerLoggedIn(LoginCompanyEmailPassiOS.java:33)
at java.base/jdk.internal.reflect.NativeMethodAccessorImpl.invoke0(Native Method)
at java.base/jdk.internal.reflect.NativeMethodAccessorImpl.invoke(NativeMethodAccessorImpl.java:62)
at java.base/jdk.internal.reflect.DelegatingMethodAccessorImpl.invoke(DelegatingMethodAccessorImpl.java:43)
at java.base/java.lang.reflect.Method.invoke(Method.java:567)
at org.testng.internal.MethodInvocationHelper.invokeMethod(MethodInvocationHelper.java:134)
at org.testng.internal.TestInvoker.invokeMethod(TestInvoker.java:597)
at org.testng.internal.TestInvoker.invokeTestMethod(TestInvoker.java:173)
at org.testng.internal.MethodRunner.runInSequence(MethodRunner.java:46)
at org.testng.internal.TestInvoker$MethodInvocationAgent.invoke(TestInvoker.java:816)
at org.testng.internal.TestInvoker.invokeTestMethods(TestInvoker.java:146)
at org.testng.internal.TestMethodWorker.invokeTestMethods(TestMethodWorker.java:146)
at org.testng.internal.TestMethodWorker.run(TestMethodWorker.java:128)
at java.base/java.util.concurrent.ThreadPoolExecutor.runWorker(ThreadPoolExecutor.java:1128)
at java.base/java.util.concurrent.ThreadPoolExecutor$Worker.run(ThreadPoolExecutor.java:628)
at java.base/java.lang.Thread.run(Thread.java:830)
]]>
    </failure>
  </testcase> <!-- verifyEmployerLoggedIn -->
  <testcase classname="testcases.login.android.LoginWrongPassAndroid" name="verifyWrongPassword" time="0.001">
    <failure type="java.lang.NullPointerException">
      <![CDATA[java.lang.NullPointerException
at testcases.login.android.LoginWrongPassAndroid.verifyWrongPassword(LoginWrongPassAndroid.java:32)
at java.base/jdk.internal.reflect.NativeMethodAccessorImpl.invoke0(Native Method)
at java.base/jdk.internal.reflect.NativeMethodAccessorImpl.invoke(NativeMethodAccessorImpl.java:62)
at java.base/jdk.internal.reflect.DelegatingMethodAccessorImpl.invoke(DelegatingMethodAccessorImpl.java:43)
at java.base/java.lang.reflect.Method.invoke(Method.java:567)
at org.testng.internal.MethodInvocationHelper.invokeMethod(MethodInvocationHelper.java:134)
at org.testng.internal.TestInvoker.invokeMethod(TestInvoker.java:597)
at org.testng.internal.TestInvoker.invokeTestMethod(TestInvoker.java:173)
at org.testng.internal.MethodRunner.runInSequence(MethodRunner.java:46)
at org.testng.internal.TestInvoker$MethodInvocationAgent.invoke(TestInvoker.java:816)
at org.testng.internal.TestInvoker.invokeTestMethods(TestInvoker.java:146)
at org.testng.internal.TestMethodWorker.invokeTestMethods(TestMethodWorker.java:146)
at org.testng.internal.TestMethodWorker.run(TestMethodWorker.java:128)
at java.base/java.util.concurrent.ThreadPoolExecutor.runWorker(ThreadPoolExecutor.java:1128)
at java.base/java.util.concurrent.ThreadPoolExecutor$Worker.run(ThreadPoolExecutor.java:628)
at java.base/java.lang.Thread.run(Thread.java:830)
]]>
    </failure>
  </testcase> <!-- verifyWrongPassword -->
  <testcase classname="testcases.login.android.LoginWrongEmailAndroid" name="openApplication" time="0.0"/>
  <testcase classname="testcases.login.android.LoginWrongEmailAndroid" name="tryLoginWrongPassword" time="30.516">
    <failure type="org.openqa.selenium.NoSuchElementException" message="An element could not be located on the page using the given search parameters. (WARNING: The server did not provide any stacktrace information)
Command duration or timeout: 0 milliseconds
For documentation on this error, please visit: https://www.seleniumhq.org/exceptions/no_such_element.html
Build info: version: &amp;apos;3.141.59&amp;apos;, revision: &amp;apos;e82be7d358&amp;apos;, time: &amp;apos;2018-11-14T08:17:03&amp;apos;
System info: host: &amp;apos;DEJANB&amp;apos;, ip: &amp;apos;10.21.25.10&amp;apos;, os.name: &amp;apos;Windows 10&amp;apos;, os.arch: &amp;apos;amd64&amp;apos;, os.version: &amp;apos;10.0&amp;apos;, java.version: &amp;apos;13.0.2&amp;apos;
Driver info: io.appium.java_client.android.AndroidDriver
Capabilities {64bit: false, acceptSslCert: false, acceptSslCerts: false, appActivity: crc64c7fff72d92944489.Forms..., appPackage: org.ak_tech.opentemp, appium_port: 38082, autoGrantPermissions: true, automationName: UiAutomator2, browserstack.appiumLogs: true, browserstack.appiumVersion: 1.15.0, browserstack.appium_version: 1.15.0, browserstack.debug: false, browserstack.deviceLogs: true, browserstack.ie.noFlash: false, browserstack.minOSVersion: 5.0, browserstack.tunnelIdentifier: , browserstack.video: true, browserstack.video.disableWaterMark: false, buildName: 5.3.0 QA, bundleID: org.ak_tech.opentemp, chromeOptions: {w3c: false}, customFullReset: true, databaseEnabled: false, detected_language: selenium/3.141.59 (java win..., device: google pixel 3, deviceApiLevel: 29, deviceManufacturer: Google, deviceModel: Pixel 3, deviceName: 898X06K4E, deviceScreenDensity: 440, deviceScreenSize: 1080x2160, deviceUDID: 898X06K4E, enablePerformanceLogging: false, javascriptEnabled: true, locationContextEnabled: false, mobile: {browser: mobile, version: Google Pixel 3-10.0}, nativeWebScreenshot: true, networkConnectionEnabled: true, newCommandTimeout: 100, noReset: true, noSign: true, orientation: PORTRAIT, orig_os: android, os_version: 10.0, pixelRatio: 2.75, platform: ANDROID, platformName: Android, platformVersion: 10, projectName: OpenTemp Project, proxy_type: node, realMobile: true, sessionName: Negative Login scenario - w..., setWebContentsDebuggingEnabled: true, statBarHeight: 66, systemPort: 8202, takesScreenshot: true, udid: 898X06K4E, version: , viewportRect: {height: 1962, left: 0, top: 66, width: 1080}, warnings: {}, webStorageEnabled: false}
Session ID: 5e66bf41efdc4e7276d9d50b4b923839adf90c87
*** Element info: {Using=xpath, value=//android.widget.TextView[@text=&amp;apos;Get Started&amp;apos;]}">
      <![CDATA[org.openqa.selenium.NoSuchElementException: An element could not be located on the page using the given search parameters. (WARNING: The server did not provide any stacktrace information)
Command duration or timeout: 0 milliseconds
For documentation on this error, please visit: https://www.seleniumhq.org/exceptions/no_such_element.html
Build info: version: '3.141.59', revision: 'e82be7d358', time: '2018-11-14T08:17:03'
System info: host: 'DEJANB', ip: '10.21.25.10', os.name: 'Windows 10', os.arch: 'amd64', os.version: '10.0', java.version: '13.0.2'
Driver info: io.appium.java_client.android.AndroidDriver
Capabilities {64bit: false, acceptSslCert: false, acceptSslCerts: false, appActivity: crc64c7fff72d92944489.Forms..., appPackage: org.ak_tech.opentemp, appium_port: 38082, autoGrantPermissions: true, automationName: UiAutomator2, browserstack.appiumLogs: true, browserstack.appiumVersion: 1.15.0, browserstack.appium_version: 1.15.0, browserstack.debug: false, browserstack.deviceLogs: true, browserstack.ie.noFlash: false, browserstack.minOSVersion: 5.0, browserstack.tunnelIdentifier: , browserstack.video: true, browserstack.video.disableWaterMark: false, buildName: 5.3.0 QA, bundleID: org.ak_tech.opentemp, chromeOptions: {w3c: false}, customFullReset: true, databaseEnabled: false, detected_language: selenium/3.141.59 (java win..., device: google pixel 3, deviceApiLevel: 29, deviceManufacturer: Google, deviceModel: Pixel 3, deviceName: 898X06K4E, deviceScreenDensity: 440, deviceScreenSize: 1080x2160, deviceUDID: 898X06K4E, enablePerformanceLogging: false, javascriptEnabled: true, locationContextEnabled: false, mobile: {browser: mobile, version: Google Pixel 3-10.0}, nativeWebScreenshot: true, networkConnectionEnabled: true, newCommandTimeout: 100, noReset: true, noSign: true, orientation: PORTRAIT, orig_os: android, os_version: 10.0, pixelRatio: 2.75, platform: ANDROID, platformName: Android, platformVersion: 10, projectName: OpenTemp Project, proxy_type: node, realMobile: true, sessionName: Negative Login scenario - w..., setWebContentsDebuggingEnabled: true, statBarHeight: 66, systemPort: 8202, takesScreenshot: true, udid: 898X06K4E, version: , viewportRect: {height: 1962, left: 0, top: 66, width: 1080}, warnings: {}, webStorageEnabled: false}
Session ID: 5e66bf41efdc4e7276d9d50b4b923839adf90c87
*** Element info: {Using=xpath, value=//android.widget.TextView[@text='Get Started']}
at java.base/jdk.internal.reflect.NativeConstructorAccessorImpl.newInstance0(Native Method)
at java.base/jdk.internal.reflect.NativeConstructorAccessorImpl.newInstance(NativeConstructorAccessorImpl.java:62)
at java.base/jdk.internal.reflect.DelegatingConstructorAccessorImpl.newInstance(DelegatingConstructorAccessorImpl.java:45)
at java.base/java.lang.reflect.Constructor.newInstanceWithCaller(Constructor.java:500)
at java.base/java.lang.reflect.Constructor.newInstance(Constructor.java:481)
at org.openqa.selenium.remote.ErrorHandler.createThrowable(ErrorHandler.java:214)
at org.openqa.selenium.remote.ErrorHandler.throwIfResponseFailed(ErrorHandler.java:166)
at org.openqa.selenium.remote.http.JsonHttpResponseCodec.reconstructValue(JsonHttpResponseCodec.java:40)
at org.openqa.selenium.remote.http.AbstractHttpResponseCodec.decode(AbstractHttpResponseCodec.java:80)
at org.openqa.selenium.remote.http.AbstractHttpResponseCodec.decode(AbstractHttpResponseCodec.java:44)
at org.openqa.selenium.remote.HttpCommandExecutor.execute(HttpCommandExecutor.java:158)
at io.appium.java_client.remote.AppiumCommandExecutor.execute(AppiumCommandExecutor.java:239)
at org.openqa.selenium.remote.RemoteWebDriver.execute(RemoteWebDriver.java:552)
at io.appium.java_client.DefaultGenericMobileDriver.execute(DefaultGenericMobileDriver.java:41)
at io.appium.java_client.AppiumDriver.execute(AppiumDriver.java:1)
at io.appium.java_client.android.AndroidDriver.execute(AndroidDriver.java:1)
at org.openqa.selenium.remote.RemoteWebDriver.findElement(RemoteWebDriver.java:323)
at io.appium.java_client.DefaultGenericMobileDriver.findElement(DefaultGenericMobileDriver.java:61)
at io.appium.java_client.AppiumDriver.findElement(AppiumDriver.java:1)
at io.appium.java_client.android.AndroidDriver.findElement(AndroidDriver.java:1)
at org.openqa.selenium.remote.RemoteWebDriver.findElementByXPath(RemoteWebDriver.java:428)
at io.appium.java_client.DefaultGenericMobileDriver.findElementByXPath(DefaultGenericMobileDriver.java:151)
at io.appium.java_client.AppiumDriver.findElementByXPath(AppiumDriver.java:1)
at io.appium.java_client.android.AndroidDriver.findElementByXPath(AndroidDriver.java:1)
at org.openqa.selenium.By$ByXPath.findElement(By.java:353)
at org.openqa.selenium.remote.RemoteWebDriver.findElement(RemoteWebDriver.java:315)
at io.appium.java_client.DefaultGenericMobileDriver.findElement(DefaultGenericMobileDriver.java:57)
at io.appium.java_client.AppiumDriver.findElement(AppiumDriver.java:1)
at io.appium.java_client.android.AndroidDriver.findElement(AndroidDriver.java:1)
at pageobjects.HomeScreenPO.tapOnGetStartedButton(HomeScreenPO.java:21)
at testcases.login.android.LoginWrongEmailAndroid.tryLoginWrongPassword(LoginWrongEmailAndroid.java:26)
at java.base/jdk.internal.reflect.NativeMethodAccessorImpl.invoke0(Native Method)
at java.base/jdk.internal.reflect.NativeMethodAccessorImpl.invoke(NativeMethodAccessorImpl.java:62)
at java.base/jdk.internal.reflect.DelegatingMethodAccessorImpl.invoke(DelegatingMethodAccessorImpl.java:43)
at java.base/java.lang.reflect.Method.invoke(Method.java:567)
at org.testng.internal.MethodInvocationHelper.invokeMethod(MethodInvocationHelper.java:134)
at org.testng.internal.TestInvoker.invokeMethod(TestInvoker.java:597)
at org.testng.internal.TestInvoker.invokeTestMethod(TestInvoker.java:173)
at org.testng.internal.MethodRunner.runInSequence(MethodRunner.java:46)
at org.testng.internal.TestInvoker$MethodInvocationAgent.invoke(TestInvoker.java:816)
at org.testng.internal.TestInvoker.invokeTestMethods(TestInvoker.java:146)
at org.testng.internal.TestMethodWorker.invokeTestMethods(TestMethodWorker.java:146)
at org.testng.internal.TestMethodWorker.run(TestMethodWorker.java:128)
at java.base/java.util.concurrent.ThreadPoolExecutor.runWorker(ThreadPoolExecutor.java:1128)
at java.base/java.util.concurrent.ThreadPoolExecutor$Worker.run(ThreadPoolExecutor.java:628)
at java.base/java.lang.Thread.run(Thread.java:830)
]]>
    </failure>
  </testcase> <!-- tryLoginWrongPassword -->
  <testcase classname="testcases.login.android.LoginWrongEmailAndroid" name="verifyWrongEmail" time="0.0">
    <failure type="java.lang.NullPointerException">
      <![CDATA[java.lang.NullPointerException
at testcases.login.android.LoginWrongEmailAndroid.verifyWrongEmail(LoginWrongEmailAndroid.java:32)
at java.base/jdk.internal.reflect.NativeMethodAccessorImpl.invoke0(Native Method)
at java.base/jdk.internal.reflect.NativeMethodAccessorImpl.invoke(NativeMethodAccessorImpl.java:62)
at java.base/jdk.internal.reflect.DelegatingMethodAccessorImpl.invoke(DelegatingMethodAccessorImpl.java:43)
at java.base/java.lang.reflect.Method.invoke(Method.java:567)
at org.testng.internal.MethodInvocationHelper.invokeMethod(MethodInvocationHelper.java:134)
at org.testng.internal.TestInvoker.invokeMethod(TestInvoker.java:597)
at org.testng.internal.TestInvoker.invokeTestMethod(TestInvoker.java:173)
at org.testng.internal.MethodRunner.runInSequence(MethodRunner.java:46)
at org.testng.internal.TestInvoker$MethodInvocationAgent.invoke(TestInvoker.java:816)
at org.testng.internal.TestInvoker.invokeTestMethods(TestInvoker.java:146)
at org.testng.internal.TestMethodWorker.invokeTestMethods(TestMethodWorker.java:146)
at org.testng.internal.TestMethodWorker.run(TestMethodWorker.java:128)
at java.base/java.util.concurrent.ThreadPoolExecutor.runWorker(ThreadPoolExecutor.java:1128)
at java.base/java.util.concurrent.ThreadPoolExecutor$Worker.run(ThreadPoolExecutor.java:628)
at java.base/java.lang.Thread.run(Thread.java:830)
]]>
    </failure>
  </testcase> <!-- verifyWrongEmail -->
  <testcase classname="testcases.BaseTest" name="@AfterSuite tearDownAppium" time="0.0">
    <ignored/>
  </testcase> <!-- @AfterSuite tearDownAppium -->
  <testcase classname="testcases.BaseTest" name="@AfterSuite tearDownAppium" time="0.0">
    <ignored/>
  </testcase> <!-- @AfterSuite tearDownAppium -->
  <testcase classname="testcases.BaseTest" name="@AfterSuite tearDownAppium" time="0.0">
    <ignored/>
  </testcase> <!-- @AfterSuite tearDownAppium -->
  <testcase classname="testcases.BaseTest" name="@AfterSuite tearDownAppium" time="0.0">
    <ignored/>
  </testcase> <!-- @AfterSuite tearDownAppium -->
  <testcase classname="testcases.BaseTest" name="@AfterSuite tearDownAppium" time="0.0">
    <ignored/>
  </testcase> <!-- @AfterSuite tearDownAppium -->
  <testcase classname="testcases.BaseTest" name="@AfterSuite tearDownAppium" time="0.0">
    <ignored/>
  </testcase> <!-- @AfterSuite tearDownAppium -->
</testsuite> <!-- C:/Users/dejan.b/IdeaProjects/OpenTempAutomatedTests -->
