<?xml version="1.0" encoding="UTF-8"?>
<!-- Generated by org.testng.reporters.JUnitReportReporter -->
<testsuite hostname="dejanb" failures="0" tests="9" name="testcases.login.iOS.LoginWrongEmailiOS" time="79.263" errors="3" timestamp="2020-04-25T01:37:21 EEST" skipped="0">
  <testcase classname="testcases.login.iOS.LoginWrongEmailiOS" name="openApplication" time="0.004"/>
  <system-out/>
  <testcase classname="testcases.login.iOS.LoginWrongEmailiOS" name="openApplication" time="0.004"/>
  <system-out/>
  <testcase classname="testcases.login.iOS.LoginWrongEmailiOS" name="openApplication" time="0.004"/>
  <system-out/>
  <testcase classname="testcases.login.iOS.LoginWrongEmailiOS" name="tryLoginWrongPassword" time="23.709">
    <error message="An element could not be located on the page using the given search parameters. (WARNING: The server did not provide any stacktrace information)
Command duration or timeout: 0 milliseconds
For documentation on this error, please visit: https://www.seleniumhq.org/exceptions/no_such_element.html
Build info: version: &#039;3.141.59&#039;, revision: &#039;e82be7d358&#039;, time: &#039;2018-11-14T08:17:03&#039;
System info: host: &#039;DEJANB&#039;, ip: &#039;10.21.25.10&#039;, os.name: &#039;Windows 10&#039;, os.arch: &#039;amd64&#039;, os.version: &#039;10.0&#039;, java.version: &#039;13.0.2&#039;
Driver info: io.appium.java_client.ios.IOSDriver
Capabilities {64bit: false, acceptSslCert: false, acceptSslCerts: false, appium_port: 8086, autoAcceptAlerts: true, automationName: XCUITest, bootstrapPath: /usr/local/.browserstack/co..., browserName: , browserstack.appiumLogs: true, browserstack.appium_version: 1.16.0, browserstack.debug: false, browserstack.deviceLogs: true, browserstack.ie.noFlash: false, browserstack.isTargetBased: false, browserstack.minOSVersion: 10.0, browserstack.tunnelIdentifier: , browserstack.video: true, browserstack.video.disableWaterMark: false, buildName: 5.4.6 QAiPhone 11 Pro, bundleID: com.aktech.opentemp, bundleId: com.aktech.opentemp, databaseEnabled: false, detected_language: selenium/3.141.59 (java win..., device: iphone, deviceName: iPhone 11 Pro, deviceOrientation: portrait, javascriptEnabled: true, locationContextEnabled: false, mobile: {browser: mobile, version: iPhone 11 Pro-13.2}, networkConnectionEnabled: false, newCommandTimeout: 100, new_bucketing: true, noReset: true, orientation: PORTRAIT, orig_os: ios, os_version: 13.3, platform: MAC, platformName: iOS, platformVersion: 12.1, projectName: OpenTemp Project, proxy_type: node, realMobile: true, safariIgnoreFraudWarning: true, safariInitialUrl: http://mobile-internet-chec..., sessionName: Negative login scenario - w..., takesScreenshot: true, udid: 00008030-001E2CAA1128802E, useXctestrunFile: true, version: , waitForQuiescence: false, wdaStartupRetries: 3, wda_port: 28406, webStorageEnabled: false, webkitResponseTimeout: 20000}
Session ID: 310f0cba659c76d78f333dd8e1097f961370be5e
*** Element info: {Using=xpath, value=(//XCUIElementTypeStaticText[@name=&quot;Email Address&quot;])[1]}" type="org.openqa.selenium.NoSuchElementException">
      <![CDATA[org.openqa.selenium.NoSuchElementException: An element could not be located on the page using the given search parameters. (WARNING: The server did not provide any stacktrace information)
Command duration or timeout: 0 milliseconds
For documentation on this error, please visit: https://www.seleniumhq.org/exceptions/no_such_element.html
Build info: version: '3.141.59', revision: 'e82be7d358', time: '2018-11-14T08:17:03'
System info: host: 'DEJANB', ip: '10.21.25.10', os.name: 'Windows 10', os.arch: 'amd64', os.version: '10.0', java.version: '13.0.2'
Driver info: io.appium.java_client.ios.IOSDriver
Capabilities {64bit: false, acceptSslCert: false, acceptSslCerts: false, appium_port: 8086, autoAcceptAlerts: true, automationName: XCUITest, bootstrapPath: /usr/local/.browserstack/co..., browserName: , browserstack.appiumLogs: true, browserstack.appium_version: 1.16.0, browserstack.debug: false, browserstack.deviceLogs: true, browserstack.ie.noFlash: false, browserstack.isTargetBased: false, browserstack.minOSVersion: 10.0, browserstack.tunnelIdentifier: , browserstack.video: true, browserstack.video.disableWaterMark: false, buildName: 5.4.6 QAiPhone 11 Pro, bundleID: com.aktech.opentemp, bundleId: com.aktech.opentemp, databaseEnabled: false, detected_language: selenium/3.141.59 (java win..., device: iphone, deviceName: iPhone 11 Pro, deviceOrientation: portrait, javascriptEnabled: true, locationContextEnabled: false, mobile: {browser: mobile, version: iPhone 11 Pro-13.2}, networkConnectionEnabled: false, newCommandTimeout: 100, new_bucketing: true, noReset: true, orientation: PORTRAIT, orig_os: ios, os_version: 13.3, platform: MAC, platformName: iOS, platformVersion: 12.1, projectName: OpenTemp Project, proxy_type: node, realMobile: true, safariIgnoreFraudWarning: true, safariInitialUrl: http://mobile-internet-chec..., sessionName: Negative login scenario - w..., takesScreenshot: true, udid: 00008030-001E2CAA1128802E, useXctestrunFile: true, version: , waitForQuiescence: false, wdaStartupRetries: 3, wda_port: 28406, webStorageEnabled: false, webkitResponseTimeout: 20000}
Session ID: 310f0cba659c76d78f333dd8e1097f961370be5e
*** Element info: {Using=xpath, value=(//XCUIElementTypeStaticText[@name="Email Address"])[1]}
at java.base/jdk.internal.reflect.NativeConstructorAccessorImpl.newInstance0(Native Method)
at java.base/jdk.internal.reflect.NativeConstructorAccessorImpl.newInstance(NativeConstructorAccessorImpl.java:62)
at java.base/jdk.internal.reflect.DelegatingConstructorAccessorImpl.newInstance(DelegatingConstructorAccessorImpl.java:45)
at java.base/java.lang.reflect.Constructor.newInstanceWithCaller(Constructor.java:500)
at java.base/java.lang.reflect.Constructor.newInstance(Constructor.java:481)
at org.openqa.selenium.remote.ErrorHandler.createThrowable(ErrorHandler.java:214)
at org.openqa.selenium.remote.ErrorHandler.throwIfResponseFailed(ErrorHandler.java:166)
at org.openqa.selenium.remote.http.JsonHttpResponseCodec.reconstructValue(JsonHttpResponseCodec.java:40)
at org.openqa.selenium.remote.http.AbstractHttpResponseCodec.decode(AbstractHttpResponseCodec.java:80)
at org.openqa.selenium.remote.http.AbstractHttpResponseCodec.decode(AbstractHttpResponseCodec.java:44)
at org.openqa.selenium.remote.HttpCommandExecutor.execute(HttpCommandExecutor.java:158)
at io.appium.java_client.remote.AppiumCommandExecutor.execute(AppiumCommandExecutor.java:239)
at org.openqa.selenium.remote.RemoteWebDriver.execute(RemoteWebDriver.java:552)
at io.appium.java_client.DefaultGenericMobileDriver.execute(DefaultGenericMobileDriver.java:41)
at io.appium.java_client.AppiumDriver.execute(AppiumDriver.java:1)
at io.appium.java_client.ios.IOSDriver.execute(IOSDriver.java:1)
at org.openqa.selenium.remote.RemoteWebDriver.findElement(RemoteWebDriver.java:323)
at io.appium.java_client.DefaultGenericMobileDriver.findElement(DefaultGenericMobileDriver.java:61)
at io.appium.java_client.AppiumDriver.findElement(AppiumDriver.java:1)
at io.appium.java_client.ios.IOSDriver.findElement(IOSDriver.java:1)
at org.openqa.selenium.remote.RemoteWebDriver.findElementByXPath(RemoteWebDriver.java:428)
at io.appium.java_client.DefaultGenericMobileDriver.findElementByXPath(DefaultGenericMobileDriver.java:151)
at io.appium.java_client.AppiumDriver.findElementByXPath(AppiumDriver.java:1)
at io.appium.java_client.ios.IOSDriver.findElementByXPath(IOSDriver.java:1)
at pageobjects.LoginScreenPO.loginWrongEmailiOS(LoginScreenPO.java:221)
at testcases.login.iOS.LoginWrongEmailiOS.tryLoginWrongPassword(LoginWrongEmailiOS.java:28)
at java.base/jdk.internal.reflect.NativeMethodAccessorImpl.invoke0(Native Method)
at java.base/jdk.internal.reflect.NativeMethodAccessorImpl.invoke(NativeMethodAccessorImpl.java:62)
at java.base/jdk.internal.reflect.DelegatingMethodAccessorImpl.invoke(DelegatingMethodAccessorImpl.java:43)
at java.base/java.lang.reflect.Method.invoke(Method.java:567)
at org.testng.internal.MethodInvocationHelper.invokeMethod(MethodInvocationHelper.java:134)
at org.testng.internal.TestInvoker.invokeMethod(TestInvoker.java:597)
at org.testng.internal.TestInvoker.invokeTestMethod(TestInvoker.java:173)
at org.testng.internal.MethodRunner.runInSequence(MethodRunner.java:46)
at org.testng.internal.TestInvoker$MethodInvocationAgent.invoke(TestInvoker.java:816)
at org.testng.internal.TestInvoker.invokeTestMethods(TestInvoker.java:146)
at org.testng.internal.TestMethodWorker.invokeTestMethods(TestMethodWorker.java:146)
at org.testng.internal.TestMethodWorker.run(TestMethodWorker.java:128)
at java.base/java.util.ArrayList.forEach(ArrayList.java:1507)
at org.testng.TestRunner.privateRun(TestRunner.java:766)
at org.testng.TestRunner.run(TestRunner.java:587)
at org.testng.SuiteRunner.runTest(SuiteRunner.java:384)
at org.testng.SuiteRunner.runSequentially(SuiteRunner.java:378)
at org.testng.SuiteRunner.privateRun(SuiteRunner.java:337)
at org.testng.SuiteRunner.run(SuiteRunner.java:286)
at org.testng.SuiteRunnerWorker.runSuite(SuiteRunnerWorker.java:53)
at org.testng.SuiteRunnerWorker.run(SuiteRunnerWorker.java:96)
at org.testng.TestNG.runSuitesSequentially(TestNG.java:1187)
at org.testng.TestNG.runSuitesLocally(TestNG.java:1109)
at org.testng.TestNG.runSuites(TestNG.java:1039)
at org.testng.TestNG.run(TestNG.java:1007)
at com.intellij.rt.testng.IDEARemoteTestNG.run(IDEARemoteTestNG.java:66)
at com.intellij.rt.testng.RemoteTestNGStarter.main(RemoteTestNGStarter.java:110)
]]>
    </error>
  </testcase> <!-- tryLoginWrongPassword -->
  <system-out/>
  <testcase classname="testcases.login.iOS.LoginWrongEmailiOS" name="tryLoginWrongPassword" time="30.514">
    <error message="An element could not be located on the page using the given search parameters. (WARNING: The server did not provide any stacktrace information)
Command duration or timeout: 0 milliseconds
For documentation on this error, please visit: https://www.seleniumhq.org/exceptions/no_such_element.html
Build info: version: &#039;3.141.59&#039;, revision: &#039;e82be7d358&#039;, time: &#039;2018-11-14T08:17:03&#039;
System info: host: &#039;DEJANB&#039;, ip: &#039;10.21.25.10&#039;, os.name: &#039;Windows 10&#039;, os.arch: &#039;amd64&#039;, os.version: &#039;10.0&#039;, java.version: &#039;13.0.2&#039;
Driver info: io.appium.java_client.ios.IOSDriver
Capabilities {64bit: false, acceptSslCert: false, acceptSslCerts: false, appium_port: 8083, autoAcceptAlerts: true, automationName: XCUITest, bootstrapPath: /usr/local/.browserstack/co..., browserName: , browserstack.appiumLogs: true, browserstack.appium_version: 1.16.0, browserstack.debug: false, browserstack.deviceLogs: true, browserstack.ie.noFlash: false, browserstack.isTargetBased: false, browserstack.minOSVersion: 10.0, browserstack.tunnelIdentifier: , browserstack.video: true, browserstack.video.disableWaterMark: false, buildName: 5.4.6 QAiPhone XS, bundleID: com.aktech.opentemp, bundleId: com.aktech.opentemp, databaseEnabled: false, detected_language: selenium/3.141.59 (java win..., device: iphone, deviceName: iPhone XS, deviceOrientation: portrait, javascriptEnabled: true, locationContextEnabled: false, mobile: {browser: mobile, version: iPhone XS-13.3}, networkConnectionEnabled: false, newCommandTimeout: 100, new_bucketing: true, noReset: true, orientation: PORTRAIT, orig_os: ios, os_version: 13.3, platform: MAC, platformName: iOS, platformVersion: 12.1, projectName: OpenTemp Project, proxy_type: node, realMobile: true, safariIgnoreFraudWarning: true, safariInitialUrl: http://mobile-internet-chec..., sessionName: Negative login scenario - w..., takesScreenshot: true, udid: 00008020-001268AC0186002E, useXctestrunFile: true, version: , waitForQuiescence: false, wdaStartupRetries: 3, wda_port: 28403, webStorageEnabled: false, webkitResponseTimeout: 20000}
Session ID: dfcf702bace04b5bd02b5e9199ad2ef37498733c
*** Element info: {Using=xpath, value=(//XCUIElementTypeStaticText[@name=&quot;Email Address&quot;])[1]}" type="org.openqa.selenium.NoSuchElementException">
      <![CDATA[org.openqa.selenium.NoSuchElementException: An element could not be located on the page using the given search parameters. (WARNING: The server did not provide any stacktrace information)
Command duration or timeout: 0 milliseconds
For documentation on this error, please visit: https://www.seleniumhq.org/exceptions/no_such_element.html
Build info: version: '3.141.59', revision: 'e82be7d358', time: '2018-11-14T08:17:03'
System info: host: 'DEJANB', ip: '10.21.25.10', os.name: 'Windows 10', os.arch: 'amd64', os.version: '10.0', java.version: '13.0.2'
Driver info: io.appium.java_client.ios.IOSDriver
Capabilities {64bit: false, acceptSslCert: false, acceptSslCerts: false, appium_port: 8083, autoAcceptAlerts: true, automationName: XCUITest, bootstrapPath: /usr/local/.browserstack/co..., browserName: , browserstack.appiumLogs: true, browserstack.appium_version: 1.16.0, browserstack.debug: false, browserstack.deviceLogs: true, browserstack.ie.noFlash: false, browserstack.isTargetBased: false, browserstack.minOSVersion: 10.0, browserstack.tunnelIdentifier: , browserstack.video: true, browserstack.video.disableWaterMark: false, buildName: 5.4.6 QAiPhone XS, bundleID: com.aktech.opentemp, bundleId: com.aktech.opentemp, databaseEnabled: false, detected_language: selenium/3.141.59 (java win..., device: iphone, deviceName: iPhone XS, deviceOrientation: portrait, javascriptEnabled: true, locationContextEnabled: false, mobile: {browser: mobile, version: iPhone XS-13.3}, networkConnectionEnabled: false, newCommandTimeout: 100, new_bucketing: true, noReset: true, orientation: PORTRAIT, orig_os: ios, os_version: 13.3, platform: MAC, platformName: iOS, platformVersion: 12.1, projectName: OpenTemp Project, proxy_type: node, realMobile: true, safariIgnoreFraudWarning: true, safariInitialUrl: http://mobile-internet-chec..., sessionName: Negative login scenario - w..., takesScreenshot: true, udid: 00008020-001268AC0186002E, useXctestrunFile: true, version: , waitForQuiescence: false, wdaStartupRetries: 3, wda_port: 28403, webStorageEnabled: false, webkitResponseTimeout: 20000}
Session ID: dfcf702bace04b5bd02b5e9199ad2ef37498733c
*** Element info: {Using=xpath, value=(//XCUIElementTypeStaticText[@name="Email Address"])[1]}
at jdk.internal.reflect.GeneratedConstructorAccessor22.newInstance(Unknown Source)
at java.base/jdk.internal.reflect.DelegatingConstructorAccessorImpl.newInstance(DelegatingConstructorAccessorImpl.java:45)
at java.base/java.lang.reflect.Constructor.newInstanceWithCaller(Constructor.java:500)
at java.base/java.lang.reflect.Constructor.newInstance(Constructor.java:481)
at org.openqa.selenium.remote.ErrorHandler.createThrowable(ErrorHandler.java:214)
at org.openqa.selenium.remote.ErrorHandler.throwIfResponseFailed(ErrorHandler.java:166)
at org.openqa.selenium.remote.http.JsonHttpResponseCodec.reconstructValue(JsonHttpResponseCodec.java:40)
at org.openqa.selenium.remote.http.AbstractHttpResponseCodec.decode(AbstractHttpResponseCodec.java:80)
at org.openqa.selenium.remote.http.AbstractHttpResponseCodec.decode(AbstractHttpResponseCodec.java:44)
at org.openqa.selenium.remote.HttpCommandExecutor.execute(HttpCommandExecutor.java:158)
at io.appium.java_client.remote.AppiumCommandExecutor.execute(AppiumCommandExecutor.java:239)
at org.openqa.selenium.remote.RemoteWebDriver.execute(RemoteWebDriver.java:552)
at io.appium.java_client.DefaultGenericMobileDriver.execute(DefaultGenericMobileDriver.java:41)
at io.appium.java_client.AppiumDriver.execute(AppiumDriver.java:1)
at io.appium.java_client.ios.IOSDriver.execute(IOSDriver.java:1)
at org.openqa.selenium.remote.RemoteWebDriver.findElement(RemoteWebDriver.java:323)
at io.appium.java_client.DefaultGenericMobileDriver.findElement(DefaultGenericMobileDriver.java:61)
at io.appium.java_client.AppiumDriver.findElement(AppiumDriver.java:1)
at io.appium.java_client.ios.IOSDriver.findElement(IOSDriver.java:1)
at org.openqa.selenium.remote.RemoteWebDriver.findElementByXPath(RemoteWebDriver.java:428)
at io.appium.java_client.DefaultGenericMobileDriver.findElementByXPath(DefaultGenericMobileDriver.java:151)
at io.appium.java_client.AppiumDriver.findElementByXPath(AppiumDriver.java:1)
at io.appium.java_client.ios.IOSDriver.findElementByXPath(IOSDriver.java:1)
at pageobjects.LoginScreenPO.loginWrongEmailiOS(LoginScreenPO.java:221)
at testcases.login.iOS.LoginWrongEmailiOS.tryLoginWrongPassword(LoginWrongEmailiOS.java:28)
at java.base/jdk.internal.reflect.NativeMethodAccessorImpl.invoke0(Native Method)
at java.base/jdk.internal.reflect.NativeMethodAccessorImpl.invoke(NativeMethodAccessorImpl.java:62)
at java.base/jdk.internal.reflect.DelegatingMethodAccessorImpl.invoke(DelegatingMethodAccessorImpl.java:43)
at java.base/java.lang.reflect.Method.invoke(Method.java:567)
at org.testng.internal.MethodInvocationHelper.invokeMethod(MethodInvocationHelper.java:134)
at org.testng.internal.TestInvoker.invokeMethod(TestInvoker.java:597)
at org.testng.internal.TestInvoker.invokeTestMethod(TestInvoker.java:173)
at org.testng.internal.MethodRunner.runInSequence(MethodRunner.java:46)
at org.testng.internal.TestInvoker$MethodInvocationAgent.invoke(TestInvoker.java:816)
at org.testng.internal.TestInvoker.invokeTestMethods(TestInvoker.java:146)
at org.testng.internal.TestMethodWorker.invokeTestMethods(TestMethodWorker.java:146)
at org.testng.internal.TestMethodWorker.run(TestMethodWorker.java:128)
at java.base/java.util.ArrayList.forEach(ArrayList.java:1507)
at org.testng.TestRunner.privateRun(TestRunner.java:766)
at org.testng.TestRunner.run(TestRunner.java:587)
at org.testng.SuiteRunner.runTest(SuiteRunner.java:384)
at org.testng.SuiteRunner.runSequentially(SuiteRunner.java:378)
at org.testng.SuiteRunner.privateRun(SuiteRunner.java:337)
at org.testng.SuiteRunner.run(SuiteRunner.java:286)
at org.testng.SuiteRunnerWorker.runSuite(SuiteRunnerWorker.java:53)
at org.testng.SuiteRunnerWorker.run(SuiteRunnerWorker.java:96)
at org.testng.TestNG.runSuitesSequentially(TestNG.java:1187)
at org.testng.TestNG.runSuitesLocally(TestNG.java:1109)
at org.testng.TestNG.runSuites(TestNG.java:1039)
at org.testng.TestNG.run(TestNG.java:1007)
at com.intellij.rt.testng.IDEARemoteTestNG.run(IDEARemoteTestNG.java:66)
at com.intellij.rt.testng.RemoteTestNGStarter.main(RemoteTestNGStarter.java:110)
]]>
    </error>
  </testcase> <!-- tryLoginWrongPassword -->
  <system-out/>
  <testcase classname="testcases.login.iOS.LoginWrongEmailiOS" name="tryLoginWrongPassword" time="23.902">
    <error message="An element could not be located on the page using the given search parameters. (WARNING: The server did not provide any stacktrace information)
Command duration or timeout: 0 milliseconds
For documentation on this error, please visit: https://www.seleniumhq.org/exceptions/no_such_element.html
Build info: version: &#039;3.141.59&#039;, revision: &#039;e82be7d358&#039;, time: &#039;2018-11-14T08:17:03&#039;
System info: host: &#039;DEJANB&#039;, ip: &#039;10.21.25.10&#039;, os.name: &#039;Windows 10&#039;, os.arch: &#039;amd64&#039;, os.version: &#039;10.0&#039;, java.version: &#039;13.0.2&#039;
Driver info: io.appium.java_client.ios.IOSDriver
Capabilities {64bit: false, acceptSslCert: false, acceptSslCerts: false, appium_port: 8080, autoAcceptAlerts: true, automationName: XCUITest, bootstrapPath: /usr/local/.browserstack/co..., browserName: , browserstack.appiumLogs: true, browserstack.appium_version: 1.16.0, browserstack.debug: false, browserstack.deviceLogs: true, browserstack.ie.noFlash: false, browserstack.isTargetBased: false, browserstack.minOSVersion: 10.0, browserstack.tunnelIdentifier: , browserstack.video: true, browserstack.video.disableWaterMark: false, buildName: 5.4.6 QAiPhone 11, bundleID: com.aktech.opentemp, bundleId: com.aktech.opentemp, databaseEnabled: false, detected_language: selenium/3.141.59 (java win..., device: iphone, deviceName: iPhone 11, deviceOrientation: portrait, javascriptEnabled: true, locationContextEnabled: false, mobile: {browser: mobile, version: iPhone 11-13.3}, networkConnectionEnabled: false, newCommandTimeout: 100, new_bucketing: true, noReset: true, orientation: PORTRAIT, orig_os: ios, os_version: 13.3, platform: MAC, platformName: iOS, platformVersion: 12.1, projectName: OpenTemp Project, proxy_type: node, realMobile: true, safariIgnoreFraudWarning: true, safariInitialUrl: http://mobile-internet-chec..., sessionName: Negative login scenario - w..., takesScreenshot: true, udid: 00008030-0004581C0E80802E, useXctestrunFile: true, version: , waitForQuiescence: false, wdaStartupRetries: 3, wda_port: 28400, webStorageEnabled: false, webkitResponseTimeout: 20000}
Session ID: 5edf9df9ec13fcde3c4676c0a0ac423079b969d5
*** Element info: {Using=xpath, value=(//XCUIElementTypeStaticText[@name=&quot;Email Address&quot;])[1]}" type="org.openqa.selenium.NoSuchElementException">
      <![CDATA[org.openqa.selenium.NoSuchElementException: An element could not be located on the page using the given search parameters. (WARNING: The server did not provide any stacktrace information)
Command duration or timeout: 0 milliseconds
For documentation on this error, please visit: https://www.seleniumhq.org/exceptions/no_such_element.html
Build info: version: '3.141.59', revision: 'e82be7d358', time: '2018-11-14T08:17:03'
System info: host: 'DEJANB', ip: '10.21.25.10', os.name: 'Windows 10', os.arch: 'amd64', os.version: '10.0', java.version: '13.0.2'
Driver info: io.appium.java_client.ios.IOSDriver
Capabilities {64bit: false, acceptSslCert: false, acceptSslCerts: false, appium_port: 8080, autoAcceptAlerts: true, automationName: XCUITest, bootstrapPath: /usr/local/.browserstack/co..., browserName: , browserstack.appiumLogs: true, browserstack.appium_version: 1.16.0, browserstack.debug: false, browserstack.deviceLogs: true, browserstack.ie.noFlash: false, browserstack.isTargetBased: false, browserstack.minOSVersion: 10.0, browserstack.tunnelIdentifier: , browserstack.video: true, browserstack.video.disableWaterMark: false, buildName: 5.4.6 QAiPhone 11, bundleID: com.aktech.opentemp, bundleId: com.aktech.opentemp, databaseEnabled: false, detected_language: selenium/3.141.59 (java win..., device: iphone, deviceName: iPhone 11, deviceOrientation: portrait, javascriptEnabled: true, locationContextEnabled: false, mobile: {browser: mobile, version: iPhone 11-13.3}, networkConnectionEnabled: false, newCommandTimeout: 100, new_bucketing: true, noReset: true, orientation: PORTRAIT, orig_os: ios, os_version: 13.3, platform: MAC, platformName: iOS, platformVersion: 12.1, projectName: OpenTemp Project, proxy_type: node, realMobile: true, safariIgnoreFraudWarning: true, safariInitialUrl: http://mobile-internet-chec..., sessionName: Negative login scenario - w..., takesScreenshot: true, udid: 00008030-0004581C0E80802E, useXctestrunFile: true, version: , waitForQuiescence: false, wdaStartupRetries: 3, wda_port: 28400, webStorageEnabled: false, webkitResponseTimeout: 20000}
Session ID: 5edf9df9ec13fcde3c4676c0a0ac423079b969d5
*** Element info: {Using=xpath, value=(//XCUIElementTypeStaticText[@name="Email Address"])[1]}
at java.base/jdk.internal.reflect.NativeConstructorAccessorImpl.newInstance0(Native Method)
at java.base/jdk.internal.reflect.NativeConstructorAccessorImpl.newInstance(NativeConstructorAccessorImpl.java:62)
at java.base/jdk.internal.reflect.DelegatingConstructorAccessorImpl.newInstance(DelegatingConstructorAccessorImpl.java:45)
at java.base/java.lang.reflect.Constructor.newInstanceWithCaller(Constructor.java:500)
at java.base/java.lang.reflect.Constructor.newInstance(Constructor.java:481)
at org.openqa.selenium.remote.ErrorHandler.createThrowable(ErrorHandler.java:214)
at org.openqa.selenium.remote.ErrorHandler.throwIfResponseFailed(ErrorHandler.java:166)
at org.openqa.selenium.remote.http.JsonHttpResponseCodec.reconstructValue(JsonHttpResponseCodec.java:40)
at org.openqa.selenium.remote.http.AbstractHttpResponseCodec.decode(AbstractHttpResponseCodec.java:80)
at org.openqa.selenium.remote.http.AbstractHttpResponseCodec.decode(AbstractHttpResponseCodec.java:44)
at org.openqa.selenium.remote.HttpCommandExecutor.execute(HttpCommandExecutor.java:158)
at io.appium.java_client.remote.AppiumCommandExecutor.execute(AppiumCommandExecutor.java:239)
at org.openqa.selenium.remote.RemoteWebDriver.execute(RemoteWebDriver.java:552)
at io.appium.java_client.DefaultGenericMobileDriver.execute(DefaultGenericMobileDriver.java:41)
at io.appium.java_client.AppiumDriver.execute(AppiumDriver.java:1)
at io.appium.java_client.ios.IOSDriver.execute(IOSDriver.java:1)
at org.openqa.selenium.remote.RemoteWebDriver.findElement(RemoteWebDriver.java:323)
at io.appium.java_client.DefaultGenericMobileDriver.findElement(DefaultGenericMobileDriver.java:61)
at io.appium.java_client.AppiumDriver.findElement(AppiumDriver.java:1)
at io.appium.java_client.ios.IOSDriver.findElement(IOSDriver.java:1)
at org.openqa.selenium.remote.RemoteWebDriver.findElementByXPath(RemoteWebDriver.java:428)
at io.appium.java_client.DefaultGenericMobileDriver.findElementByXPath(DefaultGenericMobileDriver.java:151)
at io.appium.java_client.AppiumDriver.findElementByXPath(AppiumDriver.java:1)
at io.appium.java_client.ios.IOSDriver.findElementByXPath(IOSDriver.java:1)
at pageobjects.LoginScreenPO.loginWrongEmailiOS(LoginScreenPO.java:221)
at testcases.login.iOS.LoginWrongEmailiOS.tryLoginWrongPassword(LoginWrongEmailiOS.java:28)
at java.base/jdk.internal.reflect.NativeMethodAccessorImpl.invoke0(Native Method)
at java.base/jdk.internal.reflect.NativeMethodAccessorImpl.invoke(NativeMethodAccessorImpl.java:62)
at java.base/jdk.internal.reflect.DelegatingMethodAccessorImpl.invoke(DelegatingMethodAccessorImpl.java:43)
at java.base/java.lang.reflect.Method.invoke(Method.java:567)
at org.testng.internal.MethodInvocationHelper.invokeMethod(MethodInvocationHelper.java:134)
at org.testng.internal.TestInvoker.invokeMethod(TestInvoker.java:597)
at org.testng.internal.TestInvoker.invokeTestMethod(TestInvoker.java:173)
at org.testng.internal.MethodRunner.runInSequence(MethodRunner.java:46)
at org.testng.internal.TestInvoker$MethodInvocationAgent.invoke(TestInvoker.java:816)
at org.testng.internal.TestInvoker.invokeTestMethods(TestInvoker.java:146)
at org.testng.internal.TestMethodWorker.invokeTestMethods(TestMethodWorker.java:146)
at org.testng.internal.TestMethodWorker.run(TestMethodWorker.java:128)
at java.base/java.util.ArrayList.forEach(ArrayList.java:1507)
at org.testng.TestRunner.privateRun(TestRunner.java:766)
at org.testng.TestRunner.run(TestRunner.java:587)
at org.testng.SuiteRunner.runTest(SuiteRunner.java:384)
at org.testng.SuiteRunner.runSequentially(SuiteRunner.java:378)
at org.testng.SuiteRunner.privateRun(SuiteRunner.java:337)
at org.testng.SuiteRunner.run(SuiteRunner.java:286)
at org.testng.SuiteRunnerWorker.runSuite(SuiteRunnerWorker.java:53)
at org.testng.SuiteRunnerWorker.run(SuiteRunnerWorker.java:96)
at org.testng.TestNG.runSuitesSequentially(TestNG.java:1187)
at org.testng.TestNG.runSuitesLocally(TestNG.java:1109)
at org.testng.TestNG.runSuites(TestNG.java:1039)
at org.testng.TestNG.run(TestNG.java:1007)
at com.intellij.rt.testng.IDEARemoteTestNG.run(IDEARemoteTestNG.java:66)
at com.intellij.rt.testng.RemoteTestNGStarter.main(RemoteTestNGStarter.java:110)
]]>
    </error>
  </testcase> <!-- tryLoginWrongPassword -->
  <system-out/>
  <testcase classname="testcases.login.iOS.LoginWrongEmailiOS" name="verifyWrongEmail" time="0.435"/>
  <system-out/>
  <testcase classname="testcases.login.iOS.LoginWrongEmailiOS" name="verifyWrongEmail" time="0.333"/>
  <system-out/>
  <testcase classname="testcases.login.iOS.LoginWrongEmailiOS" name="verifyWrongEmail" time="0.358"/>
  <system-out/>
</testsuite> <!-- testcases.login.iOS.LoginWrongEmailiOS -->
